This is pdfTeX, Version 3.141592653-2.6-1.40.28 (MiKTeX 25.12) (preloaded format=pdflatex 2026.4.10)  10 APR 2026 12:46
entering extended mode
 restricted \write18 enabled.
 %&-line parsing enabled.
**./pcf_unified.tex
(pcf_unified.tex
LaTeX2e <2025-11-01>
L3 programming layer <2025-12-24>
(C:\Users\shkub\AppData\Local\Programs\MiKTeX\tex/latex/base\article.cls
Document Class: article 2025/01/22 v1.4n Standard LaTeX document class
(C:\Users\shkub\AppData\Local\Programs\MiKTeX\tex/latex/base\size11.clo
File: size11.clo 2025/01/22 v1.4n Standard LaTeX file (size option)
)
\c@part=\count275
\c@section=\count276
\c@subsection=\count277
\c@subsubsection=\count278
\c@paragraph=\count279
\c@subparagraph=\count280
\c@figure=\count281
\c@table=\count282
\abovecaptionskip=\skip49
\belowcaptionskip=\skip50
\bibindent=\dimen148
)
(C:\Users\shkub\AppData\Local\Programs\MiKTeX\tex/latex/base\inputenc.sty
Package: inputenc 2024/02/08 v1.3d Input encoding file
\inpenc@prehook=\toks17
\inpenc@posthook=\toks18
)
(C:\Users\shkub\AppData\Local\Programs\MiKTeX\tex/latex/base\fontenc.sty
Package: fontenc 2025/07/18 v2.1d Standard LaTeX package
)
(C:\Users\shkub\AppData\Local\Programs\MiKTeX\tex/latex/amsmath\amsmath.sty
Package: amsmath 2025/07/09 v2.17z AMS math features
\@mathmargin=\skip51

For additional information on amsmath, use the `?' option.
(C:\Users\shkub\AppData\Local\Programs\MiKTeX\tex/latex/amsmath\amstext.sty
Package: amstext 2024/11/17 v2.01 AMS text

(C:\Users\shkub\AppData\Local\Programs\MiKTeX\tex/latex/amsmath\amsgen.sty
File: amsgen.sty 1999/11/30 v2.0 generic functions
\@emptytoks=\toks19
\ex@=\dimen149
))
(C:\Users\shkub\AppData\Local\Programs\MiKTeX\tex/latex/amsmath\amsbsy.sty
Package: amsbsy 1999/11/29 v1.2d Bold Symbols
\pmbraise@=\dimen150
)
(C:\Users\shkub\AppData\Local\Programs\MiKTeX\tex/latex/amsmath\amsopn.sty
Package: amsopn 2022/04/08 v2.04 operator names
)
\inf@bad=\count283
LaTeX Info: Redefining \frac on input line 233.
\uproot@=\count284
\leftroot@=\count285
LaTeX Info: Redefining \overline on input line 398.
LaTeX Info: Redefining \colon on input line 409.
\classnum@=\count286
\DOTSCASE@=\count287
LaTeX Info: Redefining \ldots on input line 495.
LaTeX Info: Redefining \dots on input line 498.
LaTeX Info: Redefining \cdots on input line 619.
\Mathstrutbox@=\box53
\strutbox@=\box54
LaTeX Info: Redefining \big on input line 721.
LaTeX Info: Redefining \Big on input line 722.
LaTeX Info: Redefining \bigg on input line 723.
LaTeX Info: Redefining \Bigg on input line 724.
\big@size=\dimen151
LaTeX Font Info:    Redeclaring font encoding OML on input line 742.
LaTeX Font Info:    Redeclaring font encoding OMS on input line 743.
\macc@depth=\count288
LaTeX Info: Redefining \bmod on input line 904.
LaTeX Info: Redefining \pmod on input line 909.
LaTeX Info: Redefining \smash on input line 939.
LaTeX Info: Redefining \relbar on input line 969.
LaTeX Info: Redefining \Relbar on input line 970.
\c@MaxMatrixCols=\count289
\dotsspace@=\muskip17
\c@parentequation=\count290
\dspbrk@lvl=\count291
\tag@help=\toks20
\row@=\count292
\column@=\count293
\maxfields@=\count294
\andhelp@=\toks21
\eqnshift@=\dimen152
\alignsep@=\dimen153
\tagshift@=\dimen154
\tagwidth@=\dimen155
\totwidth@=\dimen156
\lineht@=\dimen157
\@envbody=\toks22
\multlinegap=\skip52
\multlinetaggap=\skip53
\mathdisplay@stack=\toks23
LaTeX Info: Redefining \[ on input line 2950.
LaTeX Info: Redefining \] on input line 2951.
)
(C:\Users\shkub\AppData\Local\Programs\MiKTeX\tex/latex/amsfonts\amssymb.sty
Package: amssymb 2013/01/14 v3.01 AMS font symbols

(C:\Users\shkub\AppData\Local\Programs\MiKTeX\tex/latex/amsfonts\amsfonts.sty
Package: amsfonts 2013/01/14 v3.01 Basic AMSFonts support
\symAMSa=\mathgroup4
\symAMSb=\mathgroup5
LaTeX Font Info:    Redeclaring math symbol \hbar on input line 98.
LaTeX Font Info:    Overwriting math alphabet `\mathfrak' in version `bold'
(Font)                  U/euf/m/n --> U/euf/b/n on input line 106.
)) (C:\Users\shkub\AppData\Local\Programs\MiKTeX\tex/latex/amscls\amsthm.sty
Package: amsthm 2020/05/29 v2.20.6
\thm@style=\toks24
\thm@bodyfont=\toks25
\thm@headfont=\toks26
\thm@notefont=\toks27
\thm@headpunct=\toks28
\thm@preskip=\skip54
\thm@postskip=\skip55
\thm@headsep=\skip56
\dth@everypar=\toks29
)
(C:\Users\shkub\AppData\Local\Programs\MiKTeX\tex/latex/mathtools\mathtools.sty
Package: mathtools 2024/10/04 v1.31 mathematical typesetting tools
(C:\Users\shkub\AppData\Local\Programs\MiKTeX\tex/latex/graphics\keyval.sty
Package: keyval 2022/05/29 v1.15 key=value parser (DPC)
\KV@toks@=\toks30
)
(C:\Users\shkub\AppData\Local\Programs\MiKTeX\tex/latex/tools\calc.sty
Package: calc 2025/03/01 v4.3b Infix arithmetic (KKT,FJ)
\calc@Acount=\count295
\calc@Bcount=\count296
\calc@Adimen=\dimen158
\calc@Bdimen=\dimen159
\calc@Askip=\skip57
\calc@Bskip=\skip58
LaTeX Info: Redefining \setlength on input line 86.
LaTeX Info: Redefining \addtolength on input line 87.
\calc@Ccount=\count297
\calc@Cskip=\skip59
)
(C:\Users\shkub\AppData\Local\Programs\MiKTeX\tex/latex/mathtools\mhsetup.sty
Package: mhsetup 2021/03/18 v1.4 programming setup (MH)
)
\g_MT_multlinerow_int=\count298
\l_MT_multwidth_dim=\dimen160
\origjot=\skip60
\l_MT_shortvdotswithinadjustabove_dim=\dimen161
\l_MT_shortvdotswithinadjustbelow_dim=\dimen162
\l_MT_above_intertext_sep=\dimen163
\l_MT_below_intertext_sep=\dimen164
\l_MT_above_shortintertext_sep=\dimen165
\l_MT_below_shortintertext_sep=\dimen166
\xmathstrut@box=\box55
\xmathstrut@dim=\dimen167
) (C:\Users\shkub\AppData\Local\Programs\MiKTeX\tex/latex/geometry\geometry.sty
Package: geometry 2026/03/07 v6.0 Page Geometry

(C:\Users\shkub\AppData\Local\Programs\MiKTeX\tex/generic/iftex\ifvtex.sty
Package: ifvtex 2019/10/25 v1.7 ifvtex legacy package. Use iftex instead.

(C:\Users\shkub\AppData\Local\Programs\MiKTeX\tex/generic/iftex\iftex.sty
Package: iftex 2024/12/12 v1.0g TeX engine tests
))
\Gm@cnth=\count299
\Gm@cntv=\count300
\c@Gm@tempcnt=\count301
\Gm@bindingoffset=\dimen168
\Gm@wd@mp=\dimen169
\Gm@odd@mp=\dimen170
\Gm@even@mp=\dimen171
\Gm@layoutwidth=\dimen172
\Gm@layoutheight=\dimen173
\Gm@layouthoffset=\dimen174
\Gm@layoutvoffset=\dimen175
\Gm@dimlist=\toks31

(C:\Users\shkub\AppData\Local\Programs\MiKTeX\tex/latex/geometry\geometry.cfg))
(C:\Users\shkub\AppData\Local\Programs\MiKTeX\tex/latex/booktabs\booktabs.sty
Package: booktabs 2020/01/12 v1.61803398 Publication quality tables
\heavyrulewidth=\dimen176
\lightrulewidth=\dimen177
\cmidrulewidth=\dimen178
\belowrulesep=\dimen179
\belowbottomsep=\dimen180
\aboverulesep=\dimen181
\abovetopsep=\dimen182
\cmidrulesep=\dimen183
\cmidrulekern=\dimen184
\defaultaddspace=\dimen185
\@cmidla=\count302
\@cmidlb=\count303
\@aboverulesep=\dimen186
\@belowrulesep=\dimen187
\@thisruleclass=\count304
\@lastruleclass=\count305
\@thisrulewidth=\dimen188
)
(C:\Users\shkub\AppData\Local\Programs\MiKTeX\tex/latex/tools\array.sty
Package: array 2025/09/25 v2.6n Tabular extension package (FMi)
\col@sep=\dimen189
\ar@mcellbox=\box56
\extrarowheight=\dimen190
\NC@list=\toks32
\extratabsurround=\skip61
\backup@length=\skip62
\ar@cellbox=\box57
)
(C:\Users\shkub\AppData\Local\Programs\MiKTeX\tex/latex/hyperref\hyperref.sty
Package: hyperref 2025-07-12 v7.01o Hypertext links for LaTeX

(C:\Users\shkub\AppData\Local\Programs\MiKTeX\tex/latex/kvsetkeys\kvsetkeys.sty
Package: kvsetkeys 2022-10-05 v1.19 Key value parser (HO)
)
(C:\Users\shkub\AppData\Local\Programs\MiKTeX\tex/generic/kvdefinekeys\kvdefine
keys.sty
Package: kvdefinekeys 2019-12-19 v1.6 Define keys (HO)
)
(C:\Users\shkub\AppData\Local\Programs\MiKTeX\tex/generic/pdfescape\pdfescape.s
ty
Package: pdfescape 2019/12/09 v1.15 Implements pdfTeX's escape features (HO)

(C:\Users\shkub\AppData\Local\Programs\MiKTeX\tex/generic/ltxcmds\ltxcmds.sty
Package: ltxcmds 2023-12-04 v1.26 LaTeX kernel commands for general use (HO)
)
(C:\Users\shkub\AppData\Local\Programs\MiKTeX\tex/generic/pdftexcmds\pdftexcmds
.sty
Package: pdftexcmds 2020-06-27 v0.33 Utility functions of pdfTeX for LuaTeX (HO
)

(C:\Users\shkub\AppData\Local\Programs\MiKTeX\tex/generic/infwarerr\infwarerr.s
ty
Package: infwarerr 2019/12/03 v1.5 Providing info/warning/error messages (HO)
)
Package pdftexcmds Info: \pdf@primitive is available.
Package pdftexcmds Info: \pdf@ifprimitive is available.
Package pdftexcmds Info: \pdfdraftmode found.
))
(C:\Users\shkub\AppData\Local\Programs\MiKTeX\tex/latex/hycolor\hycolor.sty
Package: hycolor 2020-01-27 v1.10 Color options for hyperref/bookmark (HO)
)
(C:\Users\shkub\AppData\Local\Programs\MiKTeX\tex/latex/hyperref\nameref.sty
Package: nameref 2025-06-21 v2.57 Cross-referencing by name of section

(C:\Users\shkub\AppData\Local\Programs\MiKTeX\tex/latex/refcount\refcount.sty
Package: refcount 2019/12/15 v3.6 Data extraction from label references (HO)
)
(C:\Users\shkub\AppData\Local\Programs\MiKTeX\tex/generic/gettitlestring\gettit
lestring.sty
Package: gettitlestring 2019/12/15 v1.6 Cleanup title references (HO)

(C:\Users\shkub\AppData\Local\Programs\MiKTeX\tex/latex/kvoptions\kvoptions.sty
Package: kvoptions 2022-06-15 v3.15 Key value format for package options (HO)
))
\c@section@level=\count306
)
(C:\Users\shkub\AppData\Local\Programs\MiKTeX\tex/latex/etoolbox\etoolbox.sty
Package: etoolbox 2025/10/02 v2.5m e-TeX tools for LaTeX (JAW)
\etb@tempcnta=\count307
)
(C:\Users\shkub\AppData\Local\Programs\MiKTeX\tex/generic/stringenc\stringenc.s
ty
Package: stringenc 2019/11/29 v1.12 Convert strings between diff. encodings (HO
)
)
\@linkdim=\dimen191
\Hy@linkcounter=\count308
\Hy@pagecounter=\count309
 (C:\Users\shkub\AppData\Local\Programs\MiKTeX\tex/latex/hyperref\pd1enc.def
File: pd1enc.def 2025-07-12 v7.01o Hyperref: PDFDocEncoding definition (HO)
Now handling font encoding PD1 ...
... no UTF-8 mapping file for font encoding PD1
) (C:\Users\shkub\AppData\Local\Programs\MiKTeX\tex/generic/intcalc\intcalc.sty
Package: intcalc 2019/12/15 v1.3 Expandable calculations with integers (HO)
)
\Hy@SavedSpaceFactor=\count310
 (C:\Users\shkub\AppData\Local\Programs\MiKTeX\tex/latex/hyperref\puenc.def
File: puenc.def 2025-07-12 v7.01o Hyperref: PDF Unicode definition (HO)
Now handling font encoding PU ...
... no UTF-8 mapping file for font encoding PU
)
Package hyperref Info: Hyper figures OFF on input line 4195.
Package hyperref Info: Link nesting OFF on input line 4200.
Package hyperref Info: Hyper index ON on input line 4203.
Package hyperref Info: Plain pages OFF on input line 4210.
Package hyperref Info: Backreferencing OFF on input line 4215.
Package hyperref Info: Implicit mode ON; LaTeX internals redefined.
Package hyperref Info: Bookmarks ON on input line 4462.
\c@Hy@tempcnt=\count311

(C:\Users\shkub\AppData\Local\Programs\MiKTeX\tex/latex/url\url.sty
\Urlmuskip=\muskip18
Package: url 2013/09/16  ver 3.4  Verb mode for urls, etc.
)
LaTeX Info: Redefining \url on input line 4801.
\XeTeXLinkMargin=\dimen192

(C:\Users\shkub\AppData\Local\Programs\MiKTeX\tex/generic/bitset\bitset.sty
Package: bitset 2019/12/09 v1.3 Handle bit-vector datatype (HO)

(C:\Users\shkub\AppData\Local\Programs\MiKTeX\tex/generic/bigintcalc\bigintcalc
.sty
Package: bigintcalc 2019/12/15 v1.5 Expandable calculations on big integers (HO
)
))
\Fld@menulength=\count312
\Field@Width=\dimen193
\Fld@charsize=\dimen194
Package hyperref Info: Hyper figures OFF on input line 6078.
Package hyperref Info: Link nesting OFF on input line 6083.
Package hyperref Info: Hyper index ON on input line 6086.
Package hyperref Info: backreferencing OFF on input line 6093.
Package hyperref Info: Link coloring OFF on input line 6098.
Package hyperref Info: Link coloring with OCG OFF on input line 6103.
Package hyperref Info: PDF/A mode OFF on input line 6108.
\Hy@abspage=\count313
\c@Item=\count314
\c@Hfootnote=\count315
)
Package hyperref Info: Driver (autodetected): hpdftex.

(C:\Users\shkub\AppData\Local\Programs\MiKTeX\tex/latex/hyperref\hpdftex.def
File: hpdftex.def 2025-07-12 v7.01o Hyperref driver for pdfTeX
\Fld@listcount=\count316
\c@bookmark@seq@number=\count317

(C:\Users\shkub\AppData\Local\Programs\MiKTeX\tex/latex/rerunfilecheck\rerunfil
echeck.sty
Package: rerunfilecheck 2025-06-21 v1.11 Rerun checks for auxiliary files (HO)

(C:\Users\shkub\AppData\Local\Programs\MiKTeX\tex/generic/uniquecounter\uniquec
ounter.sty
Package: uniquecounter 2019/12/15 v1.4 Provide unlimited unique counter (HO)
)
Package uniquecounter Info: New unique counter `rerunfilecheck' on input line 2
84.
)
\Hy@SectionHShift=\skip63
)
(C:\Users\shkub\AppData\Local\Programs\MiKTeX\tex/latex/listings\listings.sty
\lst@mode=\count318
\lst@gtempboxa=\box58
\lst@token=\toks33
\lst@length=\count319
\lst@currlwidth=\dimen195
\lst@column=\count320
\lst@pos=\count321
\lst@lostspace=\dimen196
\lst@width=\dimen197
\lst@newlines=\count322
\lst@lineno=\count323
\lst@maxwidth=\dimen198

(C:\Users\shkub\AppData\Local\Programs\MiKTeX\tex/latex/listings\lstpatch.sty
File: lstpatch.sty 2025/11/14 1.11b (Carsten Heinz)
)
(C:\Users\shkub\AppData\Local\Programs\MiKTeX\tex/latex/listings\lstmisc.sty
File: lstmisc.sty 2025/11/14 1.11b (Carsten Heinz)
\c@lstnumber=\count324
\lst@skipnumbers=\count325
\lst@framebox=\box59
)
(C:\Users\shkub\AppData\Local\Programs\MiKTeX\tex/latex/listings\listings.cfg
File: listings.cfg 2025/11/14 1.11b listings configuration
))
Package: listings 2025/11/14 1.11b (Carsten Heinz)
==> First Aid for listings.sty no longer applied!
    Expected:
        2024/09/23 1.10c (Carsten Heinz)
    but found:
        2025/11/14 1.11b (Carsten Heinz)
    so I'm assuming it got fixed.
\c@theorem=\count326

(C:\Users\shkub\AppData\Local\Programs\MiKTeX\tex/latex/l3backend\l3backend-pdf
tex.def
File: l3backend-pdftex.def 2025-10-09 L3 backend support: PDF output (pdfTeX)
\l__color_backend_stack_int=\count327
)
No file pcf_unified.aux.
\openout1 = `pcf_unified.aux'.

LaTeX Font Info:    Checking defaults for OML/cmm/m/it on input line 33.
LaTeX Font Info:    ... okay on input line 33.
LaTeX Font Info:    Checking defaults for OMS/cmsy/m/n on input line 33.
LaTeX Font Info:    ... okay on input line 33.
LaTeX Font Info:    Checking defaults for OT1/cmr/m/n on input line 33.
LaTeX Font Info:    ... okay on input line 33.
LaTeX Font Info:    Checking defaults for T1/cmr/m/n on input line 33.
LaTeX Font Info:    ... okay on input line 33.
LaTeX Font Info:    Checking defaults for TS1/cmr/m/n on input line 33.
LaTeX Font Info:    ... okay on input line 33.
LaTeX Font Info:    Checking defaults for OMX/cmex/m/n on input line 33.
LaTeX Font Info:    ... okay on input line 33.
LaTeX Font Info:    Checking defaults for U/cmr/m/n on input line 33.
LaTeX Font Info:    ... okay on input line 33.
LaTeX Font Info:    Checking defaults for PD1/pdf/m/n on input line 33.
LaTeX Font Info:    ... okay on input line 33.
LaTeX Font Info:    Checking defaults for PU/pdf/m/n on input line 33.
LaTeX Font Info:    ... okay on input line 33.
(C:\Users\shkub\AppData\Local\Programs\MiKTeX\tex/latex/graphics\graphicx.sty
Package: graphicx 2024/12/31 v1.2e Enhanced LaTeX Graphics (DPC,SPQR)

(C:\Users\shkub\AppData\Local\Programs\MiKTeX\tex/latex/graphics\graphics.sty
Package: graphics 2024/08/06 v1.4g Standard LaTeX Graphics (DPC,SPQR)

(C:\Users\shkub\AppData\Local\Programs\MiKTeX\tex/latex/graphics\trig.sty
Package: trig 2023/12/02 v1.11 sin cos tan (DPC)
)
(C:\Users\shkub\AppData\Local\Programs\MiKTeX\tex/latex/graphics-cfg\graphics.c
fg
File: graphics.cfg 2016/06/04 v1.11 sample graphics configuration
)
Package graphics Info: Driver file: pdftex.def on input line 106.

(C:\Users\shkub\AppData\Local\Programs\MiKTeX\tex/latex/graphics-def\pdftex.def
File: pdftex.def 2025/09/29 v1.2d Graphics/color driver for pdftex

(C:\Users\shkub\AppData\Local\Programs\MiKTeX\tex/context/base/mkii\supp-pdf.mk
ii
[Loading MPS to PDF converter (version 2006.09.02).]
\scratchcounter=\count328
\scratchdimen=\dimen199
\scratchbox=\box60
\nofMPsegments=\count329
\nofMParguments=\count330
\everyMPshowfont=\toks34
\MPscratchCnt=\count331
\MPscratchDim=\dimen256
\MPnumerator=\count332
\makeMPintoPDFobject=\count333
\everyMPtoPDFconversion=\toks35
)))
(C:\Users\shkub\AppData\Local\Programs\MiKTeX\tex/latex/epstopdf-pkg\epstopdf-b
ase.sty
Package: epstopdf-base 2020-01-24 v2.11 Base part for package epstopdf
Package epstopdf-base Info: Redefining graphics rule for `.eps' on input line 4
85.

(C:\Users\shkub\AppData\Local\Programs\MiKTeX\tex/latex/00miktex\epstopdf-sys.c
fg
File: epstopdf-sys.cfg 2021/03/18 v2.0 Configuration of epstopdf for MiKTeX
))
\Gin@req@height=\dimen257
\Gin@req@width=\dimen258
)
*geometry* driver: auto-detecting
*geometry* detected driver: pdftex
*geometry* verbose mode - [ preamble ] result:
* driver: pdftex
* paper: a4paper
* layout: <same size as paper>
* layoutoffset:(h,v)=(0.0pt,0.0pt)
* modes: 
* h-part:(L,W,R)=(71.13188pt, 455.24411pt, 71.13188pt)
* v-part:(T,H,B)=(71.13188pt, 702.78308pt, 71.13188pt)
* \paperwidth=597.50787pt
* \paperheight=845.04684pt
* \textwidth=455.24411pt
* \textheight=702.78308pt
* \oddsidemargin=-1.1381pt
* \evensidemargin=-1.1381pt
* \topmargin=-38.1381pt
* \headheight=12.0pt
* \headsep=25.0pt
* \topskip=11.0pt
* \footskip=30.0pt
* \marginparwidth=50.0pt
* \marginparsep=10.0pt
* \columnsep=10.0pt
* \skip\footins=10.0pt plus 4.0pt minus 2.0pt
* \hoffset=0.0pt
* \voffset=0.0pt
* \mag=1000
* \@twocolumnfalse
* \@twosidefalse
* \@mparswitchfalse
* \@reversemarginfalse
* (1in=72.27pt=25.4mm, 1cm=28.453pt)

Package hyperref Info: Link coloring OFF on input line 33.
\@outlinefile=\write3
\openout3 = `pcf_unified.out'.

\c@lstlisting=\count334
LaTeX Font Info:    Trying to load font information for U+msa on input line 35.

(C:\Users\shkub\AppData\Local\Programs\MiKTeX\tex/latex/amsfonts\umsa.fd
File: umsa.fd 2013/01/14 v3.01 AMS symbols A
)
LaTeX Font Info:    Trying to load font information for U+msb on input line 35.


(C:\Users\shkub\AppData\Local\Programs\MiKTeX\tex/latex/amsfonts\umsb.fd
File: umsb.fd 2013/01/14 v3.01 AMS symbols B
)
Overfull \hbox (49.7984pt too wide) in paragraph at lines 37--49
\T1/cmr/m/n/10 ties shar-ing the com-mon de-nom-i-na-tor $\OML/cmm/m/it/10 ^^L\
OT1/cmr/m/n/10 (\OML/cmm/m/it/10 n\OT1/cmr/m/n/10 ) = 3\OML/cmm/m/it/10 n[]\OT1
/cmr/m/n/10 1$\T1/cmr/m/n/10 . The \T1/cmr/m/it/10 Log-a-rith-mic Lad-der\T1/cm
r/m/n/10 , $[]\OT1/cmr/m/n/10 (\OMS/cmsy/m/n/10 ^^@\OML/cmm/m/it/10 kn[];  \OT1
/cmr/m/n/10 (\OML/cmm/m/it/10 k[]\OT1/cmr/m/n/10 1)\OML/cmm/m/it/10 n[]k\OT1/cm
r/m/n/10 ) =
 []

No file pcf_unified.toc.
\tf@toc=\write4
\openout4 = `pcf_unified.toc'.

[1

{C:/Users/shkub/AppData/Local/MiKTeX/fonts/map/pdftex/pdftex.map}]

LaTeX Warning: Citation `wall1948' on page 2 undefined on input line 106.


LaTeX Warning: Citation `lorentzen2008' on page 2 undefined on input line 106.


LaTeX Warning: Citation `apery1979' on page 2 undefined on input line 107.


LaTeX Warning: Citation `raayoni2021' on page 2 undefined on input line 109.


LaTeX Warning: Citation `elimelech2024' on page 2 undefined on input line 109.


LaTeX Warning: Reference `sec:log' on page 2 undefined on input line 114.


LaTeX Warning: Reference `sec:pi' on page 2 undefined on input line 116.


LaTeX Warning: Reference `sec:gamma' on page 2 undefined on input line 116.


LaTeX Warning: Reference `thm:gamma' on page 2 undefined on input line 120.


LaTeX Warning: Reference `sec:casoratian' on page 2 undefined on input line 123
.


LaTeX Warning: Reference `sec:gauss' on page 2 undefined on input line 125.


LaTeX Warning: Reference `sec:brouncker' on page 2 undefined on input line 126.



LaTeX Warning: Reference `sec:vquad' on page 2 undefined on input line 127.


LaTeX Warning: Reference `conj:ratio' on page 2 undefined on input line 132.


LaTeX Warning: Reference `eq:log-pq' on page 2 undefined on input line 182.

[2]
Overfull \hbox (23.59547pt too wide) in paragraph at lines 239--242
\T1/cmr/bx/n/10.95 Induction for $\OML/cmm/m/it/10.95 p[]$\T1/cmr/bx/n/10.95 . 
\T1/cmr/m/n/10.95 As-sume $\OML/cmm/m/it/10.95 p[] \OT1/cmr/m/n/10.95 = (2\OML/
cmm/m/it/10.95 n[]\OT1/cmr/m/n/10.95 1)!!$ \T1/cmr/m/n/10.95 and $\OML/cmm/m/it
/10.95 p[] \OT1/cmr/m/n/10.95 = (2\OML/cmm/m/it/10.95 n[]\OT1/cmr/m/n/10.95 3)!
!$\T1/cmr/m/n/10.95 . Us-ing $\OT1/cmr/m/n/10.95 (2\OML/cmm/m/it/10.95 n[]\OT1/
cmr/m/n/10.95 1)!! = (2\OML/cmm/m/it/10.95 n[]\OT1/cmr/m/n/10.95 1)(2\OML/cmm/m
/it/10.95 n[]\OT1/cmr/m/n/10.95 3)!!$\T1/cmr/m/n/10.95 : 
 []


LaTeX Warning: Citation `cuyt2008' on page 3 undefined on input line 269.


Overfull \hbox (26.80237pt too wide) in paragraph at lines 310--313
[]\T1/cmr/bx/n/10.95 Conjecture 3.3 \T1/cmr/m/n/10.95 (Ra-tio For-mula)\T1/cmr/
bx/n/10.95 . \T1/cmr/m/it/10.95 De-fine $[]\OT1/cmr/m/n/10.95 (\OML/cmm/m/it/10
.95 m\OT1/cmr/m/n/10.95 )$ \T1/cmr/m/it/10.95 as the limit of the PCF with $\OM
L/cmm/m/it/10.95 \OT1/cmr/m/n/10.95 (\OML/cmm/m/it/10.95 n\OT1/cmr/m/n/10.95 )
 = \OMS/cmsy/m/n/10.95 ^^@\OML/cmm/m/it/10.95 n\OT1/cmr/m/n/10.95 (2\OML/cmm/m/
it/10.95 n[]\OT1/cmr/m/n/10.95 (2\OML/cmm/m/it/10.95 m[]\OT1/cmr/m/n/10.95 1))$

 []


Overfull \hbox (16.15672pt too wide) in paragraph at lines 316--322
\OT1/cmr/m/n/10.95 2[]\OML/cmm/m/it/10.95 =\OT1/cmr/m/n/10.95 (\OML/cmm/m/it/10
.95 ^^Y[]\OT1/cmr/m/n/10.95 )$\T1/cmr/m/n/10.95 , since $[] \OT1/cmr/m/n/10.95 
= [] \OMS/cmsy/m/n/10.95 ^^A \OT1/cmr/m/n/10.95 2(2\OML/cmm/m/it/10.95 m[]\OT1/
cmr/m/n/10.95 1)\OML/cmm/m/it/10.95 =\OT1/cmr/m/n/10.95 (\OML/cmm/m/it/10.95 m[
]\OT1/cmr/m/n/10.95 1)$ \T1/cmr/m/n/10.95 gives ra-tio $\OT1/cmr/m/n/10.95 4[]\
OML/cmm/m/it/10.95 =[] \OT1/cmr/m/n/10.95 = 2(\OML/cmm/m/it/10.95 m[]\OT1/cmr/m
/n/10.95 1)\OML/cmm/m/it/10.95 =\OT1/cmr/m/n/10.95 (2\OML/cmm/m/it/10.95 m[]\OT
1/cmr/m/n/10.95 1)$\T1/cmr/m/n/10.95 . 
 []

[3]

LaTeX Warning: Reference `conj:ratio' on page 4 undefined on input line 325.


Overfull \hbox (29.26308pt too wide) in paragraph at lines 356--363
\T1/cmr/m/n/10.95 rence $\OML/cmm/m/it/10.95 p[] \OT1/cmr/m/n/10.95 = (3\OML/cm
m/m/it/10.95 n[]\OT1/cmr/m/n/10.95 1)\OML/cmm/m/it/10.95 p[] \OMS/cmsy/m/n/10.9
5 ^^@ \OML/cmm/m/it/10.95 n\OT1/cmr/m/n/10.95 (2\OML/cmm/m/it/10.95 n[]\OT1/cmr
/m/n/10.95 1)\OML/cmm/m/it/10.95 p[]$ \T1/cmr/m/n/10.95 with $\OML/cmm/m/it/10.
95 P\OT1/cmr/m/n/10.95 (\OML/cmm/m/it/10.95 n\OT1/cmr/m/n/10.95 ) = 2\OML/cmm/m
/it/10.95 n[]\OT1/cmr/m/n/10.95 1$ \T1/cmr/m/n/10.95 re-duces to the iden-tity 
$\OT1/cmr/m/n/10.95 (2\OML/cmm/m/it/10.95 n[]\OT1/cmr/m/n/10.95 1)(2\OML/cmm/m/
it/10.95 n[]\OT1/cmr/m/n/10.95 3)\OML/cmm/m/it/10.95 P\OT1/cmr/m/n/10.95 (\OML/
cmm/m/it/10.95 n\OT1/cmr/m/n/10.95 ) =
 []


LaTeX Warning: Citation `oeis_A028387' on page 4 undefined on input line 371.

[4]
Overfull \hbox (0.12036pt too wide) in paragraph at lines 393--396
[]\T1/cmr/bx/n/10.95 Conjecture 4.3 \T1/cmr/m/n/10.95 (Gen-eral $\OML/cmm/m/it/
10.95 m$\T1/cmr/m/n/10.95 )\T1/cmr/bx/n/10.95 . \T1/cmr/m/it/10.95 For all $\OM
L/cmm/m/it/10.95 m \OMS/cmsy/m/n/10.95 ^^U \OT1/cmr/m/n/10.95 0$ \T1/cmr/m/it/1
0.95 and fixed $\OML/cmm/m/it/10.95 n$\T1/cmr/m/it/10.95 , the quan-tity $\OML/
cmm/m/it/10.95 R\OT1/cmr/m/n/10.95 (\OML/cmm/m/it/10.95 n; m\OT1/cmr/m/n/10.95 
) = \OML/cmm/m/it/10.95 p[]\OT1/cmr/m/n/10.95 (\OML/cmm/m/it/10.95 m\OT1/cmr/m/
n/10.95 )\OML/cmm/m/it/10.95 =\OT1/cmr/m/n/10.95 (2\OML/cmm/m/it/10.95 n[]\OT1/
cmr/m/n/10.95 1)!!$
 []


LaTeX Warning: Reference `sec:log' on page 5 undefined on input line 406.


LaTeX Warning: Reference `sec:closed' on page 5 undefined on input line 406.


LaTeX Warning: Reference `conj:ratio' on page 5 undefined on input line 408.


LaTeX Warning: Reference `conj:ratio' on page 5 undefined on input line 412.


LaTeX Warning: Reference `conj:ratio' on page 5 undefined on input line 425.


LaTeX Warning: Reference `thm:pi0' on page 5 undefined on input line 493.


LaTeX Warning: Reference `conj:ratio' on page 5 undefined on input line 498.


Overfull \hbox (24.2463pt too wide) in paragraph at lines 491--508
\OML/cmm/m/it/10.95 I[]=I[]$ \T1/cmr/m/n/10.95 prop-a-gates in-duc-tively from 
$\OML/cmm/m/it/10.95 S[] \OT1/cmr/m/n/10.95 = 1\OML/cmm/m/it/10.95 =I[]$\T1/cmr
/m/n/10.95 , yield-ing $[]\OT1/cmr/m/n/10.95 (\OML/cmm/m/it/10.95 m\OT1/cmr/m/n
/10.95 ) = 1\OML/cmm/m/it/10.95 =I[] \OT1/cmr/m/n/10.95 = 2 ^^@(\OML/cmm/m/it/1
0.95 m[]\OT1/cmr/m/n/10.95 1)\OML/cmm/m/it/10.95 =\OT1/cmr/m/n/10.95 ([] ^^@(\O
ML/cmm/m/it/10.95 m[][]\OT1/cmr/m/n/10.95 ))$
 []

[5]

LaTeX Warning: Reference `conj:ratio' on page 6 undefined on input line 512.


LaTeX Warning: Citation `raayoni2021' on page 6 undefined on input line 516.


LaTeX Warning: Reference `conj:ratio' on page 6 undefined on input line 520.


LaTeX Warning: Reference `eq:pcf' on page 6 undefined on input line 547.


LaTeX Warning: Reference `thm:conv1' on page 6 undefined on input line 564.


LaTeX Warning: Reference `eq:ured' on page 6 undefined on input line 565.


LaTeX Warning: Reference `eq:ured' on page 6 undefined on input line 573.

[6]

LaTeX Warning: Reference `prop:conv' on page 7 undefined on input line 630.


LaTeX Warning: Reference `lem:shift' on page 7 undefined on input line 632.


LaTeX Warning: Reference `thm:gamma' on page 7 undefined on input line 633.


LaTeX Warning: Reference `thm:pi0' on page 7 undefined on input line 635.


LaTeX Warning: Reference `eq:series' on page 7 undefined on input line 638.


LaTeX Warning: Citation `knuth1997' on page 7 undefined on input line 640.


LaTeX Warning: Reference `eq:series' on page 7 undefined on input line 661.

[7]

LaTeX Warning: Reference `eq:ratio_hyp' on page 8 undefined on input line 700.


LaTeX Warning: Reference `thm:pi0' on page 8 undefined on input line 718.


LaTeX Warning: Citation `dlmf' on page 8 undefined on input line 734.


Overfull \hbox (24.87987pt too wide) in paragraph at lines 732--738
[]\T1/cmr/m/it/10.95 Remark \T1/cmr/m/n/10.95 8.2\T1/cmr/m/it/10.95 . \T1/cmr/m
/n/10.95 This con-nects our PCF to the clas-si-cal iden-tity $\OML/cmm/m/it/10.
95 ^^Y=\OT1/cmr/m/n/10.95 2 = [][] \OML/cmm/m/it/10.95 k\OT1/cmr/m/n/10.95 !\OM
L/cmm/m/it/10.95 =\OT1/cmr/m/n/10.95 (2\OML/cmm/m/it/10.95 k[]\OT1/cmr/m/n/10.9
5 1)!!$ \T1/cmr/m/n/10.95 from $[]\OT1/cmr/m/n/10.95 (1)$ \T1/cmr/m/n/10.95 [[]
,
 []


LaTeX Warning: Reference `eq:series' on page 8 undefined on input line 761.

[8]

LaTeX Warning: Citation `lorentzen2008' on page 9 undefined on input line 817.


LaTeX Warning: Citation `lorentzen2008' on page 9 undefined on input line 832.


LaTeX Warning: Citation `ferguson1999' on page 9 undefined on input line 877.


Overfull \hbox (40.48488pt too wide) in paragraph at lines 876--888
\T1/cmr/m/n/10.95 300-digit pre-ci-sion over 15 stan-dard con-stants $\OMS/cmsy
/m/n/10.95 f\OML/cmm/m/it/10.95 ^^Y; ^^Y[]; e; [] \OT1/cmr/m/n/10.95 2\OML/cmm/
m/it/10.95 ; [] \OT1/cmr/m/n/10.95 3\OML/cmm/m/it/10.95 ; ^^M; G; ^^P\OT1/cmr/m
/n/10.95 (3)\OML/cmm/m/it/10.95 ; ^^P\OT1/cmr/m/n/10.95 (5)\OML/cmm/m/it/10.95 
; []; []; []; '; []; ^^Y [] \OT1/cmr/m/n/10.95 2\OMS/cmsy/m/n/10.95 g$
 []

[9]

LaTeX Warning: Reference `lem:bracket' on page 10 undefined on input line 908.


LaTeX Warning: Reference `conj:ratio' on page 10 undefined on input line 959.


LaTeX Warning: Reference `thm:gamma' on page 10 undefined on input line 961.

[10]

LaTeX Warning: Citation `raayoni2021' on page 11 undefined on input line 975.


LaTeX Warning: Reference `eq:rec' on page 11 undefined on input line 1056.

[11]

LaTeX Warning: Citation `raayoni2021' on page 12 undefined on input line 1064.


LaTeX Warning: Citation `elimelech2024' on page 12 undefined on input line 1064
.

[12] (pcf_unified.aux)
 ***********
LaTeX2e <2025-11-01>
L3 programming layer <2025-12-24>
 ***********


LaTeX Warning: There were undefined references.


LaTeX Warning: Label(s) may have changed. Rerun to get cross-references right.


Package rerunfilecheck Warning: File `pcf_unified.out' has changed.
(rerunfilecheck)                Rerun to get outlines right
(rerunfilecheck)                or use package `bookmark'.

Package rerunfilecheck Info: Checksums for `pcf_unified.out':
(rerunfilecheck)             Before: <no file>
(rerunfilecheck)             After:  7D03F28D1A873A6FE46A02AA1A23623A;4533.
 ) 
Here is how much of TeX's memory you used:
 12812 strings out of 467871
 195044 string characters out of 5418376
 622362 words of memory out of 5000000
 41433 multiletter control sequences out of 15000+600000
 648589 words of font info for 96 fonts, out of 8000000 for 9000
 1141 hyphenation exceptions out of 8191
 75i,12n,79p,550b,656s stack positions out of 10000i,1000n,20000p,200000b,200000s
 <C:\Users\shkub\AppData\Local\MiKTeX\fonts/pk/ljfour/jknappen/ec/dpi600\ectt
1095.pk> <C:\Users\shkub\AppData\Local\MiKTeX\fonts/pk/ljfour/jknappen/ec/dpi60
0\tcrm1095.pk> <C:\Users\shkub\AppData\Local\MiKTeX\fonts/pk/ljfour/jknappen/ec
/dpi600\ecbx1200.pk> <C:\Users\shkub\AppData\Local\MiKTeX\fonts/pk/ljfour/jknap
pen/ec/dpi600\ecti1095.pk> <C:\Users\shkub\AppData\Local\MiKTeX\fonts/pk/ljfour
/jknappen/ec/dpi600\ecbx1440.pk> <C:\Users\shkub\AppData\Local\MiKTeX\fonts/pk/
ljfour/jknappen/ec/dpi600\ecrm1095.pk> <C:\Users\shkub\AppData\Local\MiKTeX\fon
ts/pk/ljfour/jknappen/ec/dpi600\ecbx1095.pk> <C:\Users\shkub\AppData\Local\MiKT
eX\fonts/pk/ljfour/jknappen/ec/dpi600\ecti1000.pk> <C:\Users\shkub\AppData\Loca
l\MiKTeX\fonts/pk/ljfour/jknappen/ec/dpi600\ecrm1000.pk> <C:\Users\shkub\AppDat
a\Local\MiKTeX\fonts/pk/ljfour/jknappen/ec/dpi600\ecbx1000.pk> <C:\Users\shkub\
AppData\Local\MiKTeX\fonts/pk/ljfour/jknappen/ec/dpi600\ecrm1200.pk> <C:\Users\
shkub\AppData\Local\MiKTeX\fonts/pk/ljfour/jknappen/ec/dpi600\ecrm1728.pk><C:/U
sers/shkub/AppData/Local/Programs/MiKTeX/fonts/type1/public/amsfonts/cm/cmbx10.
pfb><C:/Users/shkub/AppData/Local/Programs/MiKTeX/fonts/type1/public/amsfonts/c
m/cmex10.pfb><C:/Users/shkub/AppData/Local/Programs/MiKTeX/fonts/type1/public/a
msfonts/cm/cmmi10.pfb><C:/Users/shkub/AppData/Local/Programs/MiKTeX/fonts/type1
/public/amsfonts/cm/cmmi12.pfb><C:/Users/shkub/AppData/Local/Programs/MiKTeX/fo
nts/type1/public/amsfonts/cm/cmmi7.pfb><C:/Users/shkub/AppData/Local/Programs/M
iKTeX/fonts/type1/public/amsfonts/cm/cmmi8.pfb><C:/Users/shkub/AppData/Local/Pr
ograms/MiKTeX/fonts/type1/public/amsfonts/cm/cmr10.pfb><C:/Users/shkub/AppData/
Local/Programs/MiKTeX/fonts/type1/public/amsfonts/cm/cmr12.pfb><C:/Users/shkub/
AppData/Local/Programs/MiKTeX/fonts/type1/public/amsfonts/cm/cmr6.pfb><C:/Users
/shkub/AppData/Local/Programs/MiKTeX/fonts/type1/public/amsfonts/cm/cmr7.pfb><C
:/Users/shkub/AppData/Local/Programs/MiKTeX/fonts/type1/public/amsfonts/cm/cmr8
.pfb><C:/Users/shkub/AppData/Local/Programs/MiKTeX/fonts/type1/public/amsfonts/
cm/cmsy10.pfb><C:/Users/shkub/AppData/Local/Programs/MiKTeX/fonts/type1/public/
amsfonts/cm/cmsy7.pfb><C:/Users/shkub/AppData/Local/Programs/MiKTeX/fonts/type1
/public/amsfonts/cm/cmsy8.pfb><C:/Users/shkub/AppData/Local/Programs/MiKTeX/fon
ts/type1/public/amsfonts/symbols/msam10.pfb><C:/Users/shkub/AppData/Local/Progr
ams/MiKTeX/fonts/type1/public/amsfonts/symbols/msbm10.pfb>
Output written on pcf_unified.pdf (12 pages, 393194 bytes).
PDF statistics:
 751 PDF objects out of 1000 (max. 8388607)
 102 named destinations out of 1000 (max. 500000)
 1 words of extra memory for PDF output out of 10000 (max. 10000000)

