\BOOKMARK [1][-]{section.1}{\376\377\000I\000n\000t\000r\000o\000d\000u\000c\000t\000i\000o\000n}{}% 1
\BOOKMARK [1][-]{section.2}{\376\377\000T\000h\000e\000\040\000L\000o\000g\000a\000r\000i\000t\000h\000m\000i\000c\000\040\000L\000a\000d\000d\000e\000r}{}% 2
\BOOKMARK [1][-]{section.3}{\376\377\000T\000h\000e\000\040\000P\000i\000\040\000F\000a\000m\000i\000l\000y}{}% 3
\BOOKMARK [2][-]{subsection.3.1}{\376\377\000B\000a\000s\000e\000\040\000c\000a\000s\000e\000:\000\040\0002\000/\000p\000i}{section.3}% 4
\BOOKMARK [2][-]{subsection.3.2}{\376\377\000P\000a\000r\000i\000t\000y\000\040\000p\000h\000e\000n\000o\000m\000e\000n\000o\000n}{section.3}% 5
\BOOKMARK [2][-]{subsection.3.3}{\376\377\000O\000d\000d\000\040\000p\000a\000r\000a\000m\000e\000t\000e\000r\000s\000\040\000a\000n\000d\000\040\000t\000h\000e\000\040\000b\000i\000n\000o\000m\000i\000a\000l\000\040\000r\000e\000c\000u\000r\000r\000e\000n\000c\000e}{section.3}% 6
\BOOKMARK [1][-]{section.4}{\376\377\000C\000o\000n\000v\000e\000r\000g\000e\000n\000t\000\040\000C\000l\000o\000s\000e\000d\000\040\000F\000o\000r\000m\000s}{}% 7
\BOOKMARK [1][-]{section.5}{\376\377\000T\000h\000e\000\040\000C\000o\000n\000t\000i\000n\000u\000o\000u\000s\000\040\000G\000a\000m\000m\000a\000\040\000I\000d\000e\000n\000t\000i\000t\000y}{}% 8
\BOOKMARK [1][-]{section.6}{\376\377\000C\000a\000s\000o\000r\000a\000t\000i\000a\000n\000\040\000S\000e\000r\000i\000e\000s\000\040\000I\000d\000e\000n\000t\000i\000t\000y\000\040\000f\000o\000r\000\040\000p\000i\000/\0004}{}% 9
\BOOKMARK [2][-]{subsection.6.1}{\376\377\000C\000o\000n\000v\000e\000r\000g\000e\000n\000c\000e}{section.6}% 10
\BOOKMARK [2][-]{subsection.6.2}{\376\377\000C\000a\000s\000o\000r\000a\000t\000i\000a\000n\000\040\000r\000e\000c\000u\000r\000s\000i\000o\000n}{section.6}% 11
\BOOKMARK [2][-]{subsection.6.3}{\376\377\000M\000a\000i\000n\000\040\000s\000e\000r\000i\000e\000s\000\040\000i\000d\000e\000n\000t\000i\000t\000y}{section.6}% 12
\BOOKMARK [1][-]{section.7}{\376\377\000G\000a\000u\000s\000s\000\040\000C\000F\000\040\000N\000o\000n\000-\000M\000e\000m\000b\000e\000r\000s\000h\000i\000p}{}% 13
\BOOKMARK [2][-]{subsection.7.1}{\376\377\000F\000a\000c\000t\000o\000r\000i\000s\000a\000t\000i\000o\000n\000\040\000o\000v\000e\000r\000\040\000Q\000\050\000s\000q\000r\000t\0005\000\051}{section.7}% 14
\BOOKMARK [2][-]{subsection.7.2}{\376\377\000P\000o\000c\000h\000h\000a\000m\000m\000e\000r\000\040\000o\000b\000s\000t\000r\000u\000c\000t\000i\000o\000n}{section.7}% 15
\BOOKMARK [2][-]{subsection.7.3}{\376\377\000G\000a\000u\000s\000s\000\040\000C\000F\000\040\000n\000o\000n\000-\000m\000e\000m\000b\000e\000r\000s\000h\000i\000p}{section.7}% 16
\BOOKMARK [2][-]{subsection.7.4}{\376\377\0002\000F\0003\000\040\000i\000d\000e\000n\000t\000i\000f\000i\000c\000a\000t\000i\000o\000n}{section.7}% 17
\BOOKMARK [1][-]{section.8}{\376\377\000E\000u\000l\000e\000r\000\040\000C\000F\000\040\000D\000u\000a\000l\000i\000t\000y}{}% 18
\BOOKMARK [1][-]{section.9}{\376\377\000C\000o\000m\000p\000a\000r\000i\000s\000o\000n\000\040\000w\000i\000t\000h\000\040\000B\000r\000o\000u\000n\000c\000k\000e\000r\000'\000s\000\040\000C\000F}{}% 19
\BOOKMARK [1][-]{section.10}{\376\377\000C\000o\000n\000v\000e\000r\000g\000e\000n\000c\000e\000\040\000T\000h\000e\000o\000r\000y}{}% 20
\BOOKMARK [2][-]{subsection.10.1}{\376\377\000W\000o\000r\000p\000i\000t\000z\000k\000y\000\040\000c\000o\000n\000d\000i\000t\000i\000o\000n}{section.10}% 21
\BOOKMARK [2][-]{subsection.10.2}{\376\377\000B\000r\000a\000c\000k\000e\000t\000i\000n\000g}{section.10}% 22
\BOOKMARK [1][-]{section.11}{\376\377\000M\000e\000t\000a\000-\000F\000a\000m\000i\000l\000y}{}% 23
\BOOKMARK [1][-]{section.12}{\376\377\000Q\000u\000a\000d\000r\000a\000t\000i\000c\000\040\000G\000C\000F\000\040\000C\000o\000n\000s\000t\000a\000n\000t\000s}{}% 24
\BOOKMARK [1][-]{section.13}{\376\377\000N\000u\000m\000e\000r\000i\000c\000a\000l\000\040\000C\000e\000r\000t\000i\000f\000i\000c\000a\000t\000i\000o\000n}{}% 25
\BOOKMARK [1][-]{section.14}{\376\377\000D\000i\000s\000c\000o\000v\000e\000r\000y\000\040\000M\000e\000t\000h\000o\000d\000o\000l\000o\000g\000y}{}% 26
\BOOKMARK [1][-]{section.15}{\376\377\000O\000p\000e\000n\000\040\000Q\000u\000e\000s\000t\000i\000o\000n\000s}{}% 27
\BOOKMARK [1][-]{appendix.A}{\376\377\000E\000x\000a\000c\000t\000\040\000C\000o\000n\000v\000e\000r\000g\000e\000n\000t\000s}{}% 28
\BOOKMARK [1][-]{appendix.B}{\376\377\000R\000e\000p\000r\000o\000d\000u\000c\000i\000b\000i\000l\000i\000t\000y}{}% 29
