2026-04-08 08:52:07 [INFO] Orchestrator starting (interval=30s, dry_run=False)
2026-04-08 08:52:07 [INFO] Started generator (pid 10904): python -B ramanujan_breakthrough_generator.py --resume
2026-04-08 08:52:17 [INFO] Started parallel (pid 15928): python -B parallel_engine.py
2026-04-08 08:52:17 [INFO] Started ising (pid 7780): python -B _pcf_search_Tc_3d_ising.py
2026-04-08 08:52:20 [WARNING] Agent generator STALLED (state 4151s old)
2026-04-08 08:52:20 [WARNING] Agent parallel STALLED (log 3975s stale)
2026-04-08 08:52:20 [INFO] Aggregator: 32 unique discoveries (+32 new), best: 5/6*S^(3) @ 551 digits
2026-04-08 08:52:54 [WARNING] CRITICAL resources — suspending tier-2 and tier-3
2026-04-08 08:52:54 [INFO] Suspended parallel (pid 15928): CRITICAL resource pressure (throttle)
2026-04-08 08:52:54 [INFO] Suspended ising (pid 7780): CRITICAL resource pressure (throttle)
2026-04-08 08:54:00 [WARNING] Agent generator STALLED (state 4251s old)
2026-04-08 08:54:33 [INFO] Resumed parallel (pid 15928)
2026-04-08 08:54:33 [INFO] Resumed ising (pid 7780)
2026-04-08 08:55:40 [ERROR] Agent parallel CRASHED with exit code 0
2026-04-08 08:55:40 [INFO] Scheduling restart of parallel in 30s
2026-04-08 08:56:10 [INFO] Started parallel (pid 13732): python -B parallel_engine.py
2026-04-08 08:56:10 [INFO] Aggregator: 33 unique discoveries (+1 new), best: 5/6*S^(3) @ 551 digits
2026-04-08 08:56:44 [WARNING] CRITICAL resources — suspending tier-2 and tier-3
2026-04-08 08:56:44 [INFO] Suspended parallel (pid 13732): CRITICAL resource pressure (throttle)
2026-04-08 08:56:44 [INFO] Suspended ising (pid 7780): CRITICAL resource pressure (throttle)
2026-04-08 08:57:20 [WARNING] CRITICAL resources — suspending tier-2 and tier-3
2026-04-08 08:57:54 [WARNING] CRITICAL resources — suspending tier-2 and tier-3
2026-04-08 08:58:28 [WARNING] CRITICAL resources — suspending tier-2 and tier-3
2026-04-08 08:59:36 [WARNING] CRITICAL resources — suspending tier-2 and tier-3
2026-04-08 08:59:36 [INFO] Aggregator: 119 unique discoveries (+86 new), best: 5/6*S^(3) @ 551 digits
2026-04-08 09:00:42 [WARNING] CRITICAL resources — suspending tier-2 and tier-3
2026-04-08 09:01:15 [WARNING] CRITICAL resources — suspending tier-2 and tier-3
2026-04-08 09:02:55 [INFO] Resumed parallel (pid 13732)
2026-04-08 09:02:55 [INFO] Resumed ising (pid 7780)
2026-04-08 09:02:55 [WARNING] Agent ising STALLED (no log file after 637s)
2026-04-08 09:02:55 [INFO] Aggregator: 267 unique discoveries (+148 new), best: 5/6*S^(3) @ 551 digits
2026-04-08 09:03:30 [WARNING] CRITICAL resources — suspending tier-2 and tier-3
2026-04-08 09:03:30 [INFO] Suspended ising (pid 7780): CRITICAL resource pressure (throttle)
2026-04-08 09:04:04 [WARNING] CRITICAL resources — suspending tier-2 and tier-3
2026-04-08 09:04:37 [WARNING] CRITICAL resources — suspending tier-2 and tier-3
2026-04-08 09:04:38 [ERROR] Agent parallel CRASHED with exit code 0
2026-04-08 09:04:38 [INFO] Scheduling restart of parallel in 30s
2026-04-08 09:05:08 [INFO] Started parallel (pid 27796): python -B parallel_engine.py
2026-04-08 09:05:42 [WARNING] CRITICAL resources — suspending tier-2 and tier-3
2026-04-08 09:05:43 [INFO] Suspended parallel (pid 27796): CRITICAL resource pressure (throttle)
2026-04-08 09:06:21 [WARNING] CRITICAL resources — suspending tier-2 and tier-3
2026-04-08 09:06:55 [WARNING] CRITICAL resources — suspending tier-2 and tier-3
2026-04-08 09:06:56 [INFO] Aggregator: 304 unique discoveries (+37 new), best: 5/6*S^(3) @ 551 digits
2026-04-08 09:07:30 [WARNING] CRITICAL resources — suspending tier-2 and tier-3
2026-04-08 09:09:12 [INFO] Resumed parallel (pid 27796)
2026-04-08 09:09:12 [INFO] Resumed ising (pid 7780)
2026-04-08 09:10:18 [ERROR] Agent parallel CRASHED with exit code 0
2026-04-08 09:10:18 [INFO] Scheduling restart of parallel in 30s
2026-04-08 09:10:48 [INFO] Started parallel (pid 4584): python -B parallel_engine.py
2026-04-08 09:10:48 [WARNING] Agent ising STALLED (no log file after 1080s)
2026-04-08 09:10:48 [INFO] Aggregator: 385 unique discoveries (+81 new), best: 5/6*S^(3) @ 551 digits
2026-04-08 09:11:25 [WARNING] CRITICAL resources — suspending tier-2 and tier-3
2026-04-08 09:11:25 [INFO] Suspended parallel (pid 4584): CRITICAL resource pressure (throttle)
2026-04-08 09:11:25 [INFO] Suspended ising (pid 7780): CRITICAL resource pressure (throttle)
2026-04-08 09:12:00 [WARNING] CRITICAL resources — suspending tier-2 and tier-3
2026-04-08 09:12:33 [WARNING] CRITICAL resources — suspending tier-2 and tier-3
2026-04-08 09:13:39 [INFO] Resumed parallel (pid 4584)
2026-04-08 09:13:39 [INFO] Resumed ising (pid 7780)
2026-04-08 09:14:12 [ERROR] Agent parallel CRASHED with exit code 0
2026-04-08 09:14:12 [WARNING] Agent parallel hit restart limit (3/hr) — not restarting
2026-04-08 09:14:12 [WARNING] Agent ising STALLED (no log file after 1314s)
2026-04-08 09:14:12 [INFO] Aggregator: 430 unique discoveries (+45 new), best: 5/6*S^(3) @ 551 digits
2026-04-08 09:15:52 [WARNING] Agent ising STALLED (no log file after 1414s)
2026-04-08 09:17:34 [WARNING] CRITICAL resources — suspending tier-2 and tier-3
2026-04-08 09:17:34 [INFO] Suspended ising (pid 7780): CRITICAL resource pressure (throttle)
2026-04-08 09:17:36 [INFO] Aggregator: 475 unique discoveries (+45 new), best: 5/6*S^(3) @ 551 digits
2026-04-08 09:18:10 [WARNING] CRITICAL resources — suspending tier-2 and tier-3
2026-04-08 09:18:44 [WARNING] CRITICAL resources — suspending tier-2 and tier-3
2026-04-08 09:19:18 [WARNING] CRITICAL resources — suspending tier-2 and tier-3
2026-04-08 09:20:26 [INFO] Resumed ising (pid 7780)
2026-04-08 09:21:00 [WARNING] Agent ising STALLED (no log file after 1722s)
2026-04-08 09:21:00 [INFO] Aggregator: 515 unique discoveries (+40 new), best: 5/6*S^(3) @ 551 digits
2026-04-08 09:21:34 [WARNING] CRITICAL resources — suspending tier-2 and tier-3
2026-04-08 09:21:34 [INFO] Suspended ising (pid 7780): CRITICAL resource pressure (throttle)
2026-04-08 09:23:46 [INFO] Resumed ising (pid 7780)
2026-04-08 09:24:19 [WARNING] Agent ising STALLED (no log file after 1921s)
2026-04-08 09:24:19 [INFO] Aggregator: 515 unique discoveries (+0 new), best: 5/6*S^(3) @ 551 digits
2026-04-08 09:25:58 [WARNING] Agent ising STALLED (no log file after 2020s)
2026-04-08 09:27:37 [WARNING] Agent ising STALLED (no log file after 2119s)
2026-04-08 09:27:37 [INFO] Aggregator: 516 unique discoveries (+1 new), best: 5/6*S^(3) @ 551 digits
2026-04-08 09:29:15 [WARNING] Agent ising STALLED (no log file after 2217s)
2026-04-08 09:30:54 [WARNING] Agent ising STALLED (no log file after 2316s)
2026-04-08 09:30:54 [INFO] Aggregator: 517 unique discoveries (+1 new), best: 5/6*S^(3) @ 551 digits
2026-04-08 09:32:32 [WARNING] Agent ising STALLED (no log file after 2414s)
2026-04-08 09:34:10 [WARNING] Agent ising STALLED (no log file after 2512s)
2026-04-08 09:34:10 [INFO] Aggregator: 517 unique discoveries (+0 new), best: 5/6*S^(3) @ 551 digits
2026-04-08 09:35:48 [WARNING] Agent ising STALLED (no log file after 2611s)
2026-04-08 09:37:27 [WARNING] Agent ising STALLED (no log file after 2709s)
2026-04-08 09:37:27 [INFO] Aggregator: 517 unique discoveries (+0 new), best: 5/6*S^(3) @ 551 digits
2026-04-08 09:38:33 [WARNING] CRITICAL resources — suspending tier-2 and tier-3
2026-04-08 09:38:33 [INFO] Suspended ising (pid 7780): CRITICAL resource pressure (throttle)
2026-04-08 09:39:38 [INFO] Resumed ising (pid 7780)
2026-04-08 09:40:44 [WARNING] Agent ising STALLED (no log file after 2906s)
2026-04-08 09:40:44 [INFO] Aggregator: 517 unique discoveries (+0 new), best: 5/6*S^(3) @ 551 digits
2026-04-08 09:42:22 [WARNING] Agent ising STALLED (no log file after 3004s)
2026-04-08 09:44:02 [WARNING] Agent ising STALLED (no log file after 3104s)
2026-04-08 09:44:02 [INFO] Aggregator: 517 unique discoveries (+0 new), best: 5/6*S^(3) @ 551 digits
2026-04-08 09:44:36 [WARNING] CRITICAL resources — suspending tier-2 and tier-3
2026-04-08 09:44:36 [INFO] Suspended ising (pid 7780): CRITICAL resource pressure (throttle)
2026-04-08 09:45:42 [INFO] Resumed ising (pid 7780)
2026-04-08 09:45:42 [WARNING] Agent ising STALLED (no log file after 3205s)
2026-04-08 09:47:22 [WARNING] Agent ising STALLED (no log file after 3304s)
2026-04-08 09:47:22 [INFO] Aggregator: 517 unique discoveries (+0 new), best: 5/6*S^(3) @ 551 digits
2026-04-08 09:49:01 [WARNING] Agent ising STALLED (no log file after 3403s)
2026-04-08 09:49:34 [WARNING] CRITICAL resources — suspending tier-2 and tier-3
2026-04-08 09:49:34 [INFO] Suspended ising (pid 7780): CRITICAL resource pressure (throttle)
2026-04-08 09:50:39 [INFO] Resumed ising (pid 7780)
2026-04-08 09:50:39 [WARNING] Agent ising STALLED (no log file after 3502s)
2026-04-08 09:50:40 [INFO] Aggregator: 517 unique discoveries (+0 new), best: 5/6*S^(3) @ 551 digits
2026-04-08 09:52:18 [WARNING] Agent ising STALLED (no log file after 3600s)
2026-04-08 09:53:56 [WARNING] Agent ising STALLED (no log file after 3699s)
2026-04-08 09:53:56 [INFO] Aggregator: 517 unique discoveries (+0 new), best: 5/6*S^(3) @ 551 digits
2026-04-08 09:55:35 [WARNING] CRITICAL resources — suspending tier-2 and tier-3
2026-04-08 09:55:35 [INFO] Suspended ising (pid 7780): CRITICAL resource pressure (throttle)
2026-04-08 09:56:41 [INFO] Resumed ising (pid 7780)
2026-04-08 09:57:14 [WARNING] Agent ising STALLED (no log file after 3896s)
2026-04-08 09:57:14 [INFO] Aggregator: 517 unique discoveries (+0 new), best: 5/6*S^(3) @ 551 digits
2026-04-08 09:58:52 [WARNING] Agent ising STALLED (no log file after 3995s)
2026-04-08 10:00:33 [WARNING] Agent ising STALLED (no log file after 4095s)
2026-04-08 10:00:34 [INFO] Aggregator: 517 unique discoveries (+0 new), best: 5/6*S^(3) @ 551 digits
2026-04-08 10:02:12 [WARNING] Agent ising STALLED (no log file after 4195s)
2026-04-08 10:03:20 [WARNING] CRITICAL resources — suspending tier-2 and tier-3
2026-04-08 10:03:20 [INFO] Suspended ising (pid 7780): CRITICAL resource pressure (throttle)
2026-04-08 10:03:55 [WARNING] CRITICAL resources — suspending tier-2 and tier-3
2026-04-08 10:03:55 [INFO] Aggregator: 517 unique discoveries (+0 new), best: 5/6*S^(3) @ 551 digits
2026-04-08 10:05:03 [WARNING] CRITICAL resources — suspending tier-2 and tier-3
2026-04-08 10:05:37 [WARNING] CRITICAL resources — suspending tier-2 and tier-3
2026-04-08 10:07:17 [WARNING] CRITICAL resources — suspending tier-2 and tier-3
2026-04-08 10:07:18 [INFO] Aggregator: 517 unique discoveries (+0 new), best: 5/6*S^(3) @ 551 digits
2026-04-08 10:08:26 [INFO] Resumed ising (pid 7780)
2026-04-08 10:09:02 [WARNING] CRITICAL resources — suspending tier-2 and tier-3
2026-04-08 10:09:02 [INFO] Suspended ising (pid 7780): CRITICAL resource pressure (throttle)
2026-04-08 10:09:36 [WARNING] CRITICAL resources — suspending tier-2 and tier-3
2026-04-08 10:10:13 [WARNING] CRITICAL resources — suspending tier-2 and tier-3
2026-04-08 10:10:48 [WARNING] CRITICAL resources — suspending tier-2 and tier-3
2026-04-08 10:10:48 [INFO] Aggregator: 517 unique discoveries (+0 new), best: 5/6*S^(3) @ 551 digits
2026-04-08 10:11:22 [WARNING] CRITICAL resources — suspending tier-2 and tier-3
2026-04-08 10:11:55 [WARNING] CRITICAL resources — suspending tier-2 and tier-3
2026-04-08 10:12:30 [WARNING] CRITICAL resources — suspending tier-2 and tier-3
2026-04-08 10:13:04 [WARNING] CRITICAL resources — suspending tier-2 and tier-3
2026-04-08 10:14:12 [WARNING] CRITICAL resources — suspending tier-2 and tier-3
2026-04-08 10:14:13 [INFO] Aggregator: 517 unique discoveries (+0 new), best: 5/6*S^(3) @ 551 digits
2026-04-08 10:16:26 [WARNING] CRITICAL resources — suspending tier-2 and tier-3
2026-04-08 10:17:00 [WARNING] CRITICAL resources — suspending tier-2 and tier-3
2026-04-08 10:17:33 [WARNING] CRITICAL resources — suspending tier-2 and tier-3
2026-04-08 10:17:37 [INFO] Aggregator: 517 unique discoveries (+0 new), best: 5/6*S^(3) @ 551 digits
2026-04-08 10:18:11 [WARNING] CRITICAL resources — suspending tier-2 and tier-3
2026-04-08 10:18:45 [WARNING] CRITICAL resources — suspending tier-2 and tier-3
2026-04-08 10:19:19 [WARNING] CRITICAL resources — suspending tier-2 and tier-3
2026-04-08 10:20:28 [INFO] Resumed ising (pid 7780)
2026-04-08 10:21:01 [WARNING] Agent ising STALLED (no log file after 5323s)
2026-04-08 10:21:01 [INFO] Aggregator: 517 unique discoveries (+0 new), best: 5/6*S^(3) @ 551 digits
2026-04-08 10:22:08 [WARNING] CRITICAL resources — suspending tier-2 and tier-3
2026-04-08 10:22:08 [INFO] Suspended ising (pid 7780): CRITICAL resource pressure (throttle)
2026-04-08 10:23:13 [INFO] Resumed ising (pid 7780)
2026-04-08 10:24:20 [WARNING] Agent ising STALLED (no log file after 5522s)
2026-04-08 10:24:20 [INFO] Aggregator: 517 unique discoveries (+0 new), best: 5/6*S^(3) @ 551 digits
2026-04-08 10:24:39 [INFO] Orchestrator starting (interval=30s, dry_run=False)
2026-04-08 10:24:39 [INFO] Started generator (pid 6800): python -B ramanujan_breakthrough_generator.py --resume
2026-04-08 10:24:49 [INFO] Started parallel (pid 10592): python -B parallel_engine.py
2026-04-08 10:24:49 [INFO] Started ising (pid 32156): python -B _pcf_search_Tc_3d_ising.py
2026-04-08 10:24:52 [WARNING] Agent parallel STALLED (log 3312s stale)
2026-04-08 10:24:52 [INFO] Aggregator: 517 unique discoveries (+517 new), best: 5/6*S^(3) @ 551 digits
2026-04-08 10:25:27 [WARNING] CRITICAL resources — suspending tier-2 and tier-3 (streak=1)
2026-04-08 10:25:27 [INFO] Suspended parallel (pid 10592): CRITICAL resource pressure (throttle)
2026-04-08 10:25:27 [INFO] Suspended ising (pid 32156): CRITICAL resource pressure (throttle)
2026-04-08 10:26:01 [WARNING] CRITICAL resources — suspending tier-2 and tier-3 (streak=2)
2026-04-08 10:28:14 [INFO] Resumed parallel (pid 10592)
2026-04-08 10:28:14 [INFO] Resumed ising (pid 32156)
2026-04-08 10:28:14 [INFO] Aggregator: 517 unique discoveries (+0 new), best: 5/6*S^(3) @ 551 digits
2026-04-08 10:29:53 [ERROR] Agent parallel CRASHED with exit code 0
2026-04-08 10:29:53 [INFO] Scheduling deferred restart of parallel in 30s
2026-04-08 10:31:01 [WARNING] CRITICAL resources — suspending tier-2 and tier-3 (streak=1)
2026-04-08 10:31:01 [INFO] Suspended ising (pid 32156): CRITICAL resource pressure (throttle)
2026-04-08 10:31:34 [INFO] Executing deferred restart of parallel
2026-04-08 10:31:34 [INFO] Started parallel (pid 34080): python -B parallel_engine.py
2026-04-08 10:31:34 [WARNING] Agent parallel STALLED (log 199s stale)
2026-04-08 10:31:34 [INFO] Aggregator: 517 unique discoveries (+0 new), best: 5/6*S^(3) @ 551 digits
2026-04-08 10:32:09 [WARNING] CRITICAL resources — suspending tier-2 and tier-3 (streak=1)
2026-04-08 10:32:09 [INFO] Suspended parallel (pid 34080): CRITICAL resource pressure (throttle)
2026-04-08 10:32:47 [WARNING] CRITICAL resources — suspending tier-2 and tier-3 (streak=2)
2026-04-08 10:33:21 [WARNING] CRITICAL resources — suspending tier-2 and tier-3 (streak=3)
2026-04-08 10:33:21 [WARNING] ESCALATION: suspending tier-1 generator (RAM=94%, streak=3)
2026-04-08 10:33:21 [INFO] Suspended generator (pid 6800): CRITICAL escalation — RAM 94%
2026-04-08 10:35:00 [INFO] Aggregator: 517 unique discoveries (+0 new), best: 5/6*S^(3) @ 551 digits
2026-04-08 10:38:17 [INFO] Aggregator: 517 unique discoveries (+0 new), best: 5/6*S^(3) @ 551 digits
2026-04-08 10:38:50 [INFO] Resumed parallel (pid 34080)
2026-04-08 10:38:50 [INFO] Resumed ising (pid 32156)
2026-04-08 10:39:56 [ERROR] Agent parallel CRASHED with exit code 0
2026-04-08 10:39:56 [INFO] Scheduling deferred restart of parallel in 30s
2026-04-08 10:39:56 [WARNING] Agent ising STALLED (no log file after 907s)
2026-04-08 10:41:35 [INFO] Executing deferred restart of parallel
2026-04-08 10:41:35 [INFO] Started parallel (pid 44168): python -B parallel_engine.py
2026-04-08 10:41:35 [WARNING] Agent ising STALLED (no log file after 1005s)
2026-04-08 10:41:35 [INFO] Aggregator: 517 unique discoveries (+0 new), best: 5/6*S^(3) @ 551 digits
2026-04-08 10:42:10 [WARNING] CRITICAL resources — suspending tier-2 and tier-3 (streak=1)
2026-04-08 10:42:10 [INFO] Suspended parallel (pid 44168): CRITICAL resource pressure (throttle)
2026-04-08 10:42:10 [INFO] Suspended ising (pid 32156): CRITICAL resource pressure (throttle)
2026-04-08 10:44:23 [INFO] Resumed parallel (pid 44168)
2026-04-08 10:44:23 [INFO] Resumed ising (pid 32156)
2026-04-08 10:44:56 [ERROR] Agent parallel CRASHED with exit code 0
2026-04-08 10:44:56 [INFO] Scheduling deferred restart of parallel in 30s
2026-04-08 10:44:56 [WARNING] Agent ising STALLED (no log file after 1207s)
2026-04-08 10:44:56 [INFO] Aggregator: 517 unique discoveries (+0 new), best: 5/6*S^(3) @ 551 digits
2026-04-08 10:46:04 [WARNING] CRITICAL resources — suspending tier-2 and tier-3 (streak=1)
2026-04-08 10:46:04 [INFO] Suspended ising (pid 32156): CRITICAL resource pressure (throttle)
2026-04-08 10:46:37 [INFO] Executing deferred restart of parallel
2026-04-08 10:46:37 [INFO] Started parallel (pid 40100): python -B parallel_engine.py
2026-04-08 10:47:12 [WARNING] CRITICAL resources — suspending tier-2 and tier-3 (streak=1)
2026-04-08 10:47:12 [INFO] Suspended parallel (pid 40100): CRITICAL resource pressure (throttle)
2026-04-08 10:47:46 [WARNING] CRITICAL resources — suspending tier-2 and tier-3 (streak=2)
2026-04-08 10:48:19 [WARNING] CRITICAL resources — suspending tier-2 and tier-3 (streak=3)
2026-04-08 10:48:19 [WARNING] ESCALATION: suspending tier-1 generator (RAM=95%, streak=3)
2026-04-08 10:48:19 [INFO] Aggregator: 517 unique discoveries (+0 new), best: 5/6*S^(3) @ 551 digits
2026-04-08 10:48:54 [WARNING] CRITICAL resources — suspending tier-2 and tier-3 (streak=4)
2026-04-08 10:48:54 [WARNING] ESCALATION: suspending tier-1 generator (RAM=93%, streak=4)
2026-04-08 10:49:28 [WARNING] CRITICAL resources — suspending tier-2 and tier-3 (streak=5)
2026-04-08 10:50:35 [WARNING] CRITICAL resources — suspending tier-2 and tier-3 (streak=1)
2026-04-08 10:51:41 [INFO] Aggregator: 517 unique discoveries (+0 new), best: 5/6*S^(3) @ 551 digits
2026-04-08 10:54:27 [INFO] Resumed parallel (pid 40100)
2026-04-08 10:54:27 [INFO] Resumed ising (pid 32156)
2026-04-08 10:55:01 [WARNING] CRITICAL resources — suspending tier-2 and tier-3 (streak=1)
2026-04-08 10:55:01 [INFO] Suspended ising (pid 32156): CRITICAL resource pressure (throttle)
2026-04-08 10:55:01 [ERROR] Agent parallel CRASHED with exit code 0
2026-04-08 10:55:01 [WARNING] Agent parallel hit restart limit (3/hr) — not restarting
2026-04-08 10:55:01 [INFO] Aggregator: 517 unique discoveries (+0 new), best: 5/6*S^(3) @ 551 digits
2026-04-08 10:58:21 [INFO] Aggregator: 517 unique discoveries (+0 new), best: 5/6*S^(3) @ 551 digits
2026-04-08 10:59:27 [INFO] Resumed ising (pid 32156)
2026-04-08 11:00:00 [WARNING] CRITICAL resources — suspending tier-2 and tier-3 (streak=1)
2026-04-08 11:00:00 [INFO] Suspended ising (pid 32156): CRITICAL resource pressure (throttle)
2026-04-08 11:01:39 [INFO] Aggregator: 517 unique discoveries (+0 new), best: 5/6*S^(3) @ 551 digits
2026-04-08 11:02:12 [INFO] Resumed ising (pid 32156)
2026-04-08 11:02:46 [WARNING] CRITICAL resources — suspending tier-2 and tier-3 (streak=1)
2026-04-08 11:02:46 [INFO] Suspended ising (pid 32156): CRITICAL resource pressure (throttle)
2026-04-08 11:04:59 [INFO] Resumed ising (pid 32156)
2026-04-08 11:04:59 [WARNING] Agent ising STALLED (no log file after 2409s)
2026-04-08 11:04:59 [INFO] Aggregator: 517 unique discoveries (+0 new), best: 5/6*S^(3) @ 551 digits
2026-04-08 11:06:38 [WARNING] Agent ising STALLED (no log file after 2509s)
2026-04-08 11:08:19 [WARNING] Agent ising STALLED (no log file after 2609s)
2026-04-08 11:08:19 [INFO] Aggregator: 517 unique discoveries (+0 new), best: 5/6*S^(3) @ 551 digits
2026-04-08 11:09:57 [WARNING] Agent ising STALLED (no log file after 2708s)
2026-04-08 11:11:36 [WARNING] Agent ising STALLED (no log file after 2807s)
2026-04-08 11:11:36 [INFO] Aggregator: 517 unique discoveries (+0 new), best: 5/6*S^(3) @ 551 digits
2026-04-08 11:13:16 [WARNING] Agent ising STALLED (no log file after 2907s)
2026-04-08 11:14:55 [WARNING] Agent ising STALLED (no log file after 3006s)
2026-04-08 11:14:55 [INFO] Aggregator: 517 unique discoveries (+0 new), best: 5/6*S^(3) @ 551 digits
2026-04-08 11:16:34 [WARNING] Agent ising STALLED (no log file after 3104s)
2026-04-08 11:18:13 [WARNING] Agent ising STALLED (no log file after 3203s)
2026-04-08 11:18:13 [INFO] Aggregator: 517 unique discoveries (+0 new), best: 5/6*S^(3) @ 551 digits
2026-04-08 11:19:51 [WARNING] Agent ising STALLED (no log file after 3302s)
2026-04-08 11:21:30 [WARNING] Agent ising STALLED (no log file after 3400s)
2026-04-08 11:21:30 [INFO] Aggregator: 517 unique discoveries (+0 new), best: 5/6*S^(3) @ 551 digits
2026-04-08 11:23:08 [WARNING] Agent ising STALLED (no log file after 3499s)
2026-04-08 11:24:47 [WARNING] CRITICAL resources — suspending tier-2 and tier-3 (streak=1)
2026-04-08 11:24:47 [INFO] Suspended ising (pid 32156): CRITICAL resource pressure (throttle)
2026-04-08 11:24:47 [INFO] Aggregator: 517 unique discoveries (+0 new), best: 5/6*S^(3) @ 551 digits
2026-04-08 11:26:58 [INFO] Resumed ising (pid 32156)
2026-04-08 11:28:04 [WARNING] Agent ising STALLED (no log file after 3795s)
2026-04-08 11:28:04 [INFO] Aggregator: 517 unique discoveries (+0 new), best: 5/6*S^(3) @ 551 digits
2026-04-08 11:29:43 [WARNING] Agent ising STALLED (no log file after 3894s)
2026-04-08 11:31:21 [WARNING] Agent ising STALLED (no log file after 3992s)
2026-04-08 11:31:22 [INFO] Aggregator: 517 unique discoveries (+0 new), best: 5/6*S^(3) @ 551 digits
2026-04-08 11:33:00 [WARNING] Agent ising STALLED (no log file after 4091s)
2026-04-08 11:34:38 [WARNING] Agent ising STALLED (no log file after 4189s)
2026-04-08 11:34:38 [INFO] Aggregator: 517 unique discoveries (+0 new), best: 5/6*S^(3) @ 551 digits
2026-04-08 11:36:18 [WARNING] Agent ising STALLED (no log file after 4288s)
2026-04-08 11:37:56 [WARNING] Agent ising STALLED (no log file after 4387s)
2026-04-08 11:37:56 [INFO] Aggregator: 517 unique discoveries (+0 new), best: 5/6*S^(3) @ 551 digits
2026-04-08 11:39:35 [WARNING] Agent ising STALLED (no log file after 4485s)
2026-04-08 11:41:13 [WARNING] Agent ising STALLED (no log file after 4584s)
2026-04-08 11:41:13 [INFO] Aggregator: 517 unique discoveries (+0 new), best: 5/6*S^(3) @ 551 digits
2026-04-08 11:41:47 [WARNING] CRITICAL resources — suspending tier-2 and tier-3 (streak=1)
2026-04-08 11:41:47 [INFO] Suspended ising (pid 32156): CRITICAL resource pressure (throttle)
2026-04-08 11:43:58 [INFO] Resumed ising (pid 32156)
2026-04-08 11:44:31 [WARNING] Agent ising STALLED (no log file after 4782s)
2026-04-08 11:44:31 [INFO] Aggregator: 517 unique discoveries (+0 new), best: 5/6*S^(3) @ 551 digits
2026-04-08 11:46:10 [WARNING] Agent ising STALLED (no log file after 4880s)
2026-04-08 11:47:48 [WARNING] Agent ising STALLED (no log file after 4979s)
2026-04-08 11:47:48 [INFO] Aggregator: 517 unique discoveries (+0 new), best: 5/6*S^(3) @ 551 digits
2026-04-08 11:49:27 [WARNING] Agent ising STALLED (no log file after 5077s)
2026-04-08 11:51:05 [WARNING] Agent ising STALLED (no log file after 5176s)
2026-04-08 11:51:05 [INFO] Aggregator: 517 unique discoveries (+0 new), best: 5/6*S^(3) @ 551 digits
2026-04-08 11:52:45 [WARNING] Agent ising STALLED (no log file after 5276s)
2026-04-08 11:54:24 [WARNING] Agent ising STALLED (no log file after 5374s)
2026-04-08 11:54:24 [INFO] Aggregator: 517 unique discoveries (+0 new), best: 5/6*S^(3) @ 551 digits
2026-04-08 11:56:02 [WARNING] Agent ising STALLED (no log file after 5473s)
2026-04-08 11:57:41 [WARNING] Agent ising STALLED (no log file after 5571s)
2026-04-08 11:57:41 [INFO] Aggregator: 517 unique discoveries (+0 new), best: 5/6*S^(3) @ 551 digits
2026-04-08 11:59:19 [WARNING] Agent ising STALLED (no log file after 5670s)
2026-04-08 12:00:58 [WARNING] Agent ising STALLED (no log file after 5769s)
2026-04-08 12:00:58 [INFO] Aggregator: 517 unique discoveries (+0 new), best: 5/6*S^(3) @ 551 digits
2026-04-08 12:02:36 [WARNING] Agent ising STALLED (no log file after 5867s)
2026-04-08 12:04:15 [WARNING] Agent ising STALLED (no log file after 5965s)
2026-04-08 12:04:15 [INFO] Aggregator: 517 unique discoveries (+0 new), best: 5/6*S^(3) @ 551 digits
2026-04-08 12:04:48 [WARNING] CRITICAL resources — suspending tier-2 and tier-3 (streak=1)
2026-04-08 12:04:48 [INFO] Suspended ising (pid 32156): CRITICAL resource pressure (throttle)
2026-04-08 12:07:32 [INFO] Resumed ising (pid 32156)
2026-04-08 12:07:32 [WARNING] Agent ising STALLED (no log file after 6163s)
2026-04-08 12:07:32 [INFO] Aggregator: 517 unique discoveries (+0 new), best: 5/6*S^(3) @ 551 digits
2026-04-08 12:09:11 [WARNING] Agent ising STALLED (no log file after 6261s)
2026-04-08 12:10:51 [WARNING] Agent ising STALLED (no log file after 6361s)
2026-04-08 12:10:51 [INFO] Aggregator: 517 unique discoveries (+0 new), best: 5/6*S^(3) @ 551 digits
2026-04-08 12:12:29 [WARNING] Agent ising STALLED (no log file after 6459s)
2026-04-08 12:14:07 [WARNING] Agent ising STALLED (no log file after 6558s)
2026-04-08 12:14:07 [INFO] Aggregator: 517 unique discoveries (+0 new), best: 5/6*S^(3) @ 551 digits
2026-04-08 12:15:46 [WARNING] CRITICAL resources — suspending tier-2 and tier-3 (streak=1)
2026-04-08 12:15:46 [INFO] Suspended ising (pid 32156): CRITICAL resource pressure (throttle)
2026-04-08 12:17:25 [INFO] Aggregator: 517 unique discoveries (+0 new), best: 5/6*S^(3) @ 551 digits
2026-04-08 12:17:57 [INFO] Resumed ising (pid 32156)
2026-04-08 12:19:03 [WARNING] Agent ising STALLED (no log file after 6853s)
2026-04-08 12:20:41 [WARNING] Agent ising STALLED (no log file after 6952s)
2026-04-08 12:20:41 [INFO] Aggregator: 517 unique discoveries (+0 new), best: 5/6*S^(3) @ 551 digits
2026-04-08 12:22:19 [WARNING] Agent ising STALLED (no log file after 7050s)
2026-04-08 12:23:58 [ERROR] Agent ising CRASHED with exit code 0
2026-04-08 12:23:58 [INFO] Scheduling deferred restart of ising in 30s
2026-04-08 12:23:58 [INFO] Aggregator: 517 unique discoveries (+0 new), best: 5/6*S^(3) @ 551 digits
2026-04-08 12:25:37 [INFO] Executing deferred restart of ising
2026-04-08 12:25:37 [INFO] Started ising (pid 23788): python -B _pcf_search_Tc_3d_ising.py
2026-04-08 12:27:15 [INFO] Aggregator: 517 unique discoveries (+0 new), best: 5/6*S^(3) @ 551 digits
2026-04-08 12:30:32 [INFO] Aggregator: 517 unique discoveries (+0 new), best: 5/6*S^(3) @ 551 digits
2026-04-08 12:33:49 [INFO] Aggregator: 517 unique discoveries (+0 new), best: 5/6*S^(3) @ 551 digits
2026-04-08 12:37:06 [WARNING] Agent ising STALLED (no log file after 689s)
2026-04-08 12:37:06 [INFO] Aggregator: 517 unique discoveries (+0 new), best: 5/6*S^(3) @ 551 digits
2026-04-08 12:38:45 [WARNING] Agent ising STALLED (no log file after 788s)
2026-04-08 12:40:24 [WARNING] Agent ising STALLED (no log file after 887s)
2026-04-08 12:40:24 [INFO] Aggregator: 517 unique discoveries (+0 new), best: 5/6*S^(3) @ 551 digits
2026-04-08 12:42:02 [WARNING] Agent ising STALLED (no log file after 985s)
2026-04-08 12:43:40 [WARNING] Agent ising STALLED (no log file after 1083s)
2026-04-08 12:43:40 [INFO] Aggregator: 517 unique discoveries (+0 new), best: 5/6*S^(3) @ 551 digits
2026-04-08 12:45:20 [WARNING] Agent ising STALLED (no log file after 1183s)
2026-04-08 12:46:58 [WARNING] Agent ising STALLED (no log file after 1281s)
2026-04-08 12:46:58 [INFO] Aggregator: 517 unique discoveries (+0 new), best: 5/6*S^(3) @ 551 digits
2026-04-08 12:48:36 [WARNING] Agent ising STALLED (no log file after 1379s)
2026-04-08 12:50:15 [WARNING] Agent ising STALLED (no log file after 1478s)
2026-04-08 12:50:15 [INFO] Aggregator: 517 unique discoveries (+0 new), best: 5/6*S^(3) @ 551 digits
2026-04-08 12:50:49 [WARNING] CRITICAL resources — suspending tier-2 and tier-3 (streak=1)
2026-04-08 12:50:49 [INFO] Suspended ising (pid 23788): CRITICAL resource pressure (throttle)
2026-04-08 12:53:00 [INFO] Resumed ising (pid 23788)
2026-04-08 12:53:33 [WARNING] Agent ising STALLED (no log file after 1676s)
2026-04-08 12:53:33 [INFO] Aggregator: 517 unique discoveries (+0 new), best: 5/6*S^(3) @ 551 digits
2026-04-08 12:55:11 [WARNING] Agent ising STALLED (no log file after 1774s)
2026-04-08 12:56:50 [WARNING] Agent ising STALLED (no log file after 1873s)
2026-04-08 12:56:50 [INFO] Aggregator: 517 unique discoveries (+0 new), best: 5/6*S^(3) @ 551 digits
2026-04-08 12:58:28 [WARNING] Agent ising STALLED (no log file after 1971s)
2026-04-08 13:00:07 [WARNING] Agent ising STALLED (no log file after 2070s)
2026-04-08 13:00:07 [INFO] Aggregator: 517 unique discoveries (+0 new), best: 5/6*S^(3) @ 551 digits
2026-04-08 13:01:46 [WARNING] Agent ising STALLED (no log file after 2169s)
2026-04-08 13:03:25 [WARNING] Agent ising STALLED (no log file after 2268s)
2026-04-08 13:03:25 [INFO] Aggregator: 517 unique discoveries (+0 new), best: 5/6*S^(3) @ 551 digits
2026-04-08 13:05:03 [WARNING] Agent ising STALLED (no log file after 2366s)
2026-04-08 13:06:41 [WARNING] Agent ising STALLED (no log file after 2464s)
2026-04-08 13:06:41 [INFO] Aggregator: 517 unique discoveries (+0 new), best: 5/6*S^(3) @ 551 digits
2026-04-08 13:08:21 [WARNING] Agent ising STALLED (no log file after 2564s)
2026-04-08 13:09:59 [WARNING] Agent ising STALLED (no log file after 2662s)
2026-04-08 13:09:59 [INFO] Aggregator: 517 unique discoveries (+0 new), best: 5/6*S^(3) @ 551 digits
2026-04-08 13:11:37 [WARNING] Agent ising STALLED (no log file after 2760s)
2026-04-08 13:13:16 [WARNING] Agent ising STALLED (no log file after 2859s)
2026-04-08 13:13:16 [INFO] Aggregator: 517 unique discoveries (+0 new), best: 5/6*S^(3) @ 551 digits
2026-04-08 13:13:50 [WARNING] CRITICAL resources — suspending tier-2 and tier-3 (streak=1)
2026-04-08 13:13:50 [INFO] Suspended ising (pid 23788): CRITICAL resource pressure (throttle)
2026-04-08 13:16:01 [INFO] Resumed ising (pid 23788)
2026-04-08 13:16:34 [WARNING] Agent ising STALLED (no log file after 3057s)
2026-04-08 13:16:34 [INFO] Aggregator: 517 unique discoveries (+0 new), best: 5/6*S^(3) @ 551 digits
2026-04-08 13:18:12 [WARNING] Agent ising STALLED (no log file after 3155s)
2026-04-08 13:19:51 [WARNING] Agent ising STALLED (no log file after 3254s)
2026-04-08 13:19:51 [INFO] Aggregator: 517 unique discoveries (+0 new), best: 5/6*S^(3) @ 551 digits
2026-04-08 13:21:29 [WARNING] Agent ising STALLED (no log file after 3352s)
2026-04-08 13:23:07 [WARNING] Agent ising STALLED (no log file after 3450s)
2026-04-08 13:23:07 [INFO] Aggregator: 517 unique discoveries (+0 new), best: 5/6*S^(3) @ 551 digits
2026-04-08 13:24:47 [WARNING] Agent ising STALLED (no log file after 3550s)
2026-04-08 13:26:26 [WARNING] Agent ising STALLED (no log file after 3649s)
2026-04-08 13:26:26 [INFO] Aggregator: 517 unique discoveries (+0 new), best: 5/6*S^(3) @ 551 digits
2026-04-08 13:28:04 [WARNING] Agent ising STALLED (no log file after 3747s)
2026-04-08 13:29:42 [WARNING] Agent ising STALLED (no log file after 3845s)
2026-04-08 13:29:42 [INFO] Aggregator: 517 unique discoveries (+0 new), best: 5/6*S^(3) @ 551 digits
2026-04-08 13:31:21 [WARNING] Agent ising STALLED (no log file after 3944s)
2026-04-08 13:33:00 [WARNING] Agent ising STALLED (no log file after 4043s)
2026-04-08 13:33:00 [INFO] Aggregator: 517 unique discoveries (+0 new), best: 5/6*S^(3) @ 551 digits
2026-04-08 13:34:38 [WARNING] Agent ising STALLED (no log file after 4141s)
2026-04-08 13:36:17 [ERROR] Agent ising CRASHED with exit code 0
2026-04-08 13:36:17 [INFO] Scheduling deferred restart of ising in 30s
2026-04-08 13:36:17 [INFO] Aggregator: 517 unique discoveries (+0 new), best: 5/6*S^(3) @ 551 digits
2026-04-08 13:37:55 [INFO] Executing deferred restart of ising
2026-04-08 13:37:55 [INFO] Started ising (pid 34344): python -B _pcf_search_Tc_3d_ising.py
2026-04-08 13:39:33 [INFO] Aggregator: 517 unique discoveries (+0 new), best: 5/6*S^(3) @ 551 digits
2026-04-08 13:42:50 [INFO] Aggregator: 517 unique discoveries (+0 new), best: 5/6*S^(3) @ 551 digits
2026-04-08 13:46:07 [INFO] Aggregator: 517 unique discoveries (+0 new), best: 5/6*S^(3) @ 551 digits
2026-04-08 13:48:52 [WARNING] CRITICAL resources — suspending tier-2 and tier-3 (streak=1)
2026-04-08 13:48:52 [INFO] Suspended ising (pid 34344): CRITICAL resource pressure (throttle)
2026-04-08 13:49:25 [INFO] Aggregator: 517 unique discoveries (+0 new), best: 5/6*S^(3) @ 551 digits
2026-04-08 13:51:03 [INFO] Resumed ising (pid 34344)
2026-04-08 13:51:03 [WARNING] Agent ising STALLED (no log file after 788s)
2026-04-08 13:52:41 [WARNING] Agent ising STALLED (no log file after 886s)
2026-04-08 13:52:42 [INFO] Aggregator: 517 unique discoveries (+0 new), best: 5/6*S^(3) @ 551 digits
2026-04-08 13:54:21 [WARNING] Agent ising STALLED (no log file after 985s)
2026-04-08 13:55:59 [WARNING] Agent ising STALLED (no log file after 1083s)
2026-04-08 13:55:59 [INFO] Aggregator: 517 unique discoveries (+0 new), best: 5/6*S^(3) @ 551 digits
2026-04-08 13:57:37 [WARNING] Agent ising STALLED (no log file after 1182s)
2026-04-08 13:59:15 [WARNING] Agent ising STALLED (no log file after 1280s)
2026-04-08 13:59:16 [INFO] Aggregator: 517 unique discoveries (+0 new), best: 5/6*S^(3) @ 551 digits
2026-04-08 14:00:55 [WARNING] Agent ising STALLED (no log file after 1379s)
2026-04-08 14:02:33 [WARNING] Agent ising STALLED (no log file after 1478s)
2026-04-08 14:02:33 [INFO] Aggregator: 517 unique discoveries (+0 new), best: 5/6*S^(3) @ 551 digits
2026-04-08 14:04:11 [WARNING] Agent ising STALLED (no log file after 1576s)
2026-04-08 14:05:50 [WARNING] CRITICAL resources — suspending tier-2 and tier-3 (streak=1)
2026-04-08 14:05:50 [INFO] Suspended ising (pid 34344): CRITICAL resource pressure (throttle)
2026-04-08 14:05:50 [INFO] Aggregator: 517 unique discoveries (+0 new), best: 5/6*S^(3) @ 551 digits
2026-04-08 14:08:01 [INFO] Resumed ising (pid 34344)
2026-04-08 14:09:07 [WARNING] Agent ising STALLED (no log file after 1871s)
2026-04-08 14:09:07 [INFO] Aggregator: 517 unique discoveries (+0 new), best: 5/6*S^(3) @ 551 digits
2026-04-08 14:10:45 [WARNING] Agent ising STALLED (no log file after 1970s)
2026-04-08 14:12:24 [WARNING] Agent ising STALLED (no log file after 2068s)
2026-04-08 14:12:24 [INFO] Aggregator: 517 unique discoveries (+0 new), best: 5/6*S^(3) @ 551 digits
2026-04-08 14:14:02 [WARNING] Agent ising STALLED (no log file after 2166s)
2026-04-08 14:15:40 [WARNING] Agent ising STALLED (no log file after 2265s)
2026-04-08 14:15:40 [INFO] Aggregator: 517 unique discoveries (+0 new), best: 5/6*S^(3) @ 551 digits
2026-04-08 14:17:18 [WARNING] Agent ising STALLED (no log file after 2363s)
2026-04-08 14:18:57 [WARNING] Agent ising STALLED (no log file after 2461s)
2026-04-08 14:18:57 [INFO] Aggregator: 517 unique discoveries (+0 new), best: 5/6*S^(3) @ 551 digits
2026-04-08 14:20:35 [WARNING] Agent ising STALLED (no log file after 2560s)
2026-04-08 14:22:13 [WARNING] Agent ising STALLED (no log file after 2658s)
2026-04-08 14:22:13 [INFO] Aggregator: 517 unique discoveries (+0 new), best: 5/6*S^(3) @ 551 digits
2026-04-08 14:23:52 [WARNING] Agent ising STALLED (no log file after 2756s)
2026-04-08 14:25:30 [WARNING] Agent ising STALLED (no log file after 2854s)
2026-04-08 14:25:30 [INFO] Aggregator: 517 unique discoveries (+0 new), best: 5/6*S^(3) @ 551 digits
2026-04-08 14:27:08 [WARNING] Agent ising STALLED (no log file after 2953s)
2026-04-08 14:28:47 [WARNING] Agent ising STALLED (no log file after 3051s)
2026-04-08 14:28:47 [INFO] Aggregator: 517 unique discoveries (+0 new), best: 5/6*S^(3) @ 551 digits
2026-04-08 14:30:25 [WARNING] Agent ising STALLED (no log file after 3150s)
2026-04-08 14:32:03 [WARNING] Agent ising STALLED (no log file after 3248s)
2026-04-08 14:32:03 [INFO] Aggregator: 517 unique discoveries (+0 new), best: 5/6*S^(3) @ 551 digits
2026-04-08 14:33:42 [WARNING] Agent ising STALLED (no log file after 3346s)
2026-04-08 14:35:20 [WARNING] Agent ising STALLED (no log file after 3445s)
2026-04-08 14:35:20 [INFO] Aggregator: 517 unique discoveries (+0 new), best: 5/6*S^(3) @ 551 digits
2026-04-08 14:36:58 [WARNING] Agent ising STALLED (no log file after 3543s)
2026-04-08 14:38:37 [WARNING] Agent ising STALLED (no log file after 3641s)
2026-04-08 14:38:37 [INFO] Aggregator: 517 unique discoveries (+0 new), best: 5/6*S^(3) @ 551 digits
2026-04-08 14:40:15 [WARNING] Agent ising STALLED (no log file after 3740s)
2026-04-08 14:41:54 [WARNING] Agent ising STALLED (no log file after 3838s)
2026-04-08 14:41:54 [INFO] Aggregator: 517 unique discoveries (+0 new), best: 5/6*S^(3) @ 551 digits
2026-04-08 14:43:32 [WARNING] Agent ising STALLED (no log file after 3936s)
2026-04-08 14:45:10 [WARNING] Agent ising STALLED (no log file after 4035s)
2026-04-08 14:45:10 [INFO] Aggregator: 517 unique discoveries (+0 new), best: 5/6*S^(3) @ 551 digits
2026-04-08 14:46:49 [ERROR] Agent ising CRASHED with exit code 0
2026-04-08 14:46:49 [INFO] Scheduling deferred restart of ising in 30s
2026-04-08 14:48:27 [INFO] Executing deferred restart of ising
2026-04-08 14:48:27 [INFO] Started ising (pid 28252): python -B _pcf_search_Tc_3d_ising.py
2026-04-08 14:48:27 [INFO] Aggregator: 517 unique discoveries (+0 new), best: 5/6*S^(3) @ 551 digits
2026-04-08 14:51:44 [INFO] Aggregator: 517 unique discoveries (+0 new), best: 5/6*S^(3) @ 551 digits
2026-04-08 14:53:58 [WARNING] CRITICAL resources — suspending tier-2 and tier-3 (streak=1)
2026-04-08 14:53:58 [INFO] Suspended ising (pid 28252): CRITICAL resource pressure (throttle)
2026-04-08 14:55:05 [INFO] Aggregator: 517 unique discoveries (+0 new), best: 5/6*S^(3) @ 551 digits
2026-04-08 14:58:25 [WARNING] CRITICAL resources — suspending tier-2 and tier-3 (streak=1)
2026-04-08 14:58:25 [INFO] Aggregator: 517 unique discoveries (+0 new), best: 5/6*S^(3) @ 551 digits
2026-04-08 15:01:12 [WARNING] CRITICAL resources — suspending tier-2 and tier-3 (streak=1)
2026-04-08 15:01:45 [INFO] Aggregator: 517 unique discoveries (+0 new), best: 5/6*S^(3) @ 551 digits
2026-04-08 15:02:18 [WARNING] CRITICAL resources — suspending tier-2 and tier-3 (streak=1)
2026-04-08 15:04:30 [INFO] Resumed ising (pid 28252)
2026-04-08 15:05:02 [WARNING] Agent ising STALLED (no log file after 994s)
2026-04-08 15:05:02 [INFO] Aggregator: 517 unique discoveries (+0 new), best: 5/6*S^(3) @ 551 digits
2026-04-08 15:06:41 [WARNING] Agent ising STALLED (no log file after 1093s)
2026-04-08 15:08:20 [WARNING] CRITICAL resources — suspending tier-2 and tier-3 (streak=1)
2026-04-08 15:08:20 [INFO] Suspended ising (pid 28252): CRITICAL resource pressure (throttle)
2026-04-08 15:08:20 [INFO] Aggregator: 517 unique discoveries (+0 new), best: 5/6*S^(3) @ 551 digits
2026-04-08 15:10:31 [INFO] Resumed ising (pid 28252)
2026-04-08 15:11:37 [WARNING] Agent ising STALLED (no log file after 1389s)
2026-04-08 15:11:37 [INFO] Aggregator: 517 unique discoveries (+0 new), best: 5/6*S^(3) @ 551 digits
2026-04-08 15:13:16 [WARNING] Agent ising STALLED (no log file after 1488s)
2026-04-08 15:14:57 [WARNING] Agent ising STALLED (no log file after 1589s)
2026-04-08 15:14:57 [INFO] Aggregator: 517 unique discoveries (+0 new), best: 5/6*S^(3) @ 551 digits
2026-04-08 15:16:15 [INFO] Orchestrator starting (interval=30s, dry_run=False)
2026-04-08 15:16:15 [INFO] Started generator (pid 7340): python -B ramanujan_breakthrough_generator.py --resume
2026-04-08 15:16:25 [INFO] Started parallel (pid 9260): python -B parallel_engine.py
2026-04-08 15:16:25 [INFO] Started ising (pid 29244): python -B _pcf_search_Tc_3d_ising.py
2026-04-08 15:16:29 [WARNING] Agent generator STALLED (state 17175s old, cycle stuck at 1110)
2026-04-08 15:16:29 [WARNING] Agent parallel STALLED (log 15721s stale)
2026-04-08 15:16:29 [INFO] Aggregator: 517 unique discoveries (+517 new), best: 5/6*S^(3) @ 551 digits
2026-04-08 15:17:03 [WARNING] CRITICAL resources — suspending tier-2 and tier-3 (streak=1)
2026-04-08 15:17:03 [INFO] Suspended parallel (pid 9260): CRITICAL resource pressure (throttle)
2026-04-08 15:17:03 [INFO] Suspended ising (pid 29244): CRITICAL resource pressure (throttle)
2026-04-08 15:17:38 [WARNING] CRITICAL resources — suspending tier-2 and tier-3 (streak=2)
2026-04-08 15:18:11 [INFO] Agent generator recovered from STALL (cycle 1115)
2026-04-08 15:19:50 [INFO] Aggregator: 517 unique discoveries (+0 new), best: 5/6*S^(3) @ 551 digits
2026-04-08 15:22:01 [WARNING] CRITICAL resources — suspending tier-2 and tier-3 (streak=1)
2026-04-08 15:23:07 [INFO] Aggregator: 517 unique discoveries (+0 new), best: 5/6*S^(3) @ 551 digits
2026-04-08 15:25:20 [WARNING] CRITICAL resources — suspending tier-2 and tier-3 (streak=1)
2026-04-08 15:26:26 [INFO] Aggregator: 517 unique discoveries (+0 new), best: 5/6*S^(3) @ 551 digits
2026-04-08 15:29:45 [INFO] Aggregator: 517 unique discoveries (+0 new), best: 5/6*S^(3) @ 551 digits
2026-04-08 15:30:22 [WARNING] CRITICAL resources — suspending tier-2 and tier-3 (streak=1)
2026-04-08 15:30:56 [WARNING] CRITICAL resources — suspending tier-2 and tier-3 (streak=2)
2026-04-08 15:31:30 [WARNING] CRITICAL resources — suspending tier-2 and tier-3 (streak=3)
2026-04-08 15:31:30 [WARNING] ESCALATION: suspending tier-1 generator (RAM=92%, streak=3)
2026-04-08 15:31:30 [INFO] Suspended generator (pid 7340): CRITICAL escalation — RAM 92%
2026-04-08 15:33:16 [INFO] Aggregator: 517 unique discoveries (+0 new), best: 5/6*S^(3) @ 551 digits
2026-04-08 15:35:00 [WARNING] CRITICAL resources — suspending tier-2 and tier-3 (streak=1)
2026-04-08 15:35:42 [WARNING] CRITICAL resources — suspending tier-2 and tier-3 (streak=2)
2026-04-08 15:36:53 [WARNING] CRITICAL resources — suspending tier-2 and tier-3 (streak=1)
2026-04-08 15:36:53 [INFO] Aggregator: 517 unique discoveries (+0 new), best: 5/6*S^(3) @ 551 digits
2026-04-08 15:37:59 [WARNING] CRITICAL resources — suspending tier-2 and tier-3 (streak=1)
2026-04-08 15:38:33 [WARNING] CRITICAL resources — suspending tier-2 and tier-3 (streak=2)
2026-04-08 15:39:06 [WARNING] CRITICAL resources — suspending tier-2 and tier-3 (streak=3)
2026-04-08 15:39:06 [WARNING] ESCALATION: suspending tier-1 generator (RAM=96%, streak=3)
2026-04-08 15:39:39 [WARNING] CRITICAL resources — suspending tier-2 and tier-3 (streak=4)
2026-04-08 15:39:39 [WARNING] ESCALATION: suspending tier-1 generator (RAM=96%, streak=4)
2026-04-08 15:40:12 [INFO] Aggregator: 517 unique discoveries (+0 new), best: 5/6*S^(3) @ 551 digits
2026-04-08 15:41:51 [INFO] Resuming escalation-suspended tier-1 agent generator
2026-04-08 15:41:51 [INFO] Resumed generator (pid 7340)
2026-04-08 15:41:51 [INFO] Resumed parallel (pid 9260)
2026-04-08 15:41:51 [INFO] Resumed ising (pid 29244)
2026-04-08 15:41:51 [WARNING] Agent parallel STALLED (log 17243s stale)
2026-04-08 15:41:51 [WARNING] Agent ising STALLED (no log file after 1526s)
2026-04-08 15:43:30 [ERROR] Agent parallel CRASHED with exit code 0
2026-04-08 15:43:30 [INFO] Scheduling deferred restart of parallel in 30s
2026-04-08 15:43:30 [WARNING] Agent ising STALLED (no log file after 1625s)
2026-04-08 15:43:30 [INFO] Aggregator: 517 unique discoveries (+0 new), best: 5/6*S^(3) @ 551 digits
2026-04-08 15:45:08 [INFO] Executing deferred restart of parallel
2026-04-08 15:45:08 [INFO] Started parallel (pid 32480): python -B parallel_engine.py
2026-04-08 15:45:09 [WARNING] Agent parallel STALLED (log 197s stale)
2026-04-08 15:45:09 [WARNING] Agent ising STALLED (no log file after 1723s)
2026-04-08 15:45:43 [WARNING] CRITICAL resources — suspending tier-2 and tier-3 (streak=1)
2026-04-08 15:45:43 [INFO] Suspended parallel (pid 32480): CRITICAL resource pressure (throttle)
2026-04-08 15:45:43 [INFO] Suspended ising (pid 29244): CRITICAL resource pressure (throttle)
2026-04-08 15:46:17 [WARNING] CRITICAL resources — suspending tier-2 and tier-3 (streak=2)
2026-04-08 15:46:49 [INFO] Aggregator: 517 unique discoveries (+0 new), best: 5/6*S^(3) @ 551 digits
2026-04-08 15:48:28 [INFO] Resumed parallel (pid 32480)
2026-04-08 15:48:28 [INFO] Resumed ising (pid 29244)
2026-04-08 15:48:28 [WARNING] Agent ising STALLED (no log file after 1923s)
2026-04-08 15:49:35 [WARNING] CRITICAL resources — suspending tier-2 and tier-3 (streak=1)
2026-04-08 15:49:35 [INFO] Suspended ising (pid 29244): CRITICAL resource pressure (throttle)
2026-04-08 15:50:08 [ERROR] Agent parallel CRASHED with exit code 0
2026-04-08 15:50:08 [INFO] Scheduling deferred restart of parallel in 30s
2026-04-08 15:50:08 [INFO] Aggregator: 517 unique discoveries (+0 new), best: 5/6*S^(3) @ 551 digits
2026-04-08 15:51:46 [INFO] Resumed ising (pid 29244)
2026-04-08 15:51:46 [INFO] Executing deferred restart of parallel
2026-04-08 15:51:46 [INFO] Started parallel (pid 31824): python -B parallel_engine.py
2026-04-08 15:51:46 [WARNING] Agent parallel STALLED (log 198s stale)
2026-04-08 15:51:46 [WARNING] Agent ising STALLED (no log file after 2121s)
2026-04-08 15:52:20 [WARNING] CRITICAL resources — suspending tier-2 and tier-3 (streak=1)
2026-04-08 15:52:20 [INFO] Suspended parallel (pid 31824): CRITICAL resource pressure (throttle)
2026-04-08 15:52:20 [INFO] Suspended ising (pid 29244): CRITICAL resource pressure (throttle)
2026-04-08 15:52:54 [WARNING] CRITICAL resources — suspending tier-2 and tier-3 (streak=2)
2026-04-08 15:53:27 [INFO] Aggregator: 517 unique discoveries (+0 new), best: 5/6*S^(3) @ 551 digits
2026-04-08 15:54:34 [WARNING] CRITICAL resources — suspending tier-2 and tier-3 (streak=1)
2026-04-08 15:56:48 [INFO] Aggregator: 517 unique discoveries (+0 new), best: 5/6*S^(3) @ 551 digits
2026-04-08 16:00:06 [INFO] Aggregator: 517 unique discoveries (+0 new), best: 5/6*S^(3) @ 551 digits
2026-04-08 16:00:40 [WARNING] CRITICAL resources — suspending tier-2 and tier-3 (streak=1)
2026-04-08 16:01:47 [WARNING] CRITICAL resources — suspending tier-2 and tier-3 (streak=1)
2026-04-08 16:02:54 [WARNING] CRITICAL resources — suspending tier-2 and tier-3 (streak=1)
2026-04-08 16:03:27 [INFO] Aggregator: 518 unique discoveries (+1 new), best: 5/6*S^(3) @ 551 digits
2026-04-08 16:05:41 [WARNING] CRITICAL resources — suspending tier-2 and tier-3 (streak=1)
2026-04-08 16:06:47 [INFO] Aggregator: 518 unique discoveries (+0 new), best: 5/6*S^(3) @ 551 digits
2026-04-08 16:07:52 [INFO] Resumed parallel (pid 31824)
2026-04-08 16:07:52 [INFO] Resumed ising (pid 29244)
2026-04-08 16:08:26 [ERROR] Agent parallel CRASHED with exit code 0
2026-04-08 16:08:26 [INFO] Scheduling deferred restart of parallel in 30s
2026-04-08 16:08:26 [WARNING] Agent ising STALLED (no log file after 3120s)
2026-04-08 16:10:05 [INFO] Executing deferred restart of parallel
2026-04-08 16:10:05 [INFO] Started parallel (pid 17876): python -B parallel_engine.py
2026-04-08 16:10:05 [WARNING] Agent ising STALLED (no log file after 3219s)
2026-04-08 16:10:05 [INFO] Aggregator: 518 unique discoveries (+0 new), best: 5/6*S^(3) @ 551 digits
2026-04-08 16:10:40 [WARNING] CRITICAL resources — suspending tier-2 and tier-3 (streak=1)
2026-04-08 16:10:40 [INFO] Suspended parallel (pid 17876): CRITICAL resource pressure (throttle)
2026-04-08 16:10:40 [INFO] Suspended ising (pid 29244): CRITICAL resource pressure (throttle)
2026-04-08 16:11:14 [WARNING] CRITICAL resources — suspending tier-2 and tier-3 (streak=2)
2026-04-08 16:13:26 [INFO] Resumed parallel (pid 17876)
2026-04-08 16:13:26 [INFO] Resumed ising (pid 29244)
2026-04-08 16:13:26 [WARNING] Agent ising STALLED (no log file after 3420s)
2026-04-08 16:13:26 [INFO] Aggregator: 518 unique discoveries (+0 new), best: 5/6*S^(3) @ 551 digits
2026-04-08 16:15:05 [ERROR] Agent parallel CRASHED with exit code 0
2026-04-08 16:15:05 [WARNING] Agent parallel hit restart limit (3/hr) — not restarting
2026-04-08 16:15:05 [WARNING] Agent ising STALLED (no log file after 3519s)
2026-04-08 16:16:44 [WARNING] Agent ising STALLED (no log file after 3618s)
2026-04-08 16:16:44 [INFO] Aggregator: 518 unique discoveries (+0 new), best: 5/6*S^(3) @ 551 digits
2026-04-08 16:18:23 [WARNING] Agent ising STALLED (no log file after 3717s)
2026-04-08 16:20:01 [WARNING] Agent ising STALLED (no log file after 3816s)
2026-04-08 16:20:01 [INFO] Aggregator: 518 unique discoveries (+0 new), best: 5/6*S^(3) @ 551 digits
2026-04-08 16:21:42 [WARNING] Agent ising STALLED (no log file after 3916s)
2026-04-08 16:23:21 [WARNING] Agent ising STALLED (no log file after 4016s)
2026-04-08 16:23:21 [INFO] Aggregator: 518 unique discoveries (+0 new), best: 5/6*S^(3) @ 551 digits
2026-04-08 16:25:01 [WARNING] Agent ising STALLED (no log file after 4115s)
2026-04-08 16:26:42 [WARNING] Agent ising STALLED (no log file after 4216s)
2026-04-08 16:26:42 [INFO] Aggregator: 518 unique discoveries (+0 new), best: 5/6*S^(3) @ 551 digits
2026-04-08 16:27:49 [WARNING] CRITICAL resources — suspending tier-2 and tier-3 (streak=1)
2026-04-08 16:27:49 [INFO] Suspended ising (pid 29244): CRITICAL resource pressure (throttle)
2026-04-08 16:29:30 [WARNING] CRITICAL resources — suspending tier-2 and tier-3 (streak=1)
2026-04-08 16:30:03 [INFO] Aggregator: 518 unique discoveries (+0 new), best: 5/6*S^(3) @ 551 digits
2026-04-08 16:31:44 [WARNING] CRITICAL resources — suspending tier-2 and tier-3 (streak=1)
2026-04-08 16:33:24 [INFO] Aggregator: 518 unique discoveries (+0 new), best: 5/6*S^(3) @ 551 digits
2026-04-08 16:36:44 [WARNING] CRITICAL resources — suspending tier-2 and tier-3 (streak=1)
2026-04-08 16:36:44 [INFO] Aggregator: 518 unique discoveries (+0 new), best: 5/6*S^(3) @ 551 digits
2026-04-08 16:38:56 [INFO] Resumed ising (pid 29244)
2026-04-08 16:39:30 [WARNING] CRITICAL resources — suspending tier-2 and tier-3 (streak=1)
2026-04-08 16:39:30 [INFO] Suspended ising (pid 29244): CRITICAL resource pressure (throttle)
2026-04-08 16:40:03 [INFO] Aggregator: 518 unique discoveries (+0 new), best: 5/6*S^(3) @ 551 digits
2026-04-08 16:41:11 [WARNING] CRITICAL resources — suspending tier-2 and tier-3 (streak=1)
2026-04-08 16:41:45 [WARNING] CRITICAL resources — suspending tier-2 and tier-3 (streak=2)
2026-04-08 16:42:52 [WARNING] CRITICAL resources — suspending tier-2 and tier-3 (streak=1)
2026-04-08 16:43:26 [INFO] Aggregator: 518 unique discoveries (+0 new), best: 5/6*S^(3) @ 551 digits
2026-04-08 16:44:35 [WARNING] CRITICAL resources — suspending tier-2 and tier-3 (streak=1)
2026-04-08 16:45:09 [WARNING] CRITICAL resources — suspending tier-2 and tier-3 (streak=2)
2026-04-08 16:45:44 [WARNING] CRITICAL resources — suspending tier-2 and tier-3 (streak=3)
2026-04-08 16:45:44 [WARNING] ESCALATION: suspending tier-1 generator (RAM=96%, streak=3)
2026-04-08 16:45:44 [INFO] Suspended generator (pid 7340): CRITICAL escalation — RAM 96%
2026-04-08 16:46:19 [WARNING] CRITICAL resources — suspending tier-2 and tier-3 (streak=4)
2026-04-08 16:46:19 [WARNING] ESCALATION: suspending tier-1 generator (RAM=97%, streak=4)
2026-04-08 16:46:53 [WARNING] CRITICAL resources — suspending tier-2 and tier-3 (streak=5)
2026-04-08 16:46:53 [WARNING] ESCALATION: suspending tier-1 generator (RAM=96%, streak=5)
2026-04-08 16:46:53 [INFO] Aggregator: 518 unique discoveries (+0 new), best: 5/6*S^(3) @ 551 digits
2026-04-08 16:47:27 [WARNING] CRITICAL resources — suspending tier-2 and tier-3 (streak=6)
2026-04-08 16:47:27 [WARNING] ESCALATION: suspending tier-1 generator (RAM=95%, streak=6)
2026-04-08 16:48:07 [WARNING] CRITICAL resources — suspending tier-2 and tier-3 (streak=7)
2026-04-08 16:48:07 [WARNING] ESCALATION: suspending tier-1 generator (RAM=95%, streak=7)
2026-04-08 16:48:43 [WARNING] CRITICAL resources — suspending tier-2 and tier-3 (streak=8)
2026-04-08 16:48:43 [WARNING] ESCALATION: suspending tier-1 generator (RAM=96%, streak=8)
2026-04-08 16:49:18 [WARNING] CRITICAL resources — suspending tier-2 and tier-3 (streak=9)
2026-04-08 16:49:18 [WARNING] ESCALATION: suspending tier-1 generator (RAM=95%, streak=9)
2026-04-08 16:49:52 [WARNING] CRITICAL resources — suspending tier-2 and tier-3 (streak=10)
2026-04-08 16:49:52 [WARNING] ESCALATION: suspending tier-1 generator (RAM=96%, streak=10)
2026-04-08 16:50:28 [WARNING] CRITICAL resources — suspending tier-2 and tier-3 (streak=11)
2026-04-08 16:50:28 [WARNING] ESCALATION: suspending tier-1 generator (RAM=96%, streak=11)
2026-04-08 16:50:29 [INFO] Aggregator: 518 unique discoveries (+0 new), best: 5/6*S^(3) @ 551 digits
2026-04-08 16:51:03 [WARNING] CRITICAL resources — suspending tier-2 and tier-3 (streak=12)
2026-04-08 16:51:03 [WARNING] ESCALATION: suspending tier-1 generator (RAM=96%, streak=12)
2026-04-08 16:51:51 [WARNING] CRITICAL resources — suspending tier-2 and tier-3 (streak=13)
2026-04-08 16:51:52 [WARNING] ESCALATION: suspending tier-1 generator (RAM=94%, streak=13)
2026-04-08 16:52:33 [WARNING] CRITICAL resources — suspending tier-2 and tier-3 (streak=14)
2026-04-08 16:52:33 [WARNING] ESCALATION: suspending tier-1 generator (RAM=95%, streak=14)
2026-04-08 16:53:13 [WARNING] CRITICAL resources — suspending tier-2 and tier-3 (streak=15)
2026-04-08 16:53:13 [WARNING] ESCALATION: suspending tier-1 generator (RAM=95%, streak=15)
2026-04-08 16:53:48 [WARNING] CRITICAL resources — suspending tier-2 and tier-3 (streak=16)
2026-04-08 16:53:48 [WARNING] ESCALATION: suspending tier-1 generator (RAM=94%, streak=16)
2026-04-08 16:54:27 [WARNING] CRITICAL resources — suspending tier-2 and tier-3 (streak=17)
2026-04-08 16:54:27 [WARNING] ESCALATION: suspending tier-1 generator (RAM=94%, streak=17)
2026-04-08 16:54:28 [INFO] Aggregator: 518 unique discoveries (+0 new), best: 5/6*S^(3) @ 551 digits
2026-04-08 16:55:04 [WARNING] CRITICAL resources — suspending tier-2 and tier-3 (streak=18)
2026-04-08 16:55:04 [WARNING] ESCALATION: suspending tier-1 generator (RAM=95%, streak=18)
2026-04-08 16:55:41 [WARNING] CRITICAL resources — suspending tier-2 and tier-3 (streak=19)
2026-04-08 16:55:41 [WARNING] ESCALATION: suspending tier-1 generator (RAM=94%, streak=19)
2026-04-08 16:56:19 [WARNING] CRITICAL resources — suspending tier-2 and tier-3 (streak=20)
2026-04-08 16:56:19 [WARNING] ESCALATION: suspending tier-1 generator (RAM=95%, streak=20)
2026-04-08 16:56:56 [WARNING] CRITICAL resources — suspending tier-2 and tier-3 (streak=21)
2026-04-08 16:56:56 [WARNING] ESCALATION: suspending tier-1 generator (RAM=96%, streak=21)
2026-04-08 16:57:31 [WARNING] CRITICAL resources — suspending tier-2 and tier-3 (streak=22)
2026-04-08 16:57:31 [WARNING] ESCALATION: suspending tier-1 generator (RAM=92%, streak=22)
2026-04-08 16:58:08 [WARNING] CRITICAL resources — suspending tier-2 and tier-3 (streak=23)
2026-04-08 16:58:08 [WARNING] ESCALATION: suspending tier-1 generator (RAM=94%, streak=23)
2026-04-08 16:58:08 [INFO] Aggregator: 518 unique discoveries (+0 new), best: 5/6*S^(3) @ 551 digits
2026-04-08 16:58:44 [WARNING] CRITICAL resources — suspending tier-2 and tier-3 (streak=24)
2026-04-08 16:58:44 [WARNING] ESCALATION: suspending tier-1 generator (RAM=96%, streak=24)
2026-04-08 16:59:19 [WARNING] CRITICAL resources — suspending tier-2 and tier-3 (streak=25)
2026-04-08 16:59:19 [WARNING] ESCALATION: suspending tier-1 generator (RAM=95%, streak=25)
2026-04-08 16:59:54 [WARNING] CRITICAL resources — suspending tier-2 and tier-3 (streak=26)
2026-04-08 16:59:54 [WARNING] ESCALATION: suspending tier-1 generator (RAM=96%, streak=26)
2026-04-08 17:00:29 [WARNING] CRITICAL resources — suspending tier-2 and tier-3 (streak=27)
2026-04-08 17:00:29 [WARNING] ESCALATION: suspending tier-1 generator (RAM=94%, streak=27)
2026-04-08 17:01:08 [WARNING] CRITICAL resources — suspending tier-2 and tier-3 (streak=28)
2026-04-08 17:01:08 [WARNING] ESCALATION: suspending tier-1 generator (RAM=97%, streak=28)
2026-04-08 17:01:44 [WARNING] CRITICAL resources — suspending tier-2 and tier-3 (streak=29)
2026-04-08 17:01:44 [WARNING] ESCALATION: suspending tier-1 generator (RAM=97%, streak=29)
2026-04-08 17:01:45 [INFO] Aggregator: 518 unique discoveries (+0 new), best: 5/6*S^(3) @ 551 digits
2026-04-08 17:02:24 [WARNING] CRITICAL resources — suspending tier-2 and tier-3 (streak=30)
2026-04-08 17:02:24 [WARNING] ESCALATION: suspending tier-1 generator (RAM=97%, streak=30)
2026-04-08 17:03:04 [WARNING] CRITICAL resources — suspending tier-2 and tier-3 (streak=31)
2026-04-08 17:03:04 [WARNING] ESCALATION: suspending tier-1 generator (RAM=96%, streak=31)
2026-04-08 17:03:41 [WARNING] CRITICAL resources — suspending tier-2 and tier-3 (streak=32)
2026-04-08 17:03:41 [WARNING] ESCALATION: suspending tier-1 generator (RAM=96%, streak=32)
2026-04-08 17:04:16 [WARNING] CRITICAL resources — suspending tier-2 and tier-3 (streak=33)
2026-04-08 17:04:16 [WARNING] ESCALATION: suspending tier-1 generator (RAM=96%, streak=33)
2026-04-08 17:04:50 [WARNING] CRITICAL resources — suspending tier-2 and tier-3 (streak=34)
2026-04-08 17:04:50 [WARNING] ESCALATION: suspending tier-1 generator (RAM=95%, streak=34)
2026-04-08 17:05:24 [WARNING] CRITICAL resources — suspending tier-2 and tier-3 (streak=35)
2026-04-08 17:05:24 [WARNING] ESCALATION: suspending tier-1 generator (RAM=94%, streak=35)
2026-04-08 17:05:25 [INFO] Aggregator: 518 unique discoveries (+0 new), best: 5/6*S^(3) @ 551 digits
2026-04-08 17:05:59 [WARNING] CRITICAL resources — suspending tier-2 and tier-3 (streak=36)
2026-04-08 17:05:59 [WARNING] ESCALATION: suspending tier-1 generator (RAM=96%, streak=36)
2026-04-08 17:06:36 [WARNING] CRITICAL resources — suspending tier-2 and tier-3 (streak=37)
2026-04-08 17:06:36 [WARNING] ESCALATION: suspending tier-1 generator (RAM=93%, streak=37)
2026-04-08 17:07:10 [WARNING] CRITICAL resources — suspending tier-2 and tier-3 (streak=38)
2026-04-08 17:07:10 [WARNING] ESCALATION: suspending tier-1 generator (RAM=94%, streak=38)
2026-04-08 17:08:25 [WARNING] CRITICAL resources — suspending tier-2 and tier-3 (streak=1)
2026-04-08 17:09:02 [WARNING] CRITICAL resources — suspending tier-2 and tier-3 (streak=2)
2026-04-08 17:09:03 [INFO] Aggregator: 518 unique discoveries (+0 new), best: 5/6*S^(3) @ 551 digits
2026-04-08 17:09:43 [WARNING] CRITICAL resources — suspending tier-2 and tier-3 (streak=3)
2026-04-08 17:09:43 [WARNING] ESCALATION: suspending tier-1 generator (RAM=96%, streak=3)
2026-04-08 17:10:17 [WARNING] CRITICAL resources — suspending tier-2 and tier-3 (streak=4)
2026-04-08 17:10:17 [WARNING] ESCALATION: suspending tier-1 generator (RAM=97%, streak=4)
2026-04-08 17:10:52 [WARNING] CRITICAL resources — suspending tier-2 and tier-3 (streak=5)
2026-04-08 17:10:52 [WARNING] ESCALATION: suspending tier-1 generator (RAM=93%, streak=5)
2026-04-08 17:11:32 [WARNING] CRITICAL resources — suspending tier-2 and tier-3 (streak=6)
2026-04-08 17:11:33 [WARNING] ESCALATION: suspending tier-1 generator (RAM=95%, streak=6)
2026-04-08 17:12:10 [WARNING] CRITICAL resources — suspending tier-2 and tier-3 (streak=7)
2026-04-08 17:12:10 [WARNING] ESCALATION: suspending tier-1 generator (RAM=96%, streak=7)
2026-04-08 17:12:47 [WARNING] CRITICAL resources — suspending tier-2 and tier-3 (streak=8)
2026-04-08 17:12:47 [WARNING] ESCALATION: suspending tier-1 generator (RAM=95%, streak=8)
2026-04-08 17:12:48 [INFO] Aggregator: 518 unique discoveries (+0 new), best: 5/6*S^(3) @ 551 digits
2026-04-08 17:13:27 [WARNING] CRITICAL resources — suspending tier-2 and tier-3 (streak=9)
2026-04-08 17:13:28 [WARNING] ESCALATION: suspending tier-1 generator (RAM=97%, streak=9)
2026-04-08 17:14:07 [WARNING] CRITICAL resources — suspending tier-2 and tier-3 (streak=10)
2026-04-08 17:14:07 [WARNING] ESCALATION: suspending tier-1 generator (RAM=95%, streak=10)
2026-04-08 17:14:49 [WARNING] CRITICAL resources — suspending tier-2 and tier-3 (streak=11)
2026-04-08 17:14:49 [WARNING] ESCALATION: suspending tier-1 generator (RAM=96%, streak=11)
2026-04-08 17:15:26 [WARNING] CRITICAL resources — suspending tier-2 and tier-3 (streak=12)
2026-04-08 17:15:26 [WARNING] ESCALATION: suspending tier-1 generator (RAM=97%, streak=12)
2026-04-08 17:16:02 [WARNING] CRITICAL resources — suspending tier-2 and tier-3 (streak=13)
2026-04-08 17:16:02 [WARNING] ESCALATION: suspending tier-1 generator (RAM=96%, streak=13)
2026-04-08 17:16:41 [WARNING] CRITICAL resources — suspending tier-2 and tier-3 (streak=14)
2026-04-08 17:16:41 [WARNING] ESCALATION: suspending tier-1 generator (RAM=94%, streak=14)
2026-04-08 17:16:41 [INFO] Aggregator: 518 unique discoveries (+0 new), best: 5/6*S^(3) @ 551 digits
2026-04-08 17:17:17 [WARNING] CRITICAL resources — suspending tier-2 and tier-3 (streak=15)
2026-04-08 17:17:17 [WARNING] ESCALATION: suspending tier-1 generator (RAM=95%, streak=15)
2026-04-08 17:17:51 [WARNING] CRITICAL resources — suspending tier-2 and tier-3 (streak=16)
2026-04-08 17:17:51 [WARNING] ESCALATION: suspending tier-1 generator (RAM=95%, streak=16)
2026-04-08 17:18:28 [WARNING] CRITICAL resources — suspending tier-2 and tier-3 (streak=17)
2026-04-08 17:18:28 [WARNING] ESCALATION: suspending tier-1 generator (RAM=94%, streak=17)
2026-04-08 17:19:03 [WARNING] CRITICAL resources — suspending tier-2 and tier-3 (streak=18)
2026-04-08 17:19:03 [WARNING] ESCALATION: suspending tier-1 generator (RAM=97%, streak=18)
2026-04-08 17:19:37 [WARNING] CRITICAL resources — suspending tier-2 and tier-3 (streak=19)
2026-04-08 17:19:37 [WARNING] ESCALATION: suspending tier-1 generator (RAM=95%, streak=19)
2026-04-08 17:20:10 [INFO] Aggregator: 518 unique discoveries (+0 new), best: 5/6*S^(3) @ 551 digits
2026-04-08 17:20:44 [WARNING] CRITICAL resources — suspending tier-2 and tier-3 (streak=1)
2026-04-08 17:21:17 [WARNING] CRITICAL resources — suspending tier-2 and tier-3 (streak=2)
2026-04-08 17:21:50 [WARNING] CRITICAL resources — suspending tier-2 and tier-3 (streak=3)
2026-04-08 17:21:50 [WARNING] ESCALATION: suspending tier-1 generator (RAM=95%, streak=3)
2026-04-08 17:22:23 [WARNING] CRITICAL resources — suspending tier-2 and tier-3 (streak=4)
2026-04-08 17:22:23 [WARNING] ESCALATION: suspending tier-1 generator (RAM=96%, streak=4)
2026-04-08 17:22:57 [WARNING] CRITICAL resources — suspending tier-2 and tier-3 (streak=5)
2026-04-08 17:22:57 [WARNING] ESCALATION: suspending tier-1 generator (RAM=98%, streak=5)
2026-04-08 17:23:31 [WARNING] CRITICAL resources — suspending tier-2 and tier-3 (streak=6)
2026-04-08 17:23:31 [WARNING] ESCALATION: suspending tier-1 generator (RAM=95%, streak=6)
2026-04-08 17:23:31 [INFO] Aggregator: 518 unique discoveries (+0 new), best: 5/6*S^(3) @ 551 digits
2026-04-08 17:24:04 [WARNING] CRITICAL resources — suspending tier-2 and tier-3 (streak=7)
2026-04-08 17:24:04 [WARNING] ESCALATION: suspending tier-1 generator (RAM=96%, streak=7)
2026-04-08 17:25:45 [WARNING] CRITICAL resources — suspending tier-2 and tier-3 (streak=1)
2026-04-08 17:26:18 [WARNING] CRITICAL resources — suspending tier-2 and tier-3 (streak=2)
2026-04-08 17:26:51 [INFO] Aggregator: 518 unique discoveries (+0 new), best: 5/6*S^(3) @ 551 digits
2026-04-08 17:30:09 [INFO] Aggregator: 518 unique discoveries (+0 new), best: 5/6*S^(3) @ 551 digits
2026-04-08 17:30:43 [WARNING] CRITICAL resources — suspending tier-2 and tier-3 (streak=1)
2026-04-08 17:33:28 [INFO] Aggregator: 518 unique discoveries (+0 new), best: 5/6*S^(3) @ 551 digits
2026-04-08 17:36:46 [INFO] Aggregator: 518 unique discoveries (+0 new), best: 5/6*S^(3) @ 551 digits
2026-04-08 17:39:31 [WARNING] CRITICAL resources — suspending tier-2 and tier-3 (streak=1)
2026-04-08 17:40:04 [INFO] Aggregator: 518 unique discoveries (+0 new), best: 5/6*S^(3) @ 551 digits
2026-04-08 17:43:23 [INFO] Aggregator: 518 unique discoveries (+0 new), best: 5/6*S^(3) @ 551 digits
2026-04-08 17:44:28 [WARNING] CRITICAL resources — suspending tier-2 and tier-3 (streak=1)
2026-04-08 17:45:01 [WARNING] CRITICAL resources — suspending tier-2 and tier-3 (streak=2)
2026-04-08 17:45:35 [WARNING] CRITICAL resources — suspending tier-2 and tier-3 (streak=3)
2026-04-08 17:45:35 [WARNING] ESCALATION: suspending tier-1 generator (RAM=97%, streak=3)
2026-04-08 17:46:09 [WARNING] CRITICAL resources — suspending tier-2 and tier-3 (streak=4)
2026-04-08 17:46:09 [WARNING] ESCALATION: suspending tier-1 generator (RAM=94%, streak=4)
2026-04-08 17:46:42 [INFO] Aggregator: 518 unique discoveries (+0 new), best: 5/6*S^(3) @ 551 digits
2026-04-08 17:47:15 [WARNING] CRITICAL resources — suspending tier-2 and tier-3 (streak=1)
2026-04-08 17:47:48 [WARNING] CRITICAL resources — suspending tier-2 and tier-3 (streak=2)
2026-04-08 17:48:21 [WARNING] CRITICAL resources — suspending tier-2 and tier-3 (streak=3)
2026-04-08 17:48:21 [WARNING] ESCALATION: suspending tier-1 generator (RAM=96%, streak=3)
2026-04-08 17:48:56 [WARNING] CRITICAL resources — suspending tier-2 and tier-3 (streak=4)
2026-04-08 17:48:56 [WARNING] ESCALATION: suspending tier-1 generator (RAM=95%, streak=4)
2026-04-08 17:50:03 [WARNING] CRITICAL resources — suspending tier-2 and tier-3 (streak=1)
2026-04-08 17:50:05 [INFO] Aggregator: 518 unique discoveries (+0 new), best: 5/6*S^(3) @ 551 digits
2026-04-08 17:51:11 [WARNING] CRITICAL resources — suspending tier-2 and tier-3 (streak=1)
2026-04-08 17:52:51 [WARNING] CRITICAL resources — suspending tier-2 and tier-3 (streak=1)
2026-04-08 17:53:24 [INFO] Aggregator: 518 unique discoveries (+0 new), best: 5/6*S^(3) @ 551 digits
2026-04-08 17:54:31 [WARNING] CRITICAL resources — suspending tier-2 and tier-3 (streak=1)
2026-04-08 17:56:44 [INFO] Aggregator: 518 unique discoveries (+0 new), best: 5/6*S^(3) @ 551 digits
2026-04-08 17:57:50 [WARNING] CRITICAL resources — suspending tier-2 and tier-3 (streak=1)
2026-04-08 17:58:23 [WARNING] CRITICAL resources — suspending tier-2 and tier-3 (streak=2)
2026-04-08 18:00:02 [INFO] Aggregator: 518 unique discoveries (+0 new), best: 5/6*S^(3) @ 551 digits
2026-04-08 18:01:10 [WARNING] CRITICAL resources — suspending tier-2 and tier-3 (streak=1)
2026-04-08 18:02:17 [WARNING] CRITICAL resources — suspending tier-2 and tier-3 (streak=1)
2026-04-08 18:03:23 [INFO] Aggregator: 518 unique discoveries (+0 new), best: 5/6*S^(3) @ 551 digits
2026-04-08 18:04:30 [WARNING] CRITICAL resources — suspending tier-2 and tier-3 (streak=1)
2026-04-08 18:05:36 [WARNING] CRITICAL resources — suspending tier-2 and tier-3 (streak=1)
2026-04-08 18:06:11 [WARNING] CRITICAL resources — suspending tier-2 and tier-3 (streak=2)
2026-04-08 18:06:44 [WARNING] CRITICAL resources — suspending tier-2 and tier-3 (streak=3)
2026-04-08 18:06:44 [WARNING] ESCALATION: suspending tier-1 generator (RAM=97%, streak=3)
2026-04-08 18:06:44 [INFO] Aggregator: 518 unique discoveries (+0 new), best: 5/6*S^(3) @ 551 digits
2026-04-08 18:07:18 [WARNING] CRITICAL resources — suspending tier-2 and tier-3 (streak=4)
2026-04-08 18:07:18 [WARNING] ESCALATION: suspending tier-1 generator (RAM=97%, streak=4)
2026-04-08 18:07:52 [WARNING] CRITICAL resources — suspending tier-2 and tier-3 (streak=5)
2026-04-08 18:07:52 [WARNING] ESCALATION: suspending tier-1 generator (RAM=96%, streak=5)
2026-04-08 18:08:25 [WARNING] CRITICAL resources — suspending tier-2 and tier-3 (streak=6)
2026-04-08 18:08:25 [WARNING] ESCALATION: suspending tier-1 generator (RAM=96%, streak=6)
2026-04-08 18:09:00 [WARNING] CRITICAL resources — suspending tier-2 and tier-3 (streak=7)
2026-04-08 18:09:00 [WARNING] ESCALATION: suspending tier-1 generator (RAM=98%, streak=7)
2026-04-08 18:09:34 [WARNING] CRITICAL resources — suspending tier-2 and tier-3 (streak=8)
2026-04-08 18:09:34 [WARNING] ESCALATION: suspending tier-1 generator (RAM=95%, streak=8)
2026-04-08 18:10:07 [INFO] Aggregator: 518 unique discoveries (+0 new), best: 5/6*S^(3) @ 551 digits
2026-04-08 18:11:15 [WARNING] CRITICAL resources — suspending tier-2 and tier-3 (streak=1)
2026-04-08 18:11:49 [WARNING] CRITICAL resources — suspending tier-2 and tier-3 (streak=2)
2026-04-08 18:12:24 [WARNING] CRITICAL resources — suspending tier-2 and tier-3 (streak=3)
2026-04-08 18:12:24 [WARNING] ESCALATION: suspending tier-1 generator (RAM=94%, streak=3)
2026-04-08 18:13:30 [WARNING] CRITICAL resources — suspending tier-2 and tier-3 (streak=1)
2026-04-08 18:13:31 [INFO] Aggregator: 518 unique discoveries (+0 new), best: 5/6*S^(3) @ 551 digits
2026-04-08 18:14:40 [WARNING] CRITICAL resources — suspending tier-2 and tier-3 (streak=1)
2026-04-08 18:16:52 [WARNING] CRITICAL resources — suspending tier-2 and tier-3 (streak=1)
2026-04-08 18:16:52 [INFO] Aggregator: 518 unique discoveries (+0 new), best: 5/6*S^(3) @ 551 digits
2026-04-08 18:20:09 [INFO] Aggregator: 518 unique discoveries (+0 new), best: 5/6*S^(3) @ 551 digits
2026-04-08 18:22:55 [WARNING] CRITICAL resources — suspending tier-2 and tier-3 (streak=1)
2026-04-08 18:23:28 [INFO] Aggregator: 518 unique discoveries (+0 new), best: 5/6*S^(3) @ 551 digits
2026-04-08 18:25:40 [WARNING] CRITICAL resources — suspending tier-2 and tier-3 (streak=1)
2026-04-08 18:26:46 [INFO] Aggregator: 518 unique discoveries (+0 new), best: 5/6*S^(3) @ 551 digits
2026-04-08 18:27:52 [WARNING] CRITICAL resources — suspending tier-2 and tier-3 (streak=1)
2026-04-08 18:30:03 [INFO] Aggregator: 518 unique discoveries (+0 new), best: 5/6*S^(3) @ 551 digits
2026-04-08 18:33:20 [INFO] Aggregator: 518 unique discoveries (+0 new), best: 5/6*S^(3) @ 551 digits
2026-04-08 18:33:54 [WARNING] CRITICAL resources — suspending tier-2 and tier-3 (streak=1)
2026-04-08 18:36:38 [INFO] Aggregator: 518 unique discoveries (+0 new), best: 5/6*S^(3) @ 551 digits
2026-04-08 18:39:56 [INFO] Aggregator: 518 unique discoveries (+0 new), best: 5/6*S^(3) @ 551 digits
2026-04-08 18:42:40 [WARNING] CRITICAL resources — suspending tier-2 and tier-3 (streak=1)
2026-04-08 18:43:13 [INFO] Aggregator: 518 unique discoveries (+0 new), best: 5/6*S^(3) @ 551 digits
2026-04-08 18:44:53 [INFO] Resuming escalation-suspended tier-1 agent generator
2026-04-08 18:44:53 [INFO] Resumed generator (pid 7340)
2026-04-08 18:44:53 [INFO] Resumed ising (pid 29244)
2026-04-08 18:44:53 [WARNING] Agent ising STALLED (no log file after 12508s)
2026-04-08 18:46:00 [WARNING] CRITICAL resources — suspending tier-2 and tier-3 (streak=1)
2026-04-08 18:46:00 [INFO] Suspended ising (pid 29244): CRITICAL resource pressure (throttle)
2026-04-08 18:46:33 [INFO] Aggregator: 518 unique discoveries (+0 new), best: 5/6*S^(3) @ 551 digits
2026-04-08 18:48:45 [WARNING] CRITICAL resources — suspending tier-2 and tier-3 (streak=1)
2026-04-08 18:49:51 [WARNING] CRITICAL resources — suspending tier-2 and tier-3 (streak=1)
2026-04-08 18:49:51 [INFO] Aggregator: 518 unique discoveries (+0 new), best: 5/6*S^(3) @ 551 digits
2026-04-08 18:50:59 [WARNING] CRITICAL resources — suspending tier-2 and tier-3 (streak=1)
2026-04-08 18:51:32 [WARNING] CRITICAL resources — suspending tier-2 and tier-3 (streak=2)
2026-04-08 18:52:05 [WARNING] CRITICAL resources — suspending tier-2 and tier-3 (streak=3)
2026-04-08 18:52:05 [WARNING] ESCALATION: suspending tier-1 generator (RAM=97%, streak=3)
2026-04-08 18:52:05 [INFO] Suspended generator (pid 7340): CRITICAL escalation — RAM 97%
2026-04-08 18:53:11 [INFO] Aggregator: 518 unique discoveries (+0 new), best: 5/6*S^(3) @ 551 digits
2026-04-08 18:54:18 [WARNING] CRITICAL resources — suspending tier-2 and tier-3 (streak=1)
2026-04-08 18:54:51 [WARNING] CRITICAL resources — suspending tier-2 and tier-3 (streak=2)
2026-04-08 18:55:57 [WARNING] CRITICAL resources — suspending tier-2 and tier-3 (streak=1)
2026-04-08 18:56:31 [WARNING] CRITICAL resources — suspending tier-2 and tier-3 (streak=2)
2026-04-08 18:56:31 [INFO] Aggregator: 518 unique discoveries (+0 new), best: 5/6*S^(3) @ 551 digits
2026-04-08 18:57:05 [WARNING] CRITICAL resources — suspending tier-2 and tier-3 (streak=3)
2026-04-08 18:57:05 [WARNING] ESCALATION: suspending tier-1 generator (RAM=97%, streak=3)
2026-04-08 18:58:12 [WARNING] CRITICAL resources — suspending tier-2 and tier-3 (streak=1)
2026-04-08 18:58:46 [WARNING] CRITICAL resources — suspending tier-2 and tier-3 (streak=2)
2026-04-08 18:59:52 [INFO] Aggregator: 518 unique discoveries (+0 new), best: 5/6*S^(3) @ 551 digits
2026-04-08 19:00:25 [WARNING] CRITICAL resources — suspending tier-2 and tier-3 (streak=1)
2026-04-08 19:00:58 [WARNING] CRITICAL resources — suspending tier-2 and tier-3 (streak=2)
2026-04-08 19:02:06 [WARNING] CRITICAL resources — suspending tier-2 and tier-3 (streak=1)
2026-04-08 19:02:41 [WARNING] CRITICAL resources — suspending tier-2 and tier-3 (streak=2)
2026-04-08 19:03:16 [WARNING] CRITICAL resources — suspending tier-2 and tier-3 (streak=3)
2026-04-08 19:03:16 [WARNING] ESCALATION: suspending tier-1 generator (RAM=94%, streak=3)
2026-04-08 19:03:16 [INFO] Aggregator: 518 unique discoveries (+0 new), best: 5/6*S^(3) @ 551 digits
2026-04-08 19:03:50 [WARNING] CRITICAL resources — suspending tier-2 and tier-3 (streak=4)
2026-04-08 19:03:50 [WARNING] ESCALATION: suspending tier-1 generator (RAM=94%, streak=4)
2026-04-08 19:04:23 [WARNING] CRITICAL resources — suspending tier-2 and tier-3 (streak=5)
2026-04-08 19:04:23 [WARNING] ESCALATION: suspending tier-1 generator (RAM=96%, streak=5)
2026-04-08 19:04:58 [WARNING] CRITICAL resources — suspending tier-2 and tier-3 (streak=6)
2026-04-08 19:05:32 [WARNING] CRITICAL resources — suspending tier-2 and tier-3 (streak=7)
2026-04-08 19:05:32 [WARNING] ESCALATION: suspending tier-1 generator (RAM=96%, streak=7)
2026-04-08 19:06:06 [WARNING] CRITICAL resources — suspending tier-2 and tier-3 (streak=8)
2026-04-08 19:06:06 [WARNING] ESCALATION: suspending tier-1 generator (RAM=97%, streak=8)
2026-04-08 19:06:39 [WARNING] CRITICAL resources — suspending tier-2 and tier-3 (streak=9)
2026-04-08 19:06:39 [WARNING] ESCALATION: suspending tier-1 generator (RAM=96%, streak=9)
2026-04-08 19:06:39 [INFO] Aggregator: 518 unique discoveries (+0 new), best: 5/6*S^(3) @ 551 digits
2026-04-08 19:10:00 [WARNING] CRITICAL resources — suspending tier-2 and tier-3 (streak=1)
2026-04-08 19:10:00 [INFO] Aggregator: 518 unique discoveries (+0 new), best: 5/6*S^(3) @ 551 digits
2026-04-08 19:11:10 [WARNING] CRITICAL resources — suspending tier-2 and tier-3 (streak=1)
2026-04-08 19:11:43 [WARNING] CRITICAL resources — suspending tier-2 and tier-3 (streak=2)
2026-04-08 19:12:51 [WARNING] CRITICAL resources — suspending tier-2 and tier-3 (streak=1)
2026-04-08 19:13:24 [WARNING] CRITICAL resources — suspending tier-2 and tier-3 (streak=2)
2026-04-08 19:13:24 [INFO] Aggregator: 518 unique discoveries (+0 new), best: 5/6*S^(3) @ 551 digits
2026-04-08 19:13:59 [WARNING] CRITICAL resources — suspending tier-2 and tier-3 (streak=3)
2026-04-08 19:13:59 [WARNING] ESCALATION: suspending tier-1 generator (RAM=96%, streak=3)
2026-04-08 19:14:32 [WARNING] CRITICAL resources — suspending tier-2 and tier-3 (streak=4)
2026-04-08 19:14:32 [WARNING] ESCALATION: suspending tier-1 generator (RAM=93%, streak=4)
2026-04-08 19:16:12 [WARNING] CRITICAL resources — suspending tier-2 and tier-3 (streak=1)
2026-04-08 19:16:46 [WARNING] CRITICAL resources — suspending tier-2 and tier-3 (streak=2)
2026-04-08 19:16:46 [INFO] Aggregator: 518 unique discoveries (+0 new), best: 5/6*S^(3) @ 551 digits
2026-04-08 19:17:54 [WARNING] CRITICAL resources — suspending tier-2 and tier-3 (streak=1)
2026-04-08 19:18:27 [WARNING] CRITICAL resources — suspending tier-2 and tier-3 (streak=2)
2026-04-08 19:19:01 [WARNING] CRITICAL resources — suspending tier-2 and tier-3 (streak=3)
2026-04-08 19:19:01 [WARNING] ESCALATION: suspending tier-1 generator (RAM=96%, streak=3)
2026-04-08 19:19:36 [WARNING] CRITICAL resources — suspending tier-2 and tier-3 (streak=4)
2026-04-08 19:19:36 [WARNING] ESCALATION: suspending tier-1 generator (RAM=98%, streak=4)
2026-04-08 19:20:20 [WARNING] CRITICAL resources — suspending tier-2 and tier-3 (streak=5)
2026-04-08 19:20:20 [WARNING] ESCALATION: suspending tier-1 generator (RAM=98%, streak=5)
2026-04-08 19:21:05 [INFO] Aggregator: 518 unique discoveries (+0 new), best: 5/6*S^(3) @ 551 digits
2026-04-08 19:21:44 [WARNING] CRITICAL resources — suspending tier-2 and tier-3 (streak=6)
2026-04-08 19:21:44 [WARNING] ESCALATION: suspending tier-1 generator (RAM=100%, streak=6)
2026-04-08 19:22:20 [WARNING] CRITICAL resources — suspending tier-2 and tier-3 (streak=7)
2026-04-08 19:22:20 [WARNING] ESCALATION: suspending tier-1 generator (RAM=99%, streak=7)
2026-04-08 19:22:54 [WARNING] CRITICAL resources — suspending tier-2 and tier-3 (streak=8)
2026-04-08 19:22:54 [WARNING] ESCALATION: suspending tier-1 generator (RAM=94%, streak=8)
2026-04-08 19:23:28 [WARNING] CRITICAL resources — suspending tier-2 and tier-3 (streak=9)
2026-04-08 19:23:28 [WARNING] ESCALATION: suspending tier-1 generator (RAM=94%, streak=9)
2026-04-08 19:24:02 [WARNING] CRITICAL resources — suspending tier-2 and tier-3 (streak=10)
2026-04-08 19:24:02 [WARNING] ESCALATION: suspending tier-1 generator (RAM=94%, streak=10)
2026-04-08 19:24:36 [WARNING] CRITICAL resources — suspending tier-2 and tier-3 (streak=11)
2026-04-08 19:24:36 [WARNING] ESCALATION: suspending tier-1 generator (RAM=94%, streak=11)
2026-04-08 19:24:36 [INFO] Aggregator: 518 unique discoveries (+0 new), best: 5/6*S^(3) @ 551 digits
2026-04-08 19:25:10 [WARNING] CRITICAL resources — suspending tier-2 and tier-3 (streak=12)
2026-04-08 19:25:10 [WARNING] ESCALATION: suspending tier-1 generator (RAM=94%, streak=12)
2026-04-08 19:25:44 [WARNING] CRITICAL resources — suspending tier-2 and tier-3 (streak=13)
2026-04-08 19:25:44 [WARNING] ESCALATION: suspending tier-1 generator (RAM=94%, streak=13)
2026-04-08 19:26:17 [WARNING] CRITICAL resources — suspending tier-2 and tier-3 (streak=14)
2026-04-08 19:26:17 [WARNING] ESCALATION: suspending tier-1 generator (RAM=94%, streak=14)
2026-04-08 19:26:51 [WARNING] CRITICAL resources — suspending tier-2 and tier-3 (streak=15)
2026-04-08 19:26:51 [WARNING] ESCALATION: suspending tier-1 generator (RAM=94%, streak=15)
2026-04-08 19:27:25 [WARNING] CRITICAL resources — suspending tier-2 and tier-3 (streak=16)
2026-04-08 19:27:25 [WARNING] ESCALATION: suspending tier-1 generator (RAM=94%, streak=16)
2026-04-08 19:27:59 [WARNING] CRITICAL resources — suspending tier-2 and tier-3 (streak=17)
2026-04-08 19:27:59 [WARNING] ESCALATION: suspending tier-1 generator (RAM=94%, streak=17)
2026-04-08 19:27:59 [INFO] Aggregator: 518 unique discoveries (+0 new), best: 5/6*S^(3) @ 551 digits
2026-04-08 19:28:33 [WARNING] CRITICAL resources — suspending tier-2 and tier-3 (streak=18)
2026-04-08 19:28:33 [WARNING] ESCALATION: suspending tier-1 generator (RAM=94%, streak=18)
2026-04-08 19:29:07 [WARNING] CRITICAL resources — suspending tier-2 and tier-3 (streak=19)
2026-04-08 19:29:07 [WARNING] ESCALATION: suspending tier-1 generator (RAM=94%, streak=19)
2026-04-08 19:29:42 [WARNING] CRITICAL resources — suspending tier-2 and tier-3 (streak=20)
2026-04-08 19:29:42 [WARNING] ESCALATION: suspending tier-1 generator (RAM=94%, streak=20)
2026-04-08 19:30:17 [WARNING] CRITICAL resources — suspending tier-2 and tier-3 (streak=21)
2026-04-08 19:30:17 [WARNING] ESCALATION: suspending tier-1 generator (RAM=94%, streak=21)
2026-04-08 19:30:53 [WARNING] CRITICAL resources — suspending tier-2 and tier-3 (streak=22)
2026-04-08 19:30:53 [WARNING] ESCALATION: suspending tier-1 generator (RAM=94%, streak=22)
2026-04-08 19:31:30 [WARNING] CRITICAL resources — suspending tier-2 and tier-3 (streak=23)
2026-04-08 19:31:30 [WARNING] ESCALATION: suspending tier-1 generator (RAM=96%, streak=23)
2026-04-08 19:31:31 [INFO] Aggregator: 518 unique discoveries (+0 new), best: 5/6*S^(3) @ 551 digits
2026-04-08 19:32:07 [WARNING] CRITICAL resources — suspending tier-2 and tier-3 (streak=24)
2026-04-08 19:32:28 [WARNING] ESCALATION: suspending tier-1 generator (RAM=97%, streak=24)
2026-04-08 19:33:02 [WARNING] CRITICAL resources — suspending tier-2 and tier-3 (streak=25)
2026-04-08 19:33:02 [WARNING] ESCALATION: suspending tier-1 generator (RAM=98%, streak=25)
2026-04-08 19:33:36 [WARNING] CRITICAL resources — suspending tier-2 and tier-3 (streak=26)
2026-04-08 19:33:36 [WARNING] ESCALATION: suspending tier-1 generator (RAM=97%, streak=26)
2026-04-08 19:34:10 [WARNING] CRITICAL resources — suspending tier-2 and tier-3 (streak=27)
2026-04-08 19:34:10 [WARNING] ESCALATION: suspending tier-1 generator (RAM=97%, streak=27)
2026-04-08 19:34:47 [WARNING] CRITICAL resources — suspending tier-2 and tier-3 (streak=28)
2026-04-08 19:34:47 [WARNING] ESCALATION: suspending tier-1 generator (RAM=98%, streak=28)
2026-04-08 19:35:24 [WARNING] CRITICAL resources — suspending tier-2 and tier-3 (streak=29)
2026-04-08 19:35:24 [WARNING] ESCALATION: suspending tier-1 generator (RAM=96%, streak=29)
2026-04-08 19:35:26 [INFO] Aggregator: 518 unique discoveries (+0 new), best: 5/6*S^(3) @ 551 digits
2026-04-08 19:35:59 [WARNING] CRITICAL resources — suspending tier-2 and tier-3 (streak=30)
2026-04-08 19:35:59 [WARNING] ESCALATION: suspending tier-1 generator (RAM=96%, streak=30)
2026-04-08 19:36:33 [WARNING] CRITICAL resources — suspending tier-2 and tier-3 (streak=31)
2026-04-08 19:36:33 [WARNING] ESCALATION: suspending tier-1 generator (RAM=97%, streak=31)
2026-04-08 19:37:07 [WARNING] CRITICAL resources — suspending tier-2 and tier-3 (streak=32)
2026-04-08 19:37:07 [WARNING] ESCALATION: suspending tier-1 generator (RAM=94%, streak=32)
2026-04-08 19:37:41 [WARNING] CRITICAL resources — suspending tier-2 and tier-3 (streak=33)
2026-04-08 19:37:41 [WARNING] ESCALATION: suspending tier-1 generator (RAM=94%, streak=33)
2026-04-08 19:38:16 [WARNING] CRITICAL resources — suspending tier-2 and tier-3 (streak=34)
2026-04-08 19:38:16 [WARNING] ESCALATION: suspending tier-1 generator (RAM=97%, streak=34)
2026-04-08 19:38:50 [WARNING] CRITICAL resources — suspending tier-2 and tier-3 (streak=35)
2026-04-08 19:38:50 [WARNING] ESCALATION: suspending tier-1 generator (RAM=96%, streak=35)
2026-04-08 19:38:50 [INFO] Aggregator: 518 unique discoveries (+0 new), best: 5/6*S^(3) @ 551 digits
2026-04-08 19:39:27 [WARNING] CRITICAL resources — suspending tier-2 and tier-3 (streak=36)
2026-04-08 19:39:27 [WARNING] ESCALATION: suspending tier-1 generator (RAM=97%, streak=36)
2026-04-08 19:40:02 [WARNING] CRITICAL resources — suspending tier-2 and tier-3 (streak=37)
2026-04-08 19:40:02 [WARNING] ESCALATION: suspending tier-1 generator (RAM=96%, streak=37)
2026-04-08 19:40:36 [WARNING] CRITICAL resources — suspending tier-2 and tier-3 (streak=38)
2026-04-08 19:40:36 [WARNING] ESCALATION: suspending tier-1 generator (RAM=96%, streak=38)
2026-04-08 19:41:12 [WARNING] CRITICAL resources — suspending tier-2 and tier-3 (streak=39)
2026-04-08 19:41:12 [WARNING] ESCALATION: suspending tier-1 generator (RAM=97%, streak=39)
2026-04-08 19:41:47 [WARNING] CRITICAL resources — suspending tier-2 and tier-3 (streak=40)
2026-04-08 19:41:47 [WARNING] ESCALATION: suspending tier-1 generator (RAM=97%, streak=40)
2026-04-08 19:42:21 [WARNING] CRITICAL resources — suspending tier-2 and tier-3 (streak=41)
2026-04-08 19:42:21 [WARNING] ESCALATION: suspending tier-1 generator (RAM=97%, streak=41)
2026-04-08 19:42:21 [INFO] Aggregator: 518 unique discoveries (+0 new), best: 5/6*S^(3) @ 551 digits
2026-04-08 19:42:55 [WARNING] CRITICAL resources — suspending tier-2 and tier-3 (streak=42)
2026-04-08 19:42:55 [WARNING] ESCALATION: suspending tier-1 generator (RAM=97%, streak=42)
2026-04-08 19:43:29 [WARNING] CRITICAL resources — suspending tier-2 and tier-3 (streak=43)
2026-04-08 19:43:29 [WARNING] ESCALATION: suspending tier-1 generator (RAM=98%, streak=43)
2026-04-08 19:44:04 [WARNING] CRITICAL resources — suspending tier-2 and tier-3 (streak=44)
2026-04-08 19:44:04 [WARNING] ESCALATION: suspending tier-1 generator (RAM=98%, streak=44)
2026-04-08 19:44:41 [WARNING] CRITICAL resources — suspending tier-2 and tier-3 (streak=45)
2026-04-08 19:44:42 [WARNING] ESCALATION: suspending tier-1 generator (RAM=96%, streak=45)
2026-04-08 19:45:17 [WARNING] CRITICAL resources — suspending tier-2 and tier-3 (streak=46)
2026-04-08 19:45:17 [WARNING] ESCALATION: suspending tier-1 generator (RAM=98%, streak=46)
2026-04-08 19:46:01 [WARNING] CRITICAL resources — suspending tier-2 and tier-3 (streak=47)
2026-04-08 19:46:01 [WARNING] ESCALATION: suspending tier-1 generator (RAM=98%, streak=47)
2026-04-08 19:46:04 [INFO] Aggregator: 518 unique discoveries (+0 new), best: 5/6*S^(3) @ 551 digits
2026-04-08 19:46:39 [WARNING] CRITICAL resources — suspending tier-2 and tier-3 (streak=48)
2026-04-08 19:46:39 [WARNING] ESCALATION: suspending tier-1 generator (RAM=98%, streak=48)
2026-04-08 19:47:13 [WARNING] CRITICAL resources — suspending tier-2 and tier-3 (streak=49)
2026-04-08 19:47:13 [WARNING] ESCALATION: suspending tier-1 generator (RAM=97%, streak=49)
2026-04-08 19:47:46 [WARNING] CRITICAL resources — suspending tier-2 and tier-3 (streak=50)
2026-04-08 19:47:46 [WARNING] ESCALATION: suspending tier-1 generator (RAM=95%, streak=50)
2026-04-08 19:48:22 [WARNING] CRITICAL resources — suspending tier-2 and tier-3 (streak=51)
2026-04-08 19:48:22 [WARNING] ESCALATION: suspending tier-1 generator (RAM=97%, streak=51)
2026-04-08 19:48:56 [WARNING] CRITICAL resources — suspending tier-2 and tier-3 (streak=52)
2026-04-08 19:48:56 [WARNING] ESCALATION: suspending tier-1 generator (RAM=97%, streak=52)
2026-04-08 19:49:31 [WARNING] CRITICAL resources — suspending tier-2 and tier-3 (streak=53)
2026-04-08 19:49:31 [WARNING] ESCALATION: suspending tier-1 generator (RAM=97%, streak=53)
2026-04-08 19:49:31 [INFO] Aggregator: 518 unique discoveries (+0 new), best: 5/6*S^(3) @ 551 digits
2026-04-08 19:50:08 [WARNING] CRITICAL resources — suspending tier-2 and tier-3 (streak=54)
2026-04-08 19:50:08 [WARNING] ESCALATION: suspending tier-1 generator (RAM=98%, streak=54)
2026-04-08 19:50:42 [WARNING] CRITICAL resources — suspending tier-2 and tier-3 (streak=55)
2026-04-08 19:50:42 [WARNING] ESCALATION: suspending tier-1 generator (RAM=98%, streak=55)
2026-04-08 19:51:16 [WARNING] CRITICAL resources — suspending tier-2 and tier-3 (streak=56)
2026-04-08 19:51:16 [WARNING] ESCALATION: suspending tier-1 generator (RAM=96%, streak=56)
2026-04-08 19:51:53 [WARNING] CRITICAL resources — suspending tier-2 and tier-3 (streak=57)
2026-04-08 19:51:53 [WARNING] ESCALATION: suspending tier-1 generator (RAM=98%, streak=57)
2026-04-08 19:52:28 [WARNING] CRITICAL resources — suspending tier-2 and tier-3 (streak=58)
2026-04-08 19:52:28 [WARNING] ESCALATION: suspending tier-1 generator (RAM=98%, streak=58)
2026-04-08 19:53:05 [WARNING] CRITICAL resources — suspending tier-2 and tier-3 (streak=59)
2026-04-08 19:53:05 [WARNING] ESCALATION: suspending tier-1 generator (RAM=97%, streak=59)
2026-04-08 19:53:05 [INFO] Aggregator: 518 unique discoveries (+0 new), best: 5/6*S^(3) @ 551 digits
2026-04-08 19:53:41 [WARNING] CRITICAL resources — suspending tier-2 and tier-3 (streak=60)
2026-04-08 19:53:41 [WARNING] ESCALATION: suspending tier-1 generator (RAM=94%, streak=60)
2026-04-08 19:54:15 [WARNING] CRITICAL resources — suspending tier-2 and tier-3 (streak=61)
2026-04-08 19:54:15 [WARNING] ESCALATION: suspending tier-1 generator (RAM=94%, streak=61)
2026-04-08 19:55:02 [WARNING] CRITICAL resources — suspending tier-2 and tier-3 (streak=62)
2026-04-08 19:55:02 [WARNING] ESCALATION: suspending tier-1 generator (RAM=95%, streak=62)
2026-04-08 19:55:35 [WARNING] CRITICAL resources — suspending tier-2 and tier-3 (streak=63)
2026-04-08 19:55:35 [WARNING] ESCALATION: suspending tier-1 generator (RAM=96%, streak=63)
2026-04-08 19:56:12 [WARNING] CRITICAL resources — suspending tier-2 and tier-3 (streak=64)
2026-04-08 19:56:12 [WARNING] ESCALATION: suspending tier-1 generator (RAM=97%, streak=64)
2026-04-08 19:56:46 [WARNING] CRITICAL resources — suspending tier-2 and tier-3 (streak=65)
2026-04-08 19:56:46 [WARNING] ESCALATION: suspending tier-1 generator (RAM=97%, streak=65)
2026-04-08 19:56:46 [INFO] Aggregator: 518 unique discoveries (+0 new), best: 5/6*S^(3) @ 551 digits
2026-04-08 19:57:21 [WARNING] CRITICAL resources — suspending tier-2 and tier-3 (streak=66)
2026-04-08 19:57:21 [WARNING] ESCALATION: suspending tier-1 generator (RAM=97%, streak=66)
2026-04-08 19:57:55 [WARNING] CRITICAL resources — suspending tier-2 and tier-3 (streak=67)
2026-04-08 19:57:55 [WARNING] ESCALATION: suspending tier-1 generator (RAM=97%, streak=67)
2026-04-08 19:58:29 [WARNING] CRITICAL resources — suspending tier-2 and tier-3 (streak=68)
2026-04-08 19:58:29 [WARNING] ESCALATION: suspending tier-1 generator (RAM=97%, streak=68)
2026-04-08 19:59:04 [WARNING] CRITICAL resources — suspending tier-2 and tier-3 (streak=69)
2026-04-08 19:59:04 [WARNING] ESCALATION: suspending tier-1 generator (RAM=97%, streak=69)
2026-04-08 19:59:38 [WARNING] CRITICAL resources — suspending tier-2 and tier-3 (streak=70)
2026-04-08 19:59:38 [WARNING] ESCALATION: suspending tier-1 generator (RAM=94%, streak=70)
2026-04-08 20:00:15 [WARNING] CRITICAL resources — suspending tier-2 and tier-3 (streak=71)
2026-04-08 20:00:15 [WARNING] ESCALATION: suspending tier-1 generator (RAM=96%, streak=71)
2026-04-08 20:00:16 [INFO] Aggregator: 518 unique discoveries (+0 new), best: 5/6*S^(3) @ 551 digits
2026-04-08 20:00:51 [WARNING] CRITICAL resources — suspending tier-2 and tier-3 (streak=72)
2026-04-08 20:00:51 [WARNING] ESCALATION: suspending tier-1 generator (RAM=97%, streak=72)
2026-04-08 20:01:36 [WARNING] CRITICAL resources — suspending tier-2 and tier-3 (streak=73)
2026-04-08 20:01:36 [WARNING] ESCALATION: suspending tier-1 generator (RAM=96%, streak=73)
2026-04-08 20:02:12 [WARNING] CRITICAL resources — suspending tier-2 and tier-3 (streak=74)
2026-04-08 20:02:12 [WARNING] ESCALATION: suspending tier-1 generator (RAM=97%, streak=74)
2026-04-08 20:02:48 [WARNING] CRITICAL resources — suspending tier-2 and tier-3 (streak=75)
2026-04-08 20:02:48 [WARNING] ESCALATION: suspending tier-1 generator (RAM=98%, streak=75)
2026-04-08 20:03:28 [WARNING] CRITICAL resources — suspending tier-2 and tier-3 (streak=76)
2026-04-08 20:03:28 [WARNING] ESCALATION: suspending tier-1 generator (RAM=98%, streak=76)
2026-04-08 20:04:02 [WARNING] CRITICAL resources — suspending tier-2 and tier-3 (streak=77)
2026-04-08 20:04:02 [WARNING] ESCALATION: suspending tier-1 generator (RAM=97%, streak=77)
2026-04-08 20:04:04 [INFO] Aggregator: 518 unique discoveries (+0 new), best: 5/6*S^(3) @ 551 digits
2026-04-08 20:04:40 [WARNING] CRITICAL resources — suspending tier-2 and tier-3 (streak=78)
2026-04-08 20:04:40 [WARNING] ESCALATION: suspending tier-1 generator (RAM=97%, streak=78)
2026-04-08 20:05:14 [WARNING] CRITICAL resources — suspending tier-2 and tier-3 (streak=79)
2026-04-08 20:05:14 [WARNING] ESCALATION: suspending tier-1 generator (RAM=95%, streak=79)
2026-04-08 20:05:53 [WARNING] CRITICAL resources — suspending tier-2 and tier-3 (streak=80)
2026-04-08 20:05:53 [WARNING] ESCALATION: suspending tier-1 generator (RAM=95%, streak=80)
2026-04-08 20:06:32 [WARNING] CRITICAL resources — suspending tier-2 and tier-3 (streak=81)
2026-04-08 20:06:32 [WARNING] ESCALATION: suspending tier-1 generator (RAM=97%, streak=81)
2026-04-08 20:07:10 [WARNING] CRITICAL resources — suspending tier-2 and tier-3 (streak=82)
2026-04-08 20:07:10 [WARNING] ESCALATION: suspending tier-1 generator (RAM=96%, streak=82)
2026-04-08 20:07:46 [WARNING] CRITICAL resources — suspending tier-2 and tier-3 (streak=83)
2026-04-08 20:07:46 [WARNING] ESCALATION: suspending tier-1 generator (RAM=96%, streak=83)
2026-04-08 20:07:47 [INFO] Aggregator: 518 unique discoveries (+0 new), best: 5/6*S^(3) @ 551 digits
2026-04-08 20:08:22 [WARNING] CRITICAL resources — suspending tier-2 and tier-3 (streak=84)
2026-04-08 20:08:22 [WARNING] ESCALATION: suspending tier-1 generator (RAM=96%, streak=84)
2026-04-08 20:08:56 [WARNING] CRITICAL resources — suspending tier-2 and tier-3 (streak=85)
2026-04-08 20:08:56 [WARNING] ESCALATION: suspending tier-1 generator (RAM=97%, streak=85)
2026-04-08 20:09:31 [WARNING] CRITICAL resources — suspending tier-2 and tier-3 (streak=86)
2026-04-08 20:09:32 [WARNING] ESCALATION: suspending tier-1 generator (RAM=96%, streak=86)
2026-04-08 20:10:07 [WARNING] CRITICAL resources — suspending tier-2 and tier-3 (streak=87)
2026-04-08 20:10:07 [WARNING] ESCALATION: suspending tier-1 generator (RAM=96%, streak=87)
2026-04-08 20:10:43 [WARNING] CRITICAL resources — suspending tier-2 and tier-3 (streak=88)
2026-04-08 20:10:43 [WARNING] ESCALATION: suspending tier-1 generator (RAM=97%, streak=88)
2026-04-08 20:11:19 [WARNING] CRITICAL resources — suspending tier-2 and tier-3 (streak=89)
2026-04-08 20:11:19 [WARNING] ESCALATION: suspending tier-1 generator (RAM=97%, streak=89)
2026-04-08 20:11:19 [INFO] Aggregator: 518 unique discoveries (+0 new), best: 5/6*S^(3) @ 551 digits
2026-04-08 20:11:55 [WARNING] CRITICAL resources — suspending tier-2 and tier-3 (streak=90)
2026-04-08 20:11:55 [WARNING] ESCALATION: suspending tier-1 generator (RAM=97%, streak=90)
2026-04-08 20:12:32 [WARNING] CRITICAL resources — suspending tier-2 and tier-3 (streak=91)
2026-04-08 20:12:32 [WARNING] ESCALATION: suspending tier-1 generator (RAM=97%, streak=91)
2026-04-08 20:13:08 [WARNING] CRITICAL resources — suspending tier-2 and tier-3 (streak=92)
2026-04-08 20:13:08 [WARNING] ESCALATION: suspending tier-1 generator (RAM=98%, streak=92)
2026-04-08 20:13:43 [WARNING] CRITICAL resources — suspending tier-2 and tier-3 (streak=93)
2026-04-08 20:13:43 [WARNING] ESCALATION: suspending tier-1 generator (RAM=97%, streak=93)
2026-04-08 20:14:17 [WARNING] CRITICAL resources — suspending tier-2 and tier-3 (streak=94)
2026-04-08 20:14:17 [WARNING] ESCALATION: suspending tier-1 generator (RAM=97%, streak=94)
2026-04-08 20:14:51 [WARNING] CRITICAL resources — suspending tier-2 and tier-3 (streak=95)
2026-04-08 20:14:51 [WARNING] ESCALATION: suspending tier-1 generator (RAM=97%, streak=95)
2026-04-08 20:14:51 [INFO] Aggregator: 518 unique discoveries (+0 new), best: 5/6*S^(3) @ 551 digits
2026-04-08 20:15:25 [WARNING] CRITICAL resources — suspending tier-2 and tier-3 (streak=96)
2026-04-08 20:15:25 [WARNING] ESCALATION: suspending tier-1 generator (RAM=97%, streak=96)
2026-04-08 20:15:59 [WARNING] CRITICAL resources — suspending tier-2 and tier-3 (streak=97)
2026-04-08 20:15:59 [WARNING] ESCALATION: suspending tier-1 generator (RAM=98%, streak=97)
2026-04-08 20:16:33 [WARNING] CRITICAL resources — suspending tier-2 and tier-3 (streak=98)
2026-04-08 20:16:33 [WARNING] ESCALATION: suspending tier-1 generator (RAM=93%, streak=98)
