This is pdfTeX, Version 3.141592653-2.6-1.40.28 (MiKTeX 25.12) (preloaded format=pdflatex 2026.4.10)  10 APR 2026 15:30
entering extended mode
 restricted \write18 enabled.
 %&-line parsing enabled.
**./pcf_vquad_paper.tex
(pcf_vquad_paper.tex
LaTeX2e <2025-11-01>
L3 programming layer <2025-12-24>
(C:\Users\shkub\AppData\Local\Programs\MiKTeX\tex/latex/base\article.cls
Document Class: article 2025/01/22 v1.4n Standard LaTeX document class
(C:\Users\shkub\AppData\Local\Programs\MiKTeX\tex/latex/base\size11.clo
File: size11.clo 2025/01/22 v1.4n Standard LaTeX file (size option)
)
\c@part=\count275
\c@section=\count276
\c@subsection=\count277
\c@subsubsection=\count278
\c@paragraph=\count279
\c@subparagraph=\count280
\c@figure=\count281
\c@table=\count282
\abovecaptionskip=\skip49
\belowcaptionskip=\skip50
\bibindent=\dimen148
)
(C:\Users\shkub\AppData\Local\Programs\MiKTeX\tex/latex/amsmath\amsmath.sty
Package: amsmath 2025/07/09 v2.17z AMS math features
\@mathmargin=\skip51

For additional information on amsmath, use the `?' option.
(C:\Users\shkub\AppData\Local\Programs\MiKTeX\tex/latex/amsmath\amstext.sty
Package: amstext 2024/11/17 v2.01 AMS text

(C:\Users\shkub\AppData\Local\Programs\MiKTeX\tex/latex/amsmath\amsgen.sty
File: amsgen.sty 1999/11/30 v2.0 generic functions
\@emptytoks=\toks17
\ex@=\dimen149
))
(C:\Users\shkub\AppData\Local\Programs\MiKTeX\tex/latex/amsmath\amsbsy.sty
Package: amsbsy 1999/11/29 v1.2d Bold Symbols
\pmbraise@=\dimen150
)
(C:\Users\shkub\AppData\Local\Programs\MiKTeX\tex/latex/amsmath\amsopn.sty
Package: amsopn 2022/04/08 v2.04 operator names
)
\inf@bad=\count283
LaTeX Info: Redefining \frac on input line 233.
\uproot@=\count284
\leftroot@=\count285
LaTeX Info: Redefining \overline on input line 398.
LaTeX Info: Redefining \colon on input line 409.
\classnum@=\count286
\DOTSCASE@=\count287
LaTeX Info: Redefining \ldots on input line 495.
LaTeX Info: Redefining \dots on input line 498.
LaTeX Info: Redefining \cdots on input line 619.
\Mathstrutbox@=\box53
\strutbox@=\box54
LaTeX Info: Redefining \big on input line 721.
LaTeX Info: Redefining \Big on input line 722.
LaTeX Info: Redefining \bigg on input line 723.
LaTeX Info: Redefining \Bigg on input line 724.
\big@size=\dimen151
LaTeX Font Info:    Redeclaring font encoding OML on input line 742.
LaTeX Font Info:    Redeclaring font encoding OMS on input line 743.
\macc@depth=\count288
LaTeX Info: Redefining \bmod on input line 904.
LaTeX Info: Redefining \pmod on input line 909.
LaTeX Info: Redefining \smash on input line 939.
LaTeX Info: Redefining \relbar on input line 969.
LaTeX Info: Redefining \Relbar on input line 970.
\c@MaxMatrixCols=\count289
\dotsspace@=\muskip17
\c@parentequation=\count290
\dspbrk@lvl=\count291
\tag@help=\toks18
\row@=\count292
\column@=\count293
\maxfields@=\count294
\andhelp@=\toks19
\eqnshift@=\dimen152
\alignsep@=\dimen153
\tagshift@=\dimen154
\tagwidth@=\dimen155
\totwidth@=\dimen156
\lineht@=\dimen157
\@envbody=\toks20
\multlinegap=\skip52
\multlinetaggap=\skip53
\mathdisplay@stack=\toks21
LaTeX Info: Redefining \[ on input line 2950.
LaTeX Info: Redefining \] on input line 2951.
)
(C:\Users\shkub\AppData\Local\Programs\MiKTeX\tex/latex/amsfonts\amssymb.sty
Package: amssymb 2013/01/14 v3.01 AMS font symbols

(C:\Users\shkub\AppData\Local\Programs\MiKTeX\tex/latex/amsfonts\amsfonts.sty
Package: amsfonts 2013/01/14 v3.01 Basic AMSFonts support
\symAMSa=\mathgroup4
\symAMSb=\mathgroup5
LaTeX Font Info:    Redeclaring math symbol \hbar on input line 98.
LaTeX Font Info:    Overwriting math alphabet `\mathfrak' in version `bold'
(Font)                  U/euf/m/n --> U/euf/b/n on input line 106.
)) (C:\Users\shkub\AppData\Local\Programs\MiKTeX\tex/latex/amscls\amsthm.sty
Package: amsthm 2020/05/29 v2.20.6
\thm@style=\toks22
\thm@bodyfont=\toks23
\thm@headfont=\toks24
\thm@notefont=\toks25
\thm@headpunct=\toks26
\thm@preskip=\skip54
\thm@postskip=\skip55
\thm@headsep=\skip56
\dth@everypar=\toks27
)
(C:\Users\shkub\AppData\Local\Programs\MiKTeX\tex/latex/hyperref\hyperref.sty
Package: hyperref 2025-07-12 v7.01o Hypertext links for LaTeX

(C:\Users\shkub\AppData\Local\Programs\MiKTeX\tex/generic/iftex\iftex.sty
Package: iftex 2024/12/12 v1.0g TeX engine tests
)
(C:\Users\shkub\AppData\Local\Programs\MiKTeX\tex/latex/graphics\keyval.sty
Package: keyval 2022/05/29 v1.15 key=value parser (DPC)
\KV@toks@=\toks28
)
(C:\Users\shkub\AppData\Local\Programs\MiKTeX\tex/latex/kvsetkeys\kvsetkeys.sty
Package: kvsetkeys 2022-10-05 v1.19 Key value parser (HO)
)
(C:\Users\shkub\AppData\Local\Programs\MiKTeX\tex/generic/kvdefinekeys\kvdefine
keys.sty
Package: kvdefinekeys 2019-12-19 v1.6 Define keys (HO)
)
(C:\Users\shkub\AppData\Local\Programs\MiKTeX\tex/generic/pdfescape\pdfescape.s
ty
Package: pdfescape 2019/12/09 v1.15 Implements pdfTeX's escape features (HO)

(C:\Users\shkub\AppData\Local\Programs\MiKTeX\tex/generic/ltxcmds\ltxcmds.sty
Package: ltxcmds 2023-12-04 v1.26 LaTeX kernel commands for general use (HO)
)
(C:\Users\shkub\AppData\Local\Programs\MiKTeX\tex/generic/pdftexcmds\pdftexcmds
.sty
Package: pdftexcmds 2020-06-27 v0.33 Utility functions of pdfTeX for LuaTeX (HO
)

(C:\Users\shkub\AppData\Local\Programs\MiKTeX\tex/generic/infwarerr\infwarerr.s
ty
Package: infwarerr 2019/12/03 v1.5 Providing info/warning/error messages (HO)
)
Package pdftexcmds Info: \pdf@primitive is available.
Package pdftexcmds Info: \pdf@ifprimitive is available.
Package pdftexcmds Info: \pdfdraftmode found.
))
(C:\Users\shkub\AppData\Local\Programs\MiKTeX\tex/latex/hycolor\hycolor.sty
Package: hycolor 2020-01-27 v1.10 Color options for hyperref/bookmark (HO)
)
(C:\Users\shkub\AppData\Local\Programs\MiKTeX\tex/latex/hyperref\nameref.sty
Package: nameref 2025-06-21 v2.57 Cross-referencing by name of section

(C:\Users\shkub\AppData\Local\Programs\MiKTeX\tex/latex/refcount\refcount.sty
Package: refcount 2019/12/15 v3.6 Data extraction from label references (HO)
)
(C:\Users\shkub\AppData\Local\Programs\MiKTeX\tex/generic/gettitlestring\gettit
lestring.sty
Package: gettitlestring 2019/12/15 v1.6 Cleanup title references (HO)

(C:\Users\shkub\AppData\Local\Programs\MiKTeX\tex/latex/kvoptions\kvoptions.sty
Package: kvoptions 2022-06-15 v3.15 Key value format for package options (HO)
))
\c@section@level=\count295
)
(C:\Users\shkub\AppData\Local\Programs\MiKTeX\tex/latex/etoolbox\etoolbox.sty
Package: etoolbox 2025/10/02 v2.5m e-TeX tools for LaTeX (JAW)
\etb@tempcnta=\count296
)
(C:\Users\shkub\AppData\Local\Programs\MiKTeX\tex/generic/stringenc\stringenc.s
ty
Package: stringenc 2019/11/29 v1.12 Convert strings between diff. encodings (HO
)
)
\@linkdim=\dimen158
\Hy@linkcounter=\count297
\Hy@pagecounter=\count298
 (C:\Users\shkub\AppData\Local\Programs\MiKTeX\tex/latex/hyperref\pd1enc.def
File: pd1enc.def 2025-07-12 v7.01o Hyperref: PDFDocEncoding definition (HO)
Now handling font encoding PD1 ...
... no UTF-8 mapping file for font encoding PD1
) (C:\Users\shkub\AppData\Local\Programs\MiKTeX\tex/generic/intcalc\intcalc.sty
Package: intcalc 2019/12/15 v1.3 Expandable calculations with integers (HO)
)
\Hy@SavedSpaceFactor=\count299
 (C:\Users\shkub\AppData\Local\Programs\MiKTeX\tex/latex/hyperref\puenc.def
File: puenc.def 2025-07-12 v7.01o Hyperref: PDF Unicode definition (HO)
Now handling font encoding PU ...
... no UTF-8 mapping file for font encoding PU
)
Package hyperref Info: Hyper figures OFF on input line 4195.
Package hyperref Info: Link nesting OFF on input line 4200.
Package hyperref Info: Hyper index ON on input line 4203.
Package hyperref Info: Plain pages OFF on input line 4210.
Package hyperref Info: Backreferencing OFF on input line 4215.
Package hyperref Info: Implicit mode ON; LaTeX internals redefined.
Package hyperref Info: Bookmarks ON on input line 4462.
\c@Hy@tempcnt=\count300

(C:\Users\shkub\AppData\Local\Programs\MiKTeX\tex/latex/url\url.sty
\Urlmuskip=\muskip18
Package: url 2013/09/16  ver 3.4  Verb mode for urls, etc.
)
LaTeX Info: Redefining \url on input line 4801.
\XeTeXLinkMargin=\dimen159

(C:\Users\shkub\AppData\Local\Programs\MiKTeX\tex/generic/bitset\bitset.sty
Package: bitset 2019/12/09 v1.3 Handle bit-vector datatype (HO)

(C:\Users\shkub\AppData\Local\Programs\MiKTeX\tex/generic/bigintcalc\bigintcalc
.sty
Package: bigintcalc 2019/12/15 v1.5 Expandable calculations on big integers (HO
)
))
\Fld@menulength=\count301
\Field@Width=\dimen160
\Fld@charsize=\dimen161
Package hyperref Info: Hyper figures OFF on input line 6078.
Package hyperref Info: Link nesting OFF on input line 6083.
Package hyperref Info: Hyper index ON on input line 6086.
Package hyperref Info: backreferencing OFF on input line 6093.
Package hyperref Info: Link coloring OFF on input line 6098.
Package hyperref Info: Link coloring with OCG OFF on input line 6103.
Package hyperref Info: PDF/A mode OFF on input line 6108.
\Hy@abspage=\count302
\c@Item=\count303
\c@Hfootnote=\count304
)
Package hyperref Info: Driver (autodetected): hpdftex.

(C:\Users\shkub\AppData\Local\Programs\MiKTeX\tex/latex/hyperref\hpdftex.def
File: hpdftex.def 2025-07-12 v7.01o Hyperref driver for pdfTeX
\Fld@listcount=\count305
\c@bookmark@seq@number=\count306

(C:\Users\shkub\AppData\Local\Programs\MiKTeX\tex/latex/rerunfilecheck\rerunfil
echeck.sty
Package: rerunfilecheck 2025-06-21 v1.11 Rerun checks for auxiliary files (HO)

(C:\Users\shkub\AppData\Local\Programs\MiKTeX\tex/generic/uniquecounter\uniquec
ounter.sty
Package: uniquecounter 2019/12/15 v1.4 Provide unlimited unique counter (HO)
)
Package uniquecounter Info: New unique counter `rerunfilecheck' on input line 2
84.
)
\Hy@SectionHShift=\skip57
)
(C:\Users\shkub\AppData\Local\Programs\MiKTeX\tex/latex/booktabs\booktabs.sty
Package: booktabs 2020/01/12 v1.61803398 Publication quality tables
\heavyrulewidth=\dimen162
\lightrulewidth=\dimen163
\cmidrulewidth=\dimen164
\belowrulesep=\dimen165
\belowbottomsep=\dimen166
\aboverulesep=\dimen167
\abovetopsep=\dimen168
\cmidrulesep=\dimen169
\cmidrulekern=\dimen170
\defaultaddspace=\dimen171
\@cmidla=\count307
\@cmidlb=\count308
\@aboverulesep=\dimen172
\@belowrulesep=\dimen173
\@thisruleclass=\count309
\@lastruleclass=\count310
\@thisrulewidth=\dimen174
)
(C:\Users\shkub\AppData\Local\Programs\MiKTeX\tex/latex/graphics\graphicx.sty
Package: graphicx 2024/12/31 v1.2e Enhanced LaTeX Graphics (DPC,SPQR)

(C:\Users\shkub\AppData\Local\Programs\MiKTeX\tex/latex/graphics\graphics.sty
Package: graphics 2024/08/06 v1.4g Standard LaTeX Graphics (DPC,SPQR)

(C:\Users\shkub\AppData\Local\Programs\MiKTeX\tex/latex/graphics\trig.sty
Package: trig 2023/12/02 v1.11 sin cos tan (DPC)
)
(C:\Users\shkub\AppData\Local\Programs\MiKTeX\tex/latex/graphics-cfg\graphics.c
fg
File: graphics.cfg 2016/06/04 v1.11 sample graphics configuration
)
Package graphics Info: Driver file: pdftex.def on input line 106.

(C:\Users\shkub\AppData\Local\Programs\MiKTeX\tex/latex/graphics-def\pdftex.def
File: pdftex.def 2025/09/29 v1.2d Graphics/color driver for pdftex
))
\Gin@req@height=\dimen175
\Gin@req@width=\dimen176
)
\c@theorem=\count311

(C:\Users\shkub\AppData\Local\Programs\MiKTeX\tex/latex/l3backend\l3backend-pdf
tex.def
File: l3backend-pdftex.def 2025-10-09 L3 backend support: PDF output (pdfTeX)
\l__color_backend_stack_int=\count312
)
No file pcf_vquad_paper.aux.
\openout1 = `pcf_vquad_paper.aux'.

LaTeX Font Info:    Checking defaults for OML/cmm/m/it on input line 21.
LaTeX Font Info:    ... okay on input line 21.
LaTeX Font Info:    Checking defaults for OMS/cmsy/m/n on input line 21.
LaTeX Font Info:    ... okay on input line 21.
LaTeX Font Info:    Checking defaults for OT1/cmr/m/n on input line 21.
LaTeX Font Info:    ... okay on input line 21.
LaTeX Font Info:    Checking defaults for T1/cmr/m/n on input line 21.
LaTeX Font Info:    ... okay on input line 21.
LaTeX Font Info:    Checking defaults for TS1/cmr/m/n on input line 21.
LaTeX Font Info:    ... okay on input line 21.
LaTeX Font Info:    Checking defaults for OMX/cmex/m/n on input line 21.
LaTeX Font Info:    ... okay on input line 21.
LaTeX Font Info:    Checking defaults for U/cmr/m/n on input line 21.
LaTeX Font Info:    ... okay on input line 21.
LaTeX Font Info:    Checking defaults for PD1/pdf/m/n on input line 21.
LaTeX Font Info:    ... okay on input line 21.
LaTeX Font Info:    Checking defaults for PU/pdf/m/n on input line 21.
LaTeX Font Info:    ... okay on input line 21.
Package hyperref Info: Link coloring OFF on input line 21.
\@outlinefile=\write3
\openout3 = `pcf_vquad_paper.out'.


(C:\Users\shkub\AppData\Local\Programs\MiKTeX\tex/context/base/mkii\supp-pdf.mk
ii
[Loading MPS to PDF converter (version 2006.09.02).]
\scratchcounter=\count313
\scratchdimen=\dimen177
\scratchbox=\box55
\nofMPsegments=\count314
\nofMParguments=\count315
\everyMPshowfont=\toks29
\MPscratchCnt=\count316
\MPscratchDim=\dimen178
\MPnumerator=\count317
\makeMPintoPDFobject=\count318
\everyMPtoPDFconversion=\toks30
)
(C:\Users\shkub\AppData\Local\Programs\MiKTeX\tex/latex/epstopdf-pkg\epstopdf-b
ase.sty
Package: epstopdf-base 2020-01-24 v2.11 Base part for package epstopdf
Package epstopdf-base Info: Redefining graphics rule for `.eps' on input line 4
85.

(C:\Users\shkub\AppData\Local\Programs\MiKTeX\tex/latex/00miktex\epstopdf-sys.c
fg
File: epstopdf-sys.cfg 2021/03/18 v2.0 Configuration of epstopdf for MiKTeX
))
LaTeX Font Info:    Trying to load font information for U+msa on input line 23.

 (C:\Users\shkub\AppData\Local\Programs\MiKTeX\tex/latex/amsfonts\umsa.fd
File: umsa.fd 2013/01/14 v3.01 AMS symbols A
)
LaTeX Font Info:    Trying to load font information for U+msb on input line 23.


(C:\Users\shkub\AppData\Local\Programs\MiKTeX\tex/latex/amsfonts\umsb.fd
File: umsb.fd 2013/01/14 v3.01 AMS symbols B
)
Overfull \hbox (4.60022pt too wide) in paragraph at lines 41--43
\OT1/cmr/bx/n/10.95 2020 Math-e-mat-ics Sub-ject Clas-si-fi-ca-tion: \OT1/cmr/m
/n/10.95 11A55, 11J70, 11Y60, 33B15. 
 []


LaTeX Warning: Citation `wall1948' on page 1 undefined on input line 55.


LaTeX Warning: Citation `lorentzen2008' on page 1 undefined on input line 55.


LaTeX Warning: Citation `apery1979' on page 1 undefined on input line 56.


LaTeX Warning: Citation `raayoni2021' on page 1 undefined on input line 58.

[1

{C:/Users/shkub/AppData/Local/MiKTeX/fonts/map/pdftex/pdftex.map}]

LaTeX Warning: Reference `sec:log' on page 2 undefined on input line 64.


LaTeX Warning: Reference `sec:pi' on page 2 undefined on input line 67.


LaTeX Warning: Reference `sec:gamma' on page 2 undefined on input line 67.


LaTeX Warning: Reference `thm:gamma' on page 2 undefined on input line 71.


LaTeX Warning: Reference `thm:conj1m0' on page 2 undefined on input line 77.


LaTeX Warning: Reference `thm:conj1m1' on page 2 undefined on input line 77.


LaTeX Warning: Reference `sec:vquad' on page 2 undefined on input line 79.


LaTeX Warning: Citation `ferguson1999' on page 2 undefined on input line 80.


LaTeX Warning: Citation `cuyt2008' on page 2 undefined on input line 93.


Overfull \hbox (47.65672pt too wide) in paragraph at lines 93--97
[]\OT1/cmr/m/n/10.95 By the Gauss con-tin-ued frac-tion for $[][]\OML/cmm/m/it/
10.95 F[]\OT1/cmr/m/n/10.95 (1\OML/cmm/m/it/10.95 ; \OT1/cmr/m/n/10.95 1; 2; \O
ML/cmm/m/it/10.95 z\OT1/cmr/m/n/10.95 )$ [[]], we have $\OML/cmm/m/it/10.95 z=[
][]F[]\OT1/cmr/m/n/10.95 (1\OML/cmm/m/it/10.95 ; \OT1/cmr/m/n/10.95 1; 2; \OML/
cmm/m/it/10.95 z\OT1/cmr/m/n/10.95 ) =
 []

[2]

LaTeX Warning: Reference `thm:conj1m0' on page 3 undefined on input line 183.

[3]

LaTeX Warning: Reference `sec:structural' on page 4 undefined on input line 199
.


Overfull \hbox (7.4529pt too wide) in paragraph at lines 208--213
\OT1/cmr/m/n/10.95 1$ \OT1/cmr/m/it/10.95 are proved un-con-di-tion-ally. As-su
m-ing the ra-tio for-mula $[]\OT1/cmr/m/n/10.95 (\OML/cmm/m/it/10.95 m[]\OT1/cm
r/m/n/10.95 1)\OML/cmm/m/it/10.95 = []\OT1/cmr/m/n/10.95 (\OML/cmm/m/it/10.95 m
\OT1/cmr/m/n/10.95 ) =
 []


Overfull \hbox (40.77646pt too wide) in paragraph at lines 208--213
\OT1/cmr/m/n/10.95 2(\OML/cmm/m/it/10.95 m[]\OT1/cmr/m/n/10.95 1)\OML/cmm/m/it/
10.95 =\OT1/cmr/m/n/10.95 (2\OML/cmm/m/it/10.95 m[]\OT1/cmr/m/n/10.95 1)$ \OT1/
cmr/m/it/10.95 for the re-main-ing pa-ram-e-ters, the PCF with $\OML/cmm/m/it/1
0.95 \OT1/cmr/m/n/10.95 (\OML/cmm/m/it/10.95 n\OT1/cmr/m/n/10.95 ) = \OMS/cmsy
/m/n/10.95 ^^@\OML/cmm/m/it/10.95 n\OT1/cmr/m/n/10.95 (2\OML/cmm/m/it/10.95 n[]
\OT1/cmr/m/n/10.95 2\OML/cmm/m/it/10.95 m[]\OT1/cmr/m/n/10.95 1)$
 []


Overfull \hbox (0.55145pt too wide) in paragraph at lines 219--221
[]\OT1/cmr/m/it/10.95 Step 1: The rais-ing op-er-a-tor. \OT1/cmr/m/n/10.95 De-f
ine $\OML/cmm/m/it/10.95 L\OT1/cmr/m/n/10.95 (\OML/cmm/m/it/10.95 f\OT1/cmr/m/n
/10.95 )[] = (\OML/cmm/m/it/10.95 n[]\OT1/cmr/m/n/10.95 2) \OML/cmm/m/it/10.95 
f[] \OMS/cmsy/m/n/10.95 ^^@ \OT1/cmr/m/n/10.95 (\OML/cmm/m/it/10.95 n[]\OT1/cmr
/m/n/10.95 1)[] \OML/cmm/m/it/10.95 f[]$\OT1/cmr/m/n/10.95 . 
 []


Overfull \hbox (11.13867pt too wide) in paragraph at lines 223--227
[]\OT1/cmr/bx/n/10.95 Lemma 8. \OT1/cmr/m/it/10.95 If $\OML/cmm/m/it/10.95 f$ \
OT1/cmr/m/it/10.95 sat-is-fies the $\OML/cmm/m/it/10.95 m[]\OT1/cmr/m/n/10.95 0
$ \OT1/cmr/m/it/10.95 re-cur-rence $\OML/cmm/m/it/10.95 f[] \OT1/cmr/m/n/10.95 
= (3\OML/cmm/m/it/10.95 n[]\OT1/cmr/m/n/10.95 1)\OML/cmm/m/it/10.95 f[] \OMS/cm
sy/m/n/10.95 ^^@ \OML/cmm/m/it/10.95 n\OT1/cmr/m/n/10.95 (2\OML/cmm/m/it/10.95 
n[]\OT1/cmr/m/n/10.95 1)\OML/cmm/m/it/10.95 f[]$\OT1/cmr/m/it/10.95 ,
 []


Overfull \hbox (0.38934pt too wide) in paragraph at lines 223--227
\OT1/cmr/m/it/10.95 then $\OML/cmm/m/it/10.95 g \OT1/cmr/m/n/10.95 = \OML/cmm/m
/it/10.95 L\OT1/cmr/m/n/10.95 (\OML/cmm/m/it/10.95 f\OT1/cmr/m/n/10.95 )$ \OT1/
cmr/m/it/10.95 sat-is-fies the $\OML/cmm/m/it/10.95 m[]\OT1/cmr/m/n/10.95 1$ \O
T1/cmr/m/it/10.95 re-cur-rence $\OML/cmm/m/it/10.95 g[] \OT1/cmr/m/n/10.95 = (3
\OML/cmm/m/it/10.95 n[]\OT1/cmr/m/n/10.95 1)\OML/cmm/m/it/10.95 g[] \OMS/cmsy/m
/n/10.95 ^^@ \OML/cmm/m/it/10.95 n\OT1/cmr/m/n/10.95 (2\OML/cmm/m/it/10.95 n[]\
OT1/cmr/m/n/10.95 3)\OML/cmm/m/it/10.95 g[]$\OT1/cmr/m/it/10.95 . 
 []


Overfull \hbox (56.75203pt too wide) in paragraph at lines 230--236
\OT1/cmr/m/n/10.95 via the $\OML/cmm/m/it/10.95 m[]\OT1/cmr/m/n/10.95 0$ re-cur
-rence at in-dex $\OML/cmm/m/it/10.95 n[]\OT1/cmr/m/n/10.95 1$ (i.e. $\OML/cmm/
m/it/10.95 f[] \OT1/cmr/m/n/10.95 = [\OML/cmm/m/it/10.95 f[] \OMS/cmsy/m/n/10.9
5 ^^@ \OT1/cmr/m/n/10.95 (3\OML/cmm/m/it/10.95 n[]\OT1/cmr/m/n/10.95 2)\OML/cmm
/m/it/10.95 f[]\OT1/cmr/m/n/10.95 ]\OML/cmm/m/it/10.95 =\OT1/cmr/m/n/10.95 [[](
\OML/cmm/m/it/10.95 n[]\OT1/cmr/m/n/10.95 1)(2\OML/cmm/m/it/10.95 n[]\OT1/cmr/m
/n/10.95 3)]$),
 []

[4]

LaTeX Warning: Citation `wall1948' on page 5 undefined on input line 281.


Overfull \hbox (18.11433pt too wide) in paragraph at lines 279--297
[]$\OT1/cmr/m/n/10.95 . As-sum-ing the ra-tio for-mula $[](\OML/cmm/m/it/10.95 
m[]\OT1/cmr/m/n/10.95 1)\OML/cmm/m/it/10.95 = []\OT1/cmr/m/n/10.95 (\OML/cmm/m/
it/10.95 m\OT1/cmr/m/n/10.95 ) = 2(\OML/cmm/m/it/10.95 m[]\OT1/cmr/m/n/10.95 1)
\OML/cmm/m/it/10.95 =\OT1/cmr/m/n/10.95 (2\OML/cmm/m/it/10.95 m[]\OT1/cmr/m/n/1
0.95 1) =
 []


LaTeX Warning: Reference `thm:pi' on page 5 undefined on input line 303.


LaTeX Warning: Reference `thm:parity' on page 5 undefined on input line 306.

[5] [6]
Overfull \hbox (2.72679pt too wide) in paragraph at lines 410--416
\OT1/cmr/m/n/10.95 fi-cient prob-lem for a con-flu-ent equa-tion, not a di-rect
 $[](\OML/cmm/m/it/10.95 a; q; ; ^^L; ^^M; ^^N\OT1/cmr/m/n/10.95 ; \OML/cmm/m/
it/10.95 z[]\OT1/cmr/m/n/10.95 )$
 []


Overfull \hbox (106.87213pt too wide) in paragraph at lines 417--422
[]\OT1/cmr/m/n/10.95 A 300-digit PSLQ test against the CM ba-sis $\OMS/cmsy/m/n
/10.95 f\OT1/cmr/m/n/10.95 1\OML/cmm/m/it/10.95 ; ^^Y=[]; ^^Y[]=\OT1/cmr/m/n/10
.95 11\OML/cmm/m/it/10.95 ; \OT1/cmr/m/n/10.95 ^^@(1\OML/cmm/m/it/10.95 =\OT1/c
mr/m/n/10.95 11)^^@(2\OML/cmm/m/it/10.95 =\OT1/cmr/m/n/10.95 11)^^@(4\OML/cmm/m
/it/10.95 =\OT1/cmr/m/n/10.95 11)\OML/cmm/m/it/10.95 =\OT1/cmr/m/n/10.95 ^^@(8\
OML/cmm/m/it/10.95 =\OT1/cmr/m/n/10.95 11)\OML/cmm/m/it/10.95 ;$
 []

[7]
Overfull \hbox (133.76944pt too wide) in paragraph at lines 443--455
[]\OT1/cmr/m/n/10.95 We tested the six nat-u-ral val-ues $\OML/cmm/m/it/10.95 F
[] \OMS/cmsy/m/n/10.95 2 f[][]\OML/cmm/m/it/10.95 F[]\OT1/cmr/m/n/10.95 (; 2\OM
L/cmm/m/it/10.95 =\OT1/cmr/m/n/10.95 3\OML/cmm/m/it/10.95 ; \OT1/cmr/m/n/10.95 
4\OML/cmm/m/it/10.95 =\OT1/cmr/m/n/10.95 3; 4\OML/cmm/m/it/10.95 =\OT1/cmr/m/n/
10.95 27)\OML/cmm/m/it/10.95 ; [][]F[]\OT1/cmr/m/n/10.95 (; 1\OML/cmm/m/it/10.9
5 =\OT1/cmr/m/n/10.95 3\OML/cmm/m/it/10.95 ; \OT1/cmr/m/n/10.95 2\OML/cmm/m/it/
10.95 =\OT1/cmr/m/n/10.95 3; 4\OML/cmm/m/it/10.95 =\OT1/cmr/m/n/10.95 27)\OML/c
mm/m/it/10.95 ; [][]F[]\OT1/cmr/m/n/10.95 (; 1\OML/cmm/m/it/10.95 =\OT1/cmr/m/n
/10.95 3\OML/cmm/m/it/10.95 ; \OT1/cmr/m/n/10.95 4\OML/cmm/m/it/10.95 =\OT1/cmr
/m/n/10.95 3; 4\OML/cmm/m/it/10.95 =\OT1/cmr/m/n/10.95 27)\OML/cmm/m/it/10.95 ;
$
 []


Overfull \hbox (10.17007pt too wide) detected at line 463
\OML/cmm/m/it/10.95 y\OT1/cmr/m/n/10.95 (0) = 1\OML/cmm/m/it/10.95 :\OT1/cmr/m/
n/10.95 9425730247794031439 [] \OML/cmm/m/it/10.95 ;  [] \OT1/cmr/m/n/10.95 = \
OMS/cmsy/m/n/10.95 ^^@\OT1/cmr/m/n/10.95 1\OML/cmm/m/it/10.95 :\OT1/cmr/m/n/10.
95 5447358093596754425 [] \OML/cmm/m/it/10.95 ;
 []


LaTeX Warning: Reference `subsec:vquad-heun' on page 8 undefined on input line 
477.


Overfull \hbox (10.23709pt too wide) in paragraph at lines 474--478
\OT1/cmr/m/n/10.95 We next tested whether $\OML/cmm/m/it/10.95 V[]$ \OT1/cmr/m/
n/10.95 be-comes vis-i-ble only af-ter cou-pling the confluent-
 []

[8]
Overfull \hbox (4.24376pt too wide) in paragraph at lines 509--517
\OMS/cmsy/m/n/10.95 f\OML/cmm/m/it/10.95 y\OT1/cmr/m/n/10.95 (0)\OML/cmm/m/it/1
0.95 ; y[]\OT1/cmr/m/n/10.95 (0)\OML/cmm/m/it/10.95 ; y[]\OT1/cmr/m/n/10.95 (0)
\OML/cmm/m/it/10.95 =y\OT1/cmr/m/n/10.95 (0)\OML/cmm/m/it/10.95 ; \OT1/cmr/m/n/
10.95 1\OML/cmm/m/it/10.95 =\OT1/cmr/m/n/10.95 (\OML/cmm/m/it/10.95 y[]\OT1/cmr
/m/n/10.95 (0)\OML/cmm/m/it/10.95 =y\OT1/cmr/m/n/10.95 (0))\OML/cmm/m/it/10.95 
; M[]; M[]; M[]=M[]; M[]=M[]\OMS/cmsy/m/n/10.95 g$\OT1/cmr/m/n/10.95 , and $\OM
L/cmm/m/it/10.95 C$
 []


Overfull \hbox (36.39555pt too wide) in paragraph at lines 509--517
\OT1/cmr/m/n/10.95 over the CM ba-sis $\OMS/cmsy/m/n/10.95 f\OML/cmm/m/it/10.95
 ^^Y=[]; ^^Y[]=\OT1/cmr/m/n/10.95 11\OML/cmm/m/it/10.95 ; \OT1/cmr/m/n/10.95 ^^
@(1\OML/cmm/m/it/10.95 =\OT1/cmr/m/n/10.95 11)^^@(2\OML/cmm/m/it/10.95 =\OT1/cm
r/m/n/10.95 11)^^@(4\OML/cmm/m/it/10.95 =\OT1/cmr/m/n/10.95 11)\OML/cmm/m/it/10
.95 =\OT1/cmr/m/n/10.95 ^^@(8\OML/cmm/m/it/10.95 =\OT1/cmr/m/n/10.95 11)\OML/cm
m/m/it/10.95 ; []; [] \OMS/cmsy/m/n/10.95 j\OML/cmm/m/it/10.95 ^^Q\OT1/cmr/m/n/
10.95 (\OML/cmm/m/it/10.95 ^^\\OT1/cmr/m/n/10.95 )\OMS/cmsy/m/n/10.95 jg$\OT1/c
mr/m/n/10.95 .
 []


Overfull \hbox (7.32945pt too wide) in paragraph at lines 525--528
[]\OT1/cmr/m/n/10.95 For the ex-clu-sion ta-ble: the hard-ened three-basis conf
luent-Heun/Stokes/$\OML/cmm/m/it/10.95 ^^Q$
 []


LaTeX Warning: Citation `apostol1976' on page 9 undefined on input line 534.


LaTeX Warning: Citation `IK2004' on page 9 undefined on input line 534.


Overfull \hbox (5.71349pt too wide) in paragraph at lines 530--539
[][] []\OT1/cmr/m/n/10.95 (\OMS/cmsy/m/n/10.95 ^^@\OT1/cmr/m/n/10.95 2\OML/cmm/
m/it/10.95 ^^Yik ^^R\OT1/cmr/m/n/10.95 (\OML/cmm/m/it/10.95 d; q\OT1/cmr/m/n/10
.95 )) \OML/cmm/m/it/10.95 e[]$\OT1/cmr/m/n/10.95 , where $\OML/cmm/m/it/10.95 
^^R\OT1/cmr/m/n/10.95 (\OML/cmm/m/it/10.95 d; q\OT1/cmr/m/n/10.95 ) = (\OML/cmm
/m/it/10.95 a \OT1/cmr/m/n/10.95 + \OML/cmm/m/it/10.95 d\OT1/cmr/m/n/10.95 )\OM
L/cmm/m/it/10.95 =\OT1/cmr/m/n/10.95 (12\OML/cmm/m/it/10.95 q\OT1/cmr/m/n/10.95
 ) \OMS/cmsy/m/n/10.95 ^^@
 []


Overfull \hbox (4.76727pt too wide) in paragraph at lines 530--539
\OT1/cmr/m/n/10.95 tol [[]] The-o-rem 3.4 (see also Iwaniec--Kowalski [[]] \TS1
/cmr/m/n/10.95 §\OT1/cmr/m/n/10.95 2.8); the sign $[](\OMS/cmsy/m/n/10.95 ^^@\O
T1/cmr/m/n/10.95 2\OML/cmm/m/it/10.95 ^^Yik ^^R\OT1/cmr/m/n/10.95 )$
 []


LaTeX Warning: Reference `thm:gamma' on page 9 undefined on input line 550.


LaTeX Warning: Citation `oeis_A028387' on page 9 undefined on input line 551.

[9] [10] [11] (pcf_vquad_paper.aux)
 ***********
LaTeX2e <2025-11-01>
L3 programming layer <2025-12-24>
 ***********


LaTeX Warning: There were undefined references.


LaTeX Warning: Label(s) may have changed. Rerun to get cross-references right.


Package rerunfilecheck Warning: File `pcf_vquad_paper.out' has changed.
(rerunfilecheck)                Rerun to get outlines right
(rerunfilecheck)                or use package `bookmark'.

Package rerunfilecheck Info: Checksums for `pcf_vquad_paper.out':
(rerunfilecheck)             Before: <no file>
(rerunfilecheck)             After:  4DEE2DCB955E60F948F8DD13A076B234;2298.
 ) 
Here is how much of TeX's memory you used:
 9928 strings out of 467871
 151394 string characters out of 5418376
 563334 words of memory out of 5000000
 38653 multiletter control sequences out of 15000+600000
 639598 words of font info for 86 fonts, out of 8000000 for 9000
 1141 hyphenation exceptions out of 8191
 75i,11n,79p,554b,599s stack positions out of 10000i,1000n,20000p,200000b,200000s
 <C:\Users\shkub\AppData\Local\MiKTeX\fonts/pk/ljfour/jknappen/ec/dpi600\tcrm
1095.pk><C:/Users/shkub/AppData/Local/Programs/MiKTeX/fonts/type1/public/amsfon
ts/cm/cmbx10.pfb><C:/Users/shkub/AppData/Local/Programs/MiKTeX/fonts/type1/publ
ic/amsfonts/cm/cmbx12.pfb><C:/Users/shkub/AppData/Local/Programs/MiKTeX/fonts/t
ype1/public/amsfonts/cm/cmex10.pfb><C:/Users/shkub/AppData/Local/Programs/MiKTe
X/fonts/type1/public/amsfonts/cm/cmmi10.pfb><C:/Users/shkub/AppData/Local/Progr
ams/MiKTeX/fonts/type1/public/amsfonts/cm/cmmi12.pfb><C:/Users/shkub/AppData/Lo
cal/Programs/MiKTeX/fonts/type1/public/amsfonts/cm/cmmi6.pfb><C:/Users/shkub/Ap
pData/Local/Programs/MiKTeX/fonts/type1/public/amsfonts/cm/cmmi7.pfb><C:/Users/
shkub/AppData/Local/Programs/MiKTeX/fonts/type1/public/amsfonts/cm/cmmi8.pfb><C
:/Users/shkub/AppData/Local/Programs/MiKTeX/fonts/type1/public/amsfonts/cm/cmr1
0.pfb><C:/Users/shkub/AppData/Local/Programs/MiKTeX/fonts/type1/public/amsfonts
/cm/cmr12.pfb><C:/Users/shkub/AppData/Local/Programs/MiKTeX/fonts/type1/public/
amsfonts/cm/cmr17.pfb><C:/Users/shkub/AppData/Local/Programs/MiKTeX/fonts/type1
/public/amsfonts/cm/cmr6.pfb><C:/Users/shkub/AppData/Local/Programs/MiKTeX/font
s/type1/public/amsfonts/cm/cmr7.pfb><C:/Users/shkub/AppData/Local/Programs/MiKT
eX/fonts/type1/public/amsfonts/cm/cmr8.pfb><C:/Users/shkub/AppData/Local/Progra
ms/MiKTeX/fonts/type1/public/amsfonts/cm/cmsy10.pfb><C:/Users/shkub/AppData/Loc
al/Programs/MiKTeX/fonts/type1/public/amsfonts/cm/cmsy6.pfb><C:/Users/shkub/App
Data/Local/Programs/MiKTeX/fonts/type1/public/amsfonts/cm/cmsy8.pfb><C:/Users/s
hkub/AppData/Local/Programs/MiKTeX/fonts/type1/public/amsfonts/cm/cmti10.pfb><C
:/Users/shkub/AppData/Local/Programs/MiKTeX/fonts/type1/public/amsfonts/cm/cmtt
10.pfb><C:/Users/shkub/AppData/Local/Programs/MiKTeX/fonts/type1/public/amsfont
s/symbols/msam10.pfb><C:/Users/shkub/AppData/Local/Programs/MiKTeX/fonts/type1/
public/amsfonts/symbols/msbm10.pfb>
Output written on pcf_vquad_paper.pdf (11 pages, 314424 bytes).
PDF statistics:
 211 PDF objects out of 1000 (max. 8388607)
 48 named destinations out of 1000 (max. 500000)
 1 words of extra memory for PDF output out of 10000 (max. 10000000)

